K:\ONBONGIT\BX.DUAL\BX.DUAL.DEMO.CPLUS\BX.DUAL.DEMO.CPLUS\DEMO_SOURCE\PROJECT\RELEASEMT\BXDUALSDKDEMO.EXE
K:\ONBONGIT\BX.DUAL\BX.DUAL.DEMO.CPLUS\BX.DUAL.DEMO.CPLUS\DEMO_SOURCE\PROJECT\RELEASEMT\BXDUALSDKDEMO.EXE.INTERMEDIATE.MANIFEST
K:\ONBONGIT\BX.DUAL\BX.DUAL.DEMO.CPLUS\BX.DUAL.DEMO.CPLUS\DEMO_SOURCE\PROJECT\RELEASEMT\DEMO.OBJ
K:\ONBONGIT\BX.DUAL\BX.DUAL.DEMO.CPLUS\BX.DUAL.DEMO.CPLUS\DEMO_SOURCE\PROJECT\RELEASEMT\LOGMSG.OBJ
K:\ONBONGIT\BX.DUAL\BX.DUAL.DEMO.CPLUS\BX.DUAL.DEMO.CPLUS\DEMO_SOURCE\PROJECT\RELEASEMT\ONBONTEST.OBJ
K:\ONBONGIT\BX.DUAL\BX.DUAL.DEMO.CPLUS\BX.DUAL.DEMO.CPLUS\DEMO_SOURCE\PROJECT\RELEASEMT\STDAFX.OBJ
K:\ONBONGIT\BX.DUAL\BX.DUAL.DEMO.CPLUS\BX.DUAL.DEMO.CPLUS\DEMO_SOURCE\PROJECT\RELEASEMT\VC100.PDB
K:\onbongit\bx.dual\bx.dual.demo.cplus\demo_source\project\ReleaseMT\bxdualsdkdemo.exe
K:\onbongit\bx.dual\bx.dual.demo.cplus\demo_source\project\ReleaseMT\bxdualsdkdemo.exe.intermediate.manifest
K:\onbongit\bx.dual\bx.dual.demo.cplus\demo_source\project\ReleaseMT\cl.command.1.tlog
K:\onbongit\bx.dual\bx.dual.demo.cplus\demo_source\project\ReleaseMT\CL.read.1.tlog
K:\onbongit\bx.dual\bx.dual.demo.cplus\demo_source\project\ReleaseMT\CL.write.1.tlog
K:\onbongit\bx.dual\bx.dual.demo.cplus\demo_source\project\ReleaseMT\demo.obj
K:\onbongit\bx.dual\bx.dual.demo.cplus\demo_source\project\ReleaseMT\link.command.1.tlog
K:\onbongit\bx.dual\bx.dual.demo.cplus\demo_source\project\ReleaseMT\link.read.1.tlog
K:\onbongit\bx.dual\bx.dual.demo.cplus\demo_source\project\ReleaseMT\link.write.1.tlog
K:\onbongit\bx.dual\bx.dual.demo.cplus\demo_source\project\ReleaseMT\logMsg.obj
K:\onbongit\bx.dual\bx.dual.demo.cplus\demo_source\project\ReleaseMT\mt.command.1.tlog
K:\onbongit\bx.dual\bx.dual.demo.cplus\demo_source\project\ReleaseMT\mt.read.1.tlog
K:\onbongit\bx.dual\bx.dual.demo.cplus\demo_source\project\ReleaseMT\mt.write.1.tlog
K:\onbongit\bx.dual\bx.dual.demo.cplus\demo_source\project\ReleaseMT\onbonTest.obj
K:\onbongit\bx.dual\bx.dual.demo.cplus\demo_source\project\ReleaseMT\stdafx.obj
K:\onbongit\bx.dual\bx.dual.demo.cplus\demo_source\project\ReleaseMT\vc100.pdb
