生成启动时间为 2020/2/19 17:25:07。
     1>项目“K:\onbongit\bx.dual\bx.dual.demo.cplus\bx.dual.demo.cplus\demo_source\project\bxdualsdkdemo.vcxproj”在节点 2 上(Rebuild 个目标)。
     1>正在使用工具版本“14.0”进行生成。
     1>来自项目“K:\onbongit\bx.dual\bx.dual.demo.cplus\bx.dual.demo.cplus\demo_source\project\bxdualsdkdemo.vcxproj”的文件“C:\Program Files (x86)\MSBuild\14.0\bin\Microsoft.Common.CurrentVersion.targets”中的目标“_CheckForInvalidConfigurationAndPlatform”(入口点):
       由于 false 条件，已跳过任务“Error”；( '$(_InvalidConfigurationError)' == 'true' )计算为( '' == 'true' )。
       由于 false 条件，已跳过任务“Warning”；( '$(_InvalidConfigurationWarning)' == 'true' )计算为( '' == 'true' )。
       正在使用程序集“Microsoft.Build.Tasks.Core, Version=14.0.0.0, Culture=neutral, PublicKeyToken=b03f5f7f11d50a3a”中的“Message”任务。
       任务“Message”
         Configuration=DebugMT
       已完成执行任务“Message”的操作。
       任务“Message”
         Platform=Win32
       已完成执行任务“Message”的操作。
       由于 false 条件，已跳过任务“Error”；('$(OutDir)' != '' and !HasTrailingSlash('$(OutDir)'))计算为('K:\onbongit\bx.dual\bx.dual.demo.cplus\bx.dual.demo.cplus\demo_source\project\DebugMT\' != '' and !HasTrailingSlash('K:\onbongit\bx.dual\bx.dual.demo.cplus\bx.dual.demo.cplus\demo_source\project\DebugMT\'))。
       由于 false 条件，已跳过任务“Error”；('$(BaseIntermediateOutputPath)' != '' and !HasTrailingSlash('$(BaseIntermediateOutputPath)'))计算为('obj\' != '' and !HasTrailingSlash('obj\'))。
       由于 false 条件，已跳过任务“Error”；('$(IntermediateOutputPath)' != '' and !HasTrailingSlash('$(IntermediateOutputPath)'))计算为('DebugMT\' != '' and !HasTrailingSlash('DebugMT\'))。
     1>已完成在项目“bxdualsdkdemo.vcxproj”中生成目标“_CheckForInvalidConfigurationAndPlatform”的操作。
     1>来自项目“K:\onbongit\bx.dual\bx.dual.demo.cplus\bx.dual.demo.cplus\demo_source\project\bxdualsdkdemo.vcxproj”的文件“C:\Program Files (x86)\MSBuild\Microsoft.Cpp\v4.0\Microsoft.CppBuild.targets”中的目标“_DetermineManagedStateFromCL”(目标“Rebuild”依赖于它):
     1>已完成在项目“bxdualsdkdemo.vcxproj”中生成目标“_DetermineManagedStateFromCL”的操作。
     1>来自项目“K:\onbongit\bx.dual\bx.dual.demo.cplus\bx.dual.demo.cplus\demo_source\project\bxdualsdkdemo.vcxproj”的文件“C:\Program Files (x86)\MSBuild\Microsoft.Cpp\v4.0\Microsoft.BuildSteps.Targets”中的目标“_PrepareForRebuild”(目标“Rebuild”依赖于它):
     1>已完成在项目“bxdualsdkdemo.vcxproj”中生成目标“_PrepareForRebuild”的操作。
     1>来自项目“K:\onbongit\bx.dual\bx.dual.demo.cplus\bx.dual.demo.cplus\demo_source\project\bxdualsdkdemo.vcxproj”的文件“C:\Program Files (x86)\MSBuild\14.0\bin\Microsoft.Common.CurrentVersion.targets”中的目标“BeforeRebuild”(目标“Rebuild”依赖于它):
     1>已完成在项目“bxdualsdkdemo.vcxproj”中生成目标“BeforeRebuild”的操作。
     1>来自项目“K:\onbongit\bx.dual\bx.dual.demo.cplus\bx.dual.demo.cplus\demo_source\project\bxdualsdkdemo.vcxproj”的文件“C:\Program Files (x86)\MSBuild\Microsoft.Cpp\v4.0\Microsoft.BuildSteps.Targets”中的目标“_PrepareForClean”(目标“Clean”依赖于它):
       由于 false 条件，已跳过任务“Delete”；(Exists($(LastBuildState)))计算为(Exists(DebugMT\bxdualsdkdemo.lastbuildstate))。
     1>已完成在项目“bxdualsdkdemo.vcxproj”中生成目标“_PrepareForClean”的操作。
     1>来自项目“K:\onbongit\bx.dual\bx.dual.demo.cplus\bx.dual.demo.cplus\demo_source\project\bxdualsdkdemo.vcxproj”的文件“C:\Program Files (x86)\MSBuild\14.0\bin\Microsoft.Common.CurrentVersion.targets”中的目标“BeforeClean”(目标“Clean”依赖于它):
     1>已完成在项目“bxdualsdkdemo.vcxproj”中生成目标“BeforeClean”的操作。
       由于条件的计算结果为 false，已跳过目标“UnmanagedUnregistration”；((('$(_AssemblyTimestampBeforeCompile)' != '$(_AssemblyTimestampAfterCompile)' or '$(RegisterForComInterop)' != 'true' or '$(OutputType)' != 'library') or
                           ('$(_AssemblyTimestampBeforeCompile)' == '')) and
                          Exists('@(_UnmanagedRegistrationCache)'))的计算结果为((('' != '' or '' != 'true' or 'exe' != 'library') or
                           ('' == '')) and
                          Exists('obj\bxdualsdkdemo.vcxproj.UnmanagedRegistration.cache'))。
     1>来自项目“K:\onbongit\bx.dual\bx.dual.demo.cplus\bx.dual.demo.cplus\demo_source\project\bxdualsdkdemo.vcxproj”的文件“C:\Program Files (x86)\MSBuild\14.0\bin\Microsoft.Common.CurrentVersion.targets”中的目标“CoreClean”(目标“Clean”依赖于它):
       正在使用程序集“Microsoft.Build.Tasks.Core, Version=14.0.0.0, Culture=neutral, PublicKeyToken=b03f5f7f11d50a3a”中的“Delete”任务。
       任务“Delete”
         文件“DebugMT\\TempCA\bxdualsdkdemo.pdb”不存在。正在跳过。
         文件“DebugMT\\TempCA\bxdualsdkdemo.exe”不存在。正在跳过。
       已完成执行任务“Delete”的操作。
       正在使用程序集“Microsoft.Build.Tasks.Core, Version=14.0.0.0, Culture=neutral, PublicKeyToken=b03f5f7f11d50a3a”中的“ReadLinesFromFile”任务。
       任务“ReadLinesFromFile”
       已完成执行任务“ReadLinesFromFile”的操作。
       正在使用程序集“Microsoft.Build.Tasks.Core, Version=14.0.0.0, Culture=neutral, PublicKeyToken=b03f5f7f11d50a3a”中的“FindUnderPath”任务。
       任务“FindUnderPath”
         比较路径为“K:\onbongit\bx.dual\bx.dual.demo.cplus\bx.dual.demo.cplus\demo_source\project\DebugMT\”。
       已完成执行任务“FindUnderPath”的操作。
       任务“FindUnderPath”
         比较路径为“DebugMT\”。
       已完成执行任务“FindUnderPath”的操作。
       任务“Delete”
       已完成执行任务“Delete”的操作。
       正在使用程序集“Microsoft.Build.Tasks.Core, Version=14.0.0.0, Culture=neutral, PublicKeyToken=b03f5f7f11d50a3a”中的“RemoveDuplicates”任务。
       任务“RemoveDuplicates”
       已完成执行任务“RemoveDuplicates”的操作。
       正在使用程序集“Microsoft.Build.Tasks.Core, Version=14.0.0.0, Culture=neutral, PublicKeyToken=b03f5f7f11d50a3a”中的“MakeDir”任务。
       任务“MakeDir”
       已完成执行任务“MakeDir”的操作。
       正在使用程序集“Microsoft.Build.Tasks.Core, Version=14.0.0.0, Culture=neutral, PublicKeyToken=b03f5f7f11d50a3a”中的“WriteLinesToFile”任务。
       任务“WriteLinesToFile”
       已完成执行任务“WriteLinesToFile”的操作。
     1>已完成在项目“bxdualsdkdemo.vcxproj”中生成目标“CoreClean”的操作。
     1>来自项目“K:\onbongit\bx.dual\bx.dual.demo.cplus\bx.dual.demo.cplus\demo_source\project\bxdualsdkdemo.vcxproj”的文件“C:\Program Files (x86)\MSBuild\14.0\bin\Microsoft.Common.CurrentVersion.targets”中的目标“AssignProjectConfiguration”(目标“CleanReferencedProjects”依赖于它):
       正在使用程序集“Microsoft.Build.Tasks.Core, Version=14.0.0.0, Culture=neutral, PublicKeyToken=b03f5f7f11d50a3a”中的“AssignProjectConfiguration”任务。
       任务“AssignProjectConfiguration”
       已完成执行任务“AssignProjectConfiguration”的操作。
     1>已完成在项目“bxdualsdkdemo.vcxproj”中生成目标“AssignProjectConfiguration”的操作。
     1>来自项目“K:\onbongit\bx.dual\bx.dual.demo.cplus\bx.dual.demo.cplus\demo_source\project\bxdualsdkdemo.vcxproj”的文件“C:\Program Files (x86)\MSBuild\14.0\bin\Microsoft.Common.CurrentVersion.targets”中的目标“_SplitProjectReferencesByFileExistence”(目标“CleanReferencedProjects”依赖于它):
       由于 false 条件，已跳过任务“ResolveNonMSBuildProjectOutput”；('$(BuildingInsideVisualStudio)'=='true' and '@(ProjectReferenceWithConfiguration)'!='')计算为('true'=='true' and ''!='')。
     1>已完成在项目“bxdualsdkdemo.vcxproj”中生成目标“_SplitProjectReferencesByFileExistence”的操作。
     1>来自项目“K:\onbongit\bx.dual\bx.dual.demo.cplus\bx.dual.demo.cplus\demo_source\project\bxdualsdkdemo.vcxproj”的文件“C:\Program Files (x86)\MSBuild\14.0\bin\Microsoft.Common.CurrentVersion.targets”中的目标“CleanReferencedProjects”(目标“Clean”依赖于它):
       由于 false 条件，已跳过任务“MSBuild”；('$(BuildingInsideVisualStudio)' != 'true' and '$(BuildProjectReferences)' == 'true' and '@(_MSBuildProjectReferenceExistent)' != '')计算为('true' != 'true' and 'true' == 'true' and '' != '')。
     1>已完成在项目“bxdualsdkdemo.vcxproj”中生成目标“CleanReferencedProjects”的操作。
     1>来自项目“K:\onbongit\bx.dual\bx.dual.demo.cplus\bx.dual.demo.cplus\demo_source\project\bxdualsdkdemo.vcxproj”的文件“C:\Program Files (x86)\MSBuild\14.0\bin\Microsoft.Common.CurrentVersion.targets”中的目标“CleanPublishFolder”(目标“Clean”依赖于它):
       由于 false 条件，已跳过任务“RemoveDir”；('$(PublishDir)'=='$(OutputPath)app.publish\' and Exists('$(PublishDir)'))计算为('K:\onbongit\bx.dual\bx.dual.demo.cplus\bx.dual.demo.cplus\demo_source\project\DebugMT\app.publish\'=='K:\onbongit\bx.dual\bx.dual.demo.cplus\bx.dual.demo.cplus\demo_source\project\DebugMT\app.publish\' and Exists('K:\onbongit\bx.dual\bx.dual.demo.cplus\bx.dual.demo.cplus\demo_source\project\DebugMT\app.publish\'))。
     1>已完成在项目“bxdualsdkdemo.vcxproj”中生成目标“CleanPublishFolder”的操作。
     1>来自项目“K:\onbongit\bx.dual\bx.dual.demo.cplus\bx.dual.demo.cplus\demo_source\project\bxdualsdkdemo.vcxproj”的文件“C:\Program Files (x86)\MSBuild\14.0\bin\Microsoft.Common.CurrentVersion.targets”中的目标“AfterClean”(目标“Clean”依赖于它):
     1>已完成在项目“bxdualsdkdemo.vcxproj”中生成目标“AfterClean”的操作。
       由于条件的计算结果为 false，已跳过目标“EntityClean”；('@(EntityDeploy)' != '')的计算结果为('' != '')。
     1>来自项目“K:\onbongit\bx.dual\bx.dual.demo.cplus\bx.dual.demo.cplus\demo_source\project\bxdualsdkdemo.vcxproj”的文件“C:\Program Files (x86)\MSBuild\Microsoft.Cpp\v4.0\Microsoft.CppClean.targets”中的目标“BeforeCppClean”(目标“CppClean”依赖于它):
     1>已完成在项目“bxdualsdkdemo.vcxproj”中生成目标“BeforeCppClean”的操作。
     1>来自项目“K:\onbongit\bx.dual\bx.dual.demo.cplus\bx.dual.demo.cplus\demo_source\project\bxdualsdkdemo.vcxproj”的文件“C:\Program Files (x86)\MSBuild\Microsoft.Cpp\v4.0\Microsoft.CppClean.targets”中的目标“CoreCppClean”(目标“CppClean”依赖于它):
       任务“MakeDir”
       已完成执行任务“MakeDir”的操作。
       正在使用程序集“Microsoft.Build.CppTasks.Common, Version=4.0.0.0, Culture=neutral, PublicKeyToken=b03f5f7f11d50a3a”中的“CppClean”任务。
       任务“CppClean”
       已完成执行任务“CppClean”的操作。
       任务“WriteLinesToFile”
       已完成执行任务“WriteLinesToFile”的操作。
     1>已完成在项目“bxdualsdkdemo.vcxproj”中生成目标“CoreCppClean”的操作。
     1>来自项目“K:\onbongit\bx.dual\bx.dual.demo.cplus\bx.dual.demo.cplus\demo_source\project\bxdualsdkdemo.vcxproj”的文件“C:\Program Files (x86)\MSBuild\Microsoft.Cpp\v4.0\Microsoft.CppClean.targets”中的目标“AfterCppClean”(目标“CppClean”依赖于它):
     1>已完成在项目“bxdualsdkdemo.vcxproj”中生成目标“AfterCppClean”的操作。
     1>来自项目“K:\onbongit\bx.dual\bx.dual.demo.cplus\bx.dual.demo.cplus\demo_source\project\bxdualsdkdemo.vcxproj”的文件“C:\Program Files (x86)\MSBuild\Microsoft.Cpp\v4.0\Microsoft.CppClean.targets”中的目标“PGInstrumentedClean”(目标“CppClean”依赖于它):
       任务“Delete”
       已完成执行任务“Delete”的操作。
     1>已完成在项目“bxdualsdkdemo.vcxproj”中生成目标“PGInstrumentedClean”的操作。
     1>来自项目“K:\onbongit\bx.dual\bx.dual.demo.cplus\bx.dual.demo.cplus\demo_source\project\bxdualsdkdemo.vcxproj”的文件“C:\Program Files (x86)\MSBuild\Microsoft.Cpp\v4.0\Microsoft.CppClean.targets”中的目标“CppClean”(目标“Clean”依赖于它):
     1>已完成在项目“bxdualsdkdemo.vcxproj”中生成目标“CppClean”的操作。
     1>来自项目“K:\onbongit\bx.dual\bx.dual.demo.cplus\bx.dual.demo.cplus\demo_source\project\bxdualsdkdemo.vcxproj”的文件“C:\Program Files (x86)\MSBuild\14.0\bin\Microsoft.Common.CurrentVersion.targets”中的目标“Clean”(目标“Rebuild”依赖于它):
     1>已完成在项目“bxdualsdkdemo.vcxproj”中生成目标“Clean”的操作。
       已跳过目标“_DetermineManagedStateFromCL”。以前的生成已成功。
     1>来自项目“K:\onbongit\bx.dual\bx.dual.demo.cplus\bx.dual.demo.cplus\demo_source\project\bxdualsdkdemo.vcxproj”的文件“C:\Program Files (x86)\MSBuild\Microsoft.Cpp\v4.0\Microsoft.BuildSteps.Targets”中的目标“_PrepareForBuild”(目标“Build”依赖于它):
     1>已完成在项目“bxdualsdkdemo.vcxproj”中生成目标“_PrepareForBuild”的操作。
     1>来自项目“K:\onbongit\bx.dual\bx.dual.demo.cplus\bx.dual.demo.cplus\demo_source\project\bxdualsdkdemo.vcxproj”的文件“C:\Program Files (x86)\MSBuild\Microsoft.Cpp\v4.0\Microsoft.cpp.targets”中的目标“SetBuildDefaultEnvironmentVariables”(目标“Build”依赖于它):
       正在使用程序集“Microsoft.Build.CppTasks.Common, Version=4.0.0.0, Culture=neutral, PublicKeyToken=b03f5f7f11d50a3a”中的“SetEnv”任务。
       任务“SetEnv”
         PATH=C:\Program Files (x86)\Microsoft Visual Studio 10.0\VC\bin;C:\Program Files (x86)\Microsoft SDKs\Windows\v7.0A\bin\NETFX 4.0 Tools;C:\Program Files (x86)\Microsoft SDKs\Windows\v7.0A\bin;C:\Program Files (x86)\Microsoft Visual Studio 10.0\Common7\Tools\bin;C:\Program Files (x86)\Microsoft Visual Studio 10.0\Common7\tools;C:\Program Files (x86)\Microsoft Visual Studio 10.0\Common7\ide;C:\Program Files (x86)\HTML Help Workshop;C:\Program Files (x86)\Microsoft SDKs\Windows\v7.0A\\bin;C:\Program Files (x86)\MSBuild\14.0\bin\;C:\Program Files (x86)\Microsoft Visual Studio 10.0\;C:\WINDOWS\SysWow64;;C:\Program Files (x86)\Microsoft Visual Studio 14.0\Common7\IDE\CommonExtensions\Microsoft\TeamFoundation\Team Explorer\NativeBinaries\x86;C:\Python27\;C:\Python27\Scripts;C:\oraclexe\app\oracle\product\11.2.0\server\bin;C:\app\jqb\product\11.2.0\client_1\bin;C:\Program Files (x86)\Intel\iCLS Client\;C:\Program Files\Intel\iCLS Client\;C:\WINDOWS\system32;C:\WINDOWS;C:\WINDOWS\System32\Wbem;C:\WINDOWS\System32\WindowsPowerShell\v1.0\;C:\Program Files (x86)\Intel\Intel(R) Management Engine Components\DAL;C:\Program Files\Intel\Intel(R) Management Engine Components\DAL;C:\Program Files (x86)\Intel\Intel(R) Management Engine Components\IPT;C:\Program Files\Intel\Intel(R) Management Engine Components\IPT;C:\Users\jqb\.dnx\bin;C:\Program Files\Microsoft DNX\Dnvm\;C:\Program Files\Microsoft SQL Server\120\Tools\Binn\;C:\Program Files\Microsoft SQL Server\130\Tools\Binn\;C:\Program Files\TortoiseSVN\bin;C:\Program Files (x86)\VisualSVN\bin;C:\Program Files\VisualSVN Server\bin;C:\WINDOWS\System32\OpenSSH\;I:\开发工具\Debuggers_\Debuggers;C:\;rogram Files\dotnet\;C:\Program Files\Microsoft SQL Server\Client SDK\ODBC\170\Tools\Binn\;C:\Program Files (x86)\IncrediBuild;C:\Program Files (x86)\Microsoft SQL Server\100\Tools\Binn\;C:\Program Files\Microsoft SQL Server\100\Tools\Binn\;C:\Program Files\Microsoft SQL Server\100\DTS\Binn\;C:\Program Files\Java\jdk-12.0.1\bin;C:\Program Files\TortoiseGit\bin;C:\Program Files\Git\cmd;C:\Program Files\PuTTY\;C:\Program Files\nodejs\;C:\ProgramData\chocolatey\bin;C:\Users\jqb\AppData\Local\Microsoft\WindowsApps;C:\Users\jqb\AppData\Local\Programs\Microsoft VS Code\bin;C:\Program Files (x86)\Microsoft Visual Studio 10.0\Common7\IDE;C:\Program Files (x86)\Microsoft Visual Studio 10.0\VC\bin;C:\Program Files (x86)\Microsoft SDKs\Windows\v7.1A\Include;C:\Users\jqb\AppData\Roaming\npm;;C:\Windows\Microsoft.NET\Framework\v4.0.30319\
       已完成执行任务“SetEnv”的操作。
       由于 false 条件，已跳过任务“SetEnv”；('$(_IsNativeEnvironment)' == 'true')计算为('' == 'true')。
       任务“SetEnv”
         LIB=C:\Program Files (x86)\Microsoft Visual Studio 10.0\VC\lib;C:\Program Files (x86)\Microsoft Visual Studio 10.0\VC\atlmfc\lib;C:\Program Files (x86)\Microsoft SDKs\Windows\v7.0A\lib;C:\Program Files (x86)\Microsoft SDKs\Windows\v7.0A\\lib
       已完成执行任务“SetEnv”的操作。
       任务“SetEnv”
         LIBPATH=C:\Program Files (x86)\Microsoft Visual Studio 10.0\VC\atlmfc\lib;C:\Program Files (x86)\Microsoft Visual Studio 10.0\VC\lib
       已完成执行任务“SetEnv”的操作。
       任务“SetEnv”
         INCLUDE=C:\Program Files (x86)\Microsoft Visual Studio 10.0\VC\include;C:\Program Files (x86)\Microsoft Visual Studio 10.0\VC\atlmfc\include;C:\Program Files (x86)\Microsoft SDKs\Windows\v7.0A\include;C:\Program Files (x86)\Microsoft SDKs\Windows\v7.0A\\include;
       已完成执行任务“SetEnv”的操作。
     1>已完成在项目“bxdualsdkdemo.vcxproj”中生成目标“SetBuildDefaultEnvironmentVariables”的操作。
       由于条件的计算结果为 false，已跳过目标“SetUserMacroEnvironmentVariables”；('@(BuildMacro)' != '')的计算结果为('' != '')。
     1>来自项目“K:\onbongit\bx.dual\bx.dual.demo.cplus\bx.dual.demo.cplus\demo_source\project\bxdualsdkdemo.vcxproj”的文件“C:\Program Files (x86)\MSBuild\Microsoft.Cpp\v4.0\V140\Microsoft.Cpp.Redirect.Common.targets”中的目标“_PrepareForAssemblyReferenceResolution”(目标“ResolveReferences”依赖于它):
     1>已完成在项目“bxdualsdkdemo.vcxproj”中生成目标“_PrepareForAssemblyReferenceResolution”的操作。
     1>来自项目“K:\onbongit\bx.dual\bx.dual.demo.cplus\bx.dual.demo.cplus\demo_source\project\bxdualsdkdemo.vcxproj”的文件“C:\Program Files (x86)\MSBuild\14.0\bin\Microsoft.Common.CurrentVersion.targets”中的目标“BeforeResolveReferences”(目标“ResolveReferences”依赖于它):
     1>已完成在项目“bxdualsdkdemo.vcxproj”中生成目标“BeforeResolveReferences”的操作。
       已跳过目标“AssignProjectConfiguration”。以前的生成已成功。
       已跳过目标“AssignProjectConfiguration”。以前的生成已成功。
       已跳过目标“_SplitProjectReferencesByFileExistence”。以前的生成已成功。
       由于条件的计算结果为 false，已跳过目标“_RemoveNameMetadataFromProjectReferenceItems”；('@(ProjectReference)'!='')的计算结果为(''!='')。
     1>来自项目“K:\onbongit\bx.dual\bx.dual.demo.cplus\bx.dual.demo.cplus\demo_source\project\bxdualsdkdemo.vcxproj”的文件“C:\Program Files (x86)\MSBuild\14.0\bin\Microsoft.Common.CurrentVersion.targets”中的目标“ResolveProjectReferences”(目标“ResolveReferences”依赖于它):
       由于 false 条件，已跳过任务“MSBuild”；('%(_MSBuildProjectReferenceExistent.BuildReference)' == 'true' and '@(ProjectReferenceWithConfiguration)' != '' and ('$(BuildingInsideVisualStudio)' == 'true' or '$(BuildProjectReferences)' != 'true') and '$(VisualStudioVersion)' != '10.0' and '@(_MSBuildProjectReferenceExistent)' != '')计算为('' == 'true' and '' != '' and ('true' == 'true' or 'true' != 'true') and '14.0' != '10.0' and '' != '')。
       由于 false 条件，已跳过任务“MSBuild”；('%(_MSBuildProjectReferenceExistent.BuildReference)' == 'true' and '@(ProjectReferenceWithConfiguration)' != '' and ('$(BuildingInsideVisualStudio)' == 'true' or '$(BuildProjectReferences)' != 'true') and '$(VisualStudioVersion)' == '10.0' and '@(_MSBuildProjectReferenceExistent)' != '')计算为('' == 'true' and '' != '' and ('true' == 'true' or 'true' != 'true') and '14.0' == '10.0' and '' != '')。
       由于 false 条件，已跳过任务“MSBuild”；('%(_MSBuildProjectReferenceExistent.BuildReference)' == 'true' and '@(ProjectReferenceWithConfiguration)' != '' and '$(BuildingInsideVisualStudio)' != 'true' and '$(BuildProjectReferences)' == 'true' and '@(_MSBuildProjectReferenceExistent)' != '')计算为('' == 'true' and '' != '' and 'true' != 'true' and 'true' == 'true' and '' != '')。
       由于 false 条件，已跳过任务“MSBuild”；('%(_MSBuildProjectReferenceExistent.BuildReference)' == 'true' and '@(ProjectReferenceWithConfiguration)' != '' and '$(BuildingProject)' == 'true' and '@(_MSBuildProjectReferenceExistent)' != '')计算为('' == 'true' and '' != '' and 'true' == 'true' and '' != '')。
       由于 false 条件，已跳过任务“Warning”；('@(ProjectReferenceWithConfiguration)' != '' and '@(_MSBuildProjectReferenceNonexistent)' != '')计算为('' != '' and '' != '')。
     1>已完成在项目“bxdualsdkdemo.vcxproj”中生成目标“ResolveProjectReferences”的操作。
       由于条件的计算结果为 false，已跳过目标“FindInvalidProjectReferences”；('$(FindInvalidProjectReferences)' == 'true')的计算结果为('' == 'true')。
       由于条件的计算结果为 false，已跳过目标“ResolveNativeReferences”；('@(NativeReference)'!='')的计算结果为(''!='')。
       已跳过目标“_PrepareForAssemblyReferenceResolution”。以前的生成已成功。
     1>来自项目“K:\onbongit\bx.dual\bx.dual.demo.cplus\bx.dual.demo.cplus\demo_source\project\bxdualsdkdemo.vcxproj”的文件“C:\Program Files (x86)\MSBuild\14.0\bin\Microsoft.NetFramework.CurrentVersion.targets”中的目标“GetFrameworkPaths”(目标“ResolveAssemblyReferences”依赖于它):
     1>已完成在项目“bxdualsdkdemo.vcxproj”中生成目标“GetFrameworkPaths”的操作。
       由于条件的计算结果为 false，已跳过目标“GetWinFXPath”；(('@(Page)' != '' or '@(ApplicationDefinition)' != '' or '@(Resource)' != '') and ('$(GetWinFXNativePath)' != '' or '$(GetWinFXWoWPath)' != '' ))的计算结果为(('' != '' or '' != '' or '' != '') and ('' != '' or '' != '' ))。
     1>来自项目“K:\onbongit\bx.dual\bx.dual.demo.cplus\bx.dual.demo.cplus\demo_source\project\bxdualsdkdemo.vcxproj”的文件“C:\Program Files (x86)\MSBuild\14.0\bin\Microsoft.Common.CurrentVersion.targets”中的目标“GetReferenceAssemblyPaths”(目标“ResolveAssemblyReferences”依赖于它):
       由于 false 条件，已跳过任务“GetReferenceAssemblyPaths”；('$(TargetFrameworkMoniker)' != '' and ('$(_TargetFrameworkDirectories)' == '' or '$(_FullFrameworkReferenceAssemblyPaths)' == ''))计算为('' != '' and ('C:\Program Files (x86)\Reference Assemblies\Microsoft\Framework\.NETFramework\v4.0' == '' or 'C:\Program Files (x86)\Reference Assemblies\Microsoft\Framework\.NETFramework\v4.0' == ''))。
     1>已完成在项目“bxdualsdkdemo.vcxproj”中生成目标“GetReferenceAssemblyPaths”的操作。
     1>来自项目“K:\onbongit\bx.dual\bx.dual.demo.cplus\bx.dual.demo.cplus\demo_source\project\bxdualsdkdemo.vcxproj”的文件“C:\Program Files (x86)\MSBuild\Microsoft.Cpp\v4.0\Platforms\Win32\Microsoft.Cpp.Win32.Targets”中的目标“PlatformPrepareForBuild”(目标“PrepareForBuild”依赖于它):
       由于 false 条件，已跳过任务“VCMessage”；(!(exists('$(VCTargetsPath)\Platforms\Win32\PlatformToolsets\$(PlatformToolset)\Microsoft.Cpp.Win32.$(PlatformToolset).targets')))计算为(!(exists('C:\Program Files (x86)\MSBuild\Microsoft.Cpp\v4.0\\Platforms\Win32\PlatformToolsets\v100\Microsoft.Cpp.Win32.v100.targets')))。
     1>已完成在项目“bxdualsdkdemo.vcxproj”中生成目标“PlatformPrepareForBuild”的操作。
       已跳过目标“GetFrameworkPaths”。以前的生成已成功。
       已跳过目标“GetReferenceAssemblyPaths”。以前的生成已成功。
       由于条件的计算结果为 false，已跳过目标“AssignLinkMetadata”；( '$(SynthesizeLinkMetadata)' == 'true' )的计算结果为( '' == 'true' )。
     1>来自项目“K:\onbongit\bx.dual\bx.dual.demo.cplus\bx.dual.demo.cplus\demo_source\project\bxdualsdkdemo.vcxproj”的文件“C:\Program Files (x86)\MSBuild\Microsoft\VisualStudio\v14.0\CodeAnalysis\Microsoft.CodeAnalysis.targets”中的目标“SetCABuildNativeEnvironmentVariables”(目标“PrepareForBuild”依赖于它):
       正在从程序集“C:\Program Files (x86)\MSBuild\14.0\bin\Microsoft.Build.Tasks.Core.dll”初始化任务工厂“CodeTaskFactory”。
       正在使用来自任务工厂“Code Task Factory”的“SetEnvironmentVariable”任务。
       任务“SetEnvironmentVariable”
       已完成执行任务“SetEnvironmentVariable”的操作。
     1>已完成在项目“bxdualsdkdemo.vcxproj”中生成目标“SetCABuildNativeEnvironmentVariables”的操作。
     1>来自项目“K:\onbongit\bx.dual\bx.dual.demo.cplus\bx.dual.demo.cplus\demo_source\project\bxdualsdkdemo.vcxproj”的文件“C:\Program Files (x86)\MSBuild\Microsoft.Cpp\v4.0\Microsoft.CppBuild.targets”中的目标“PrepareForBuild”(目标“ResolveAssemblyReferences”依赖于它):
       由于 false 条件，已跳过任务“VCMessage”；('$(DesignTimeBuild)'!='true' and '$(ConfigurationPlatformExists)' != 'true')计算为(''!='true' and 'true' != 'true')。
       任务“MakeDir”
       已完成执行任务“MakeDir”的操作。
       由于 false 条件，已跳过任务“VCMessage”；('$(DesignTimeBuild)'!='true' and '$(VCInstallDir)'=='' and '$(UseEnv)' != 'true' and ($(TargetFrameworkVersion)=='v3.5' or $(TargetFrameworkVersion)=='v3.0' or $(TargetFrameworkVersion)=='v2.0' ))计算为(''!='true' and 'C:\Program Files (x86)\Microsoft Visual Studio 10.0\VC\'=='' and '' != 'true' and (v4.0=='v3.5' or v4.0=='v3.0' or v4.0=='v2.0' ))。
       由于 false 条件，已跳过任务“VCMessage”；('$(DesignTimeBuild)'!='true' and '$(VCInstallDir)'=='' and '$(UseEnv)' != 'true' and '$(PlatformToolset)'=='v90')计算为(''!='true' and 'C:\Program Files (x86)\Microsoft Visual Studio 10.0\VC\'=='' and '' != 'true' and 'v100'=='v90')。
       由于 false 条件，已跳过任务“VCMessage”；('$(VCInstallDir)'=='' and '$(UseEnv)' != 'true')计算为('C:\Program Files (x86)\Microsoft Visual Studio 10.0\VC\'=='' and '' != 'true')。
       由于 false 条件，已跳过任务“VCMessage”；('$(WindowsSDKDir)'=='' and '$(UseEnv)' != 'true')计算为('C:\Program Files (x86)\Microsoft SDKs\Windows\v7.0A\'=='' and '' != 'true')。
       由于 false 条件，已跳过任务“VCMessage”；('$(IntDirTrailingSlashWarning)'=='true')计算为(''=='true')。
       由于 false 条件，已跳过任务“VCMessage”；('$(OutDirTrailingSlashWarning)'=='true')计算为(''=='true')。
       任务“MakeDir”
       已完成执行任务“MakeDir”的操作。
     1>已完成在项目“bxdualsdkdemo.vcxproj”中生成目标“PrepareForBuild”的操作。
       已跳过目标“_PrepareForAssemblyReferenceResolution”。以前的生成已成功。
     1>来自项目“K:\onbongit\bx.dual\bx.dual.demo.cplus\bx.dual.demo.cplus\demo_source\project\bxdualsdkdemo.vcxproj”的文件“C:\Program Files (x86)\MSBuild\14.0\bin\Microsoft.Common.CurrentVersion.targets”中的目标“GetInstalledSDKLocations”(目标“ResolveSDKReferences”依赖于它):
       由于 false 条件，已跳过任务“GetInstalledSDKLocations”；('@(SDKReference)' != '')计算为('' != '')。
       由于 false 条件，已跳过任务“GetInstalledSDKLocations”；('@(SDKReference)' != '' and '$(SupportWindows81SDKs)' == 'true' and '$(TargetPlatformIdentifierWindows81)' != '' and '$(TargetPlatformVersionWindows81)' != '')计算为('' != '' and '' == 'true' and '' != '' and '' != '')。
       由于 false 条件，已跳过任务“GetInstalledSDKLocations”；('@(SDKReference)' != '' and '$(SupportWindowsPhone81SDKs)' == 'true' and '$(TargetPlatformIdentifierWindowsPhone81)' != '' and '$(TargetPlatformVersionWindowsPhone81)' != '')计算为('' != '' and '' == 'true' and '' != '' and '' != '')。
     1>已完成在项目“bxdualsdkdemo.vcxproj”中生成目标“GetInstalledSDKLocations”的操作。
     1>来自项目“K:\onbongit\bx.dual\bx.dual.demo.cplus\bx.dual.demo.cplus\demo_source\project\bxdualsdkdemo.vcxproj”的文件“C:\Program Files (x86)\MSBuild\14.0\Microsoft.Common.targets\ImportBefore\Windows.8.1.UT_SDKReference.props”中的目标“ModifyUnitTestPlatformVersion”(目标“ResolveSDKReferences”依赖于它):
     1>已完成在项目“bxdualsdkdemo.vcxproj”中生成目标“ModifyUnitTestPlatformVersion”的操作。
     1>来自项目“K:\onbongit\bx.dual\bx.dual.demo.cplus\bx.dual.demo.cplus\demo_source\project\bxdualsdkdemo.vcxproj”的文件“C:\Program Files (x86)\MSBuild\14.0\bin\Microsoft.Common.CurrentVersion.targets”中的目标“ResolveSDKReferences”(目标“ResolveAssemblyReferences”依赖于它):
       由于 false 条件，已跳过任务“ResolveSDKReference”；('@(SDKReference)'!='')计算为(''!='')。
     1>已完成在项目“bxdualsdkdemo.vcxproj”中生成目标“ResolveSDKReferences”的操作。
       已跳过目标“ResolveSDKReferences”。以前的生成已成功。
     1>来自项目“K:\onbongit\bx.dual\bx.dual.demo.cplus\bx.dual.demo.cplus\demo_source\project\bxdualsdkdemo.vcxproj”的文件“C:\Program Files (x86)\MSBuild\14.0\bin\Microsoft.Common.CurrentVersion.targets”中的目标“ExpandSDKReferences”(目标“ResolveAssemblyReferences”依赖于它):
       由于 false 条件，已跳过任务“GetSDKReferenceFiles”；('@(ResolvedSDKReference)'!='')计算为(''!='')。
     1>已完成在项目“bxdualsdkdemo.vcxproj”中生成目标“ExpandSDKReferences”的操作。
       由于条件的计算结果为 false，已跳过目标“ResolveNuGetPackageAssets”；('$(ResolveNuGetPackages)' == 'true' and exists('$(ProjectLockFile)'))的计算结果为('true' == 'true' and exists('project.lock.json'))。
       由于条件的计算结果为 false，已跳过目标“FakesGenerateBeforeBuild”；(@(Fakes) != '' AND $(BuildingProject))的计算结果为( != '' AND true)。
     1>来自项目“K:\onbongit\bx.dual\bx.dual.demo.cplus\bx.dual.demo.cplus\demo_source\project\bxdualsdkdemo.vcxproj”的文件“C:\Program Files (x86)\MSBuild\14.0\bin\Microsoft.Common.CurrentVersion.targets”中的目标“ResolveAssemblyReferences”(目标“ResolveReferences”依赖于它):
       由于 false 条件，已跳过任务“ResolveAssemblyReference”；('@(Reference)'!='' or '@(_ResolvedProjectReferencePaths)'!='' or '@(_ExplicitReference)' != '')计算为(''!='' or ''!='' or '' != '')。
     1>已完成在项目“bxdualsdkdemo.vcxproj”中生成目标“ResolveAssemblyReferences”的操作。
       由于条件的计算结果为 false，已跳过目标“GenerateBindingRedirects”；('$(AutoGenerateBindingRedirects)' == 'true' and '$(GenerateBindingRedirectsOutputType)' == 'true')的计算结果为('' == 'true' and 'true' == 'true')。
       由于条件的计算结果为 false，已跳过目标“GenerateBindingRedirectsUpdateAppConfig”；('$(AutoGenerateBindingRedirects)' == 'true' and '$(GenerateBindingRedirectsOutputType)' == 'true' and Exists('$(_GenerateBindingRedirectsIntermediateAppConfig)'))的计算结果为('' == 'true' and 'true' == 'true' and Exists('DebugMT\bxdualsdkdemo.vcxproj.bxdualsdkdemo.exe.config'))。
       由于条件的计算结果为 false，已跳过目标“ResolveComReferences”；('@(COMReference)'!='' or '@(COMFileReference)'!='')的计算结果为(''!='' or ''!='')。
     1>来自项目“K:\onbongit\bx.dual\bx.dual.demo.cplus\bx.dual.demo.cplus\demo_source\project\bxdualsdkdemo.vcxproj”的文件“C:\Program Files (x86)\MSBuild\14.0\bin\Microsoft.Common.CurrentVersion.targets”中的目标“AfterResolveReferences”(目标“ResolveReferences”依赖于它):
     1>已完成在项目“bxdualsdkdemo.vcxproj”中生成目标“AfterResolveReferences”的操作。
       由于条件的计算结果为 false，已跳过目标“ImplicitlyExpandDesignTimeFacades”；('$(ImplicitlyExpandDesignTimeFacades)' == 'true')的计算结果为('' == 'true')。
       由于条件的计算结果为 false，已跳过目标“ResolveTestReferences”；('@(Shadow)'!='')的计算结果为(''!='')。
     1>来自项目“K:\onbongit\bx.dual\bx.dual.demo.cplus\bx.dual.demo.cplus\demo_source\project\bxdualsdkdemo.vcxproj”的文件“C:\Program Files (x86)\MSBuild\14.0\bin\Microsoft.Common.CurrentVersion.targets”中的目标“ResolveReferences”(目标“Build”依赖于它):
     1>已完成在项目“bxdualsdkdemo.vcxproj”中生成目标“ResolveReferences”的操作。
       已跳过目标“PrepareForBuild”。以前的生成已成功。
       已跳过目标“PrepareForBuild”。以前的生成已成功。
     1>来自项目“K:\onbongit\bx.dual\bx.dual.demo.cplus\bx.dual.demo.cplus\demo_source\project\bxdualsdkdemo.vcxproj”的文件“C:\Program Files (x86)\MSBuild\Microsoft.Cpp\v4.0\Microsoft.CppBuild.targets”中的目标“InitializeBuildStatus”(目标“Build”依赖于它):
       任务“ReadLinesFromFile”
       已完成执行任务“ReadLinesFromFile”的操作。
       任务“WriteLinesToFile”
       已完成执行任务“WriteLinesToFile”的操作。
       正在使用程序集“Microsoft.Build.Tasks.Core, Version=14.0.0.0, Culture=neutral, PublicKeyToken=b03f5f7f11d50a3a”中的“Touch”任务。
       任务“Touch”
         正在对“DebugMT\bxdualsdkdemo.unsuccessfulbuild”执行 Touch 任务。
       已完成执行任务“Touch”的操作。
     1>已完成在项目“bxdualsdkdemo.vcxproj”中生成目标“InitializeBuildStatus”的操作。
       已跳过目标“AssignProjectConfiguration”。以前的生成已成功。
       已跳过目标“_SplitProjectReferencesByFileExistence”。以前的生成已成功。
     1>来自项目“K:\onbongit\bx.dual\bx.dual.demo.cplus\bx.dual.demo.cplus\demo_source\project\bxdualsdkdemo.vcxproj”的文件“C:\Program Files (x86)\MSBuild\14.0\bin\Microsoft.Common.CurrentVersion.targets”中的目标“BuildGenerateSourcesTraverse”(目标“BuildGenerateSources”依赖于它):
       由于 false 条件，已跳过任务“MSBuild”；('$(BuildPassReferences)' == 'true' and '@(ProjectReferenceWithConfiguration)' != '' and '@(_MSBuildProjectReferenceExistent)' != '' and '%(_MSBuildProjectReferenceExistent.BuildReference)' == 'true')计算为('' == 'true' and '' != '' and '' != '' and '' == 'true')。
     1>已完成在项目“bxdualsdkdemo.vcxproj”中生成目标“BuildGenerateSourcesTraverse”的操作。
       已跳过目标“SetBuildDefaultEnvironmentVariables”。以前的生成已成功。
       由于条件的计算结果为 false，已跳过目标“SetUserMacroEnvironmentVariables”；('@(BuildMacro)' != '')的计算结果为('' != '')。
       已跳过目标“PrepareForBuild”。以前的生成已成功。
       已跳过目标“ResolveReferences”。以前的生成已成功。
     1>来自项目“K:\onbongit\bx.dual\bx.dual.demo.cplus\bx.dual.demo.cplus\demo_source\project\bxdualsdkdemo.vcxproj”的文件“C:\Program Files (x86)\MSBuild\Microsoft.Cpp\v4.0\Microsoft.BuildSteps.Targets”中的目标“BeforeBuildGenerateSources”(目标“BuildGenerateSources”依赖于它):
     1>已完成在项目“bxdualsdkdemo.vcxproj”中生成目标“BeforeBuildGenerateSources”的操作。
     1>来自项目“K:\onbongit\bx.dual\bx.dual.demo.cplus\bx.dual.demo.cplus\demo_source\project\bxdualsdkdemo.vcxproj”的文件“C:\Program Files (x86)\MSBuild\Microsoft.Cpp\v4.0\Microsoft.CppCommon.targets”中的目标“PreBuildEvent”(目标“BuildGenerateSources”依赖于它):
       由于 false 条件，已跳过任务“Message”；('%(PreBuildEvent.Message)' != '' and '%(PreBuildEvent.Command)' != '')计算为('' != '' and '' != '')。
       由于 false 条件，已跳过任务“Exec”；('%(PreBuildEvent.Command)' != '')计算为('' != '')。
     1>已完成在项目“bxdualsdkdemo.vcxproj”中生成目标“PreBuildEvent”的操作。
       由于条件的计算结果为 false，已跳过目标“CustomBuild”；('@(CustomBuild)' != '')的计算结果为('' != '')。
     1>来自项目“K:\onbongit\bx.dual\bx.dual.demo.cplus\bx.dual.demo.cplus\demo_source\project\bxdualsdkdemo.vcxproj”的文件“C:\Program Files (x86)\MSBuild\Microsoft.Cpp\v4.0\Microsoft.CppBuild.targets”中的目标“_GenerateXMLData”(目标“BuildGenerateSources”依赖于它):
     1>已完成在项目“bxdualsdkdemo.vcxproj”中生成目标“_GenerateXMLData”的操作。
     1>来自项目“K:\onbongit\bx.dual\bx.dual.demo.cplus\bx.dual.demo.cplus\demo_source\project\bxdualsdkdemo.vcxproj”的文件“C:\Program Files (x86)\MSBuild\Microsoft.Cpp\v4.0\Microsoft.CppBuild.targets”中的目标“_GenerateWebServiceProxy”(目标“BuildGenerateSources”依赖于它):
     1>已完成在项目“bxdualsdkdemo.vcxproj”中生成目标“_GenerateWebServiceProxy”的操作。
       由于条件的计算结果为 false，已跳过目标“Xsd”；('@(Xsd)' != '')的计算结果为('' != '')。
     1>来自项目“K:\onbongit\bx.dual\bx.dual.demo.cplus\bx.dual.demo.cplus\demo_source\project\bxdualsdkdemo.vcxproj”的文件“C:\Program Files (x86)\MSBuild\Microsoft.Cpp\v4.0\Microsoft.CppBuild.targets”中的目标“_Xsd”(目标“BuildGenerateSources”依赖于它):
     1>已完成在项目“bxdualsdkdemo.vcxproj”中生成目标“_Xsd”的操作。
     1>来自项目“K:\onbongit\bx.dual\bx.dual.demo.cplus\bx.dual.demo.cplus\demo_source\project\bxdualsdkdemo.vcxproj”的文件“C:\Program Files (x86)\MSBuild\Microsoft.Cpp\v4.0\Microsoft.CppBuild.targets”中的目标“MakeDirsForMidl”(目标“_Midl”依赖于它):
       任务“Makedir”
       已完成执行任务“Makedir”的操作。
     1>已完成在项目“bxdualsdkdemo.vcxproj”中生成目标“MakeDirsForMidl”的操作。
       由于条件的计算结果为 false，已跳过目标“Midl”；('@(Midl)' != '')的计算结果为('' != '')。
       由于条件的计算结果为 false，已跳过目标“CustomBuild”；('@(CustomBuild)' != '')的计算结果为('' != '')。
     1>来自项目“K:\onbongit\bx.dual\bx.dual.demo.cplus\bx.dual.demo.cplus\demo_source\project\bxdualsdkdemo.vcxproj”的文件“C:\Program Files (x86)\MSBuild\Microsoft.Cpp\v4.0\Microsoft.CppBuild.targets”中的目标“ComputeMIDLGeneratedCompileInputs”(目标“_Midl”依赖于它):
     1>已完成在项目“bxdualsdkdemo.vcxproj”中生成目标“ComputeMIDLGeneratedCompileInputs”的操作。
     1>来自项目“K:\onbongit\bx.dual\bx.dual.demo.cplus\bx.dual.demo.cplus\demo_source\project\bxdualsdkdemo.vcxproj”的文件“C:\Program Files (x86)\MSBuild\Microsoft.Cpp\v4.0\Microsoft.CppBuild.targets”中的目标“AfterMidl”(目标“_Midl”依赖于它):
     1>已完成在项目“bxdualsdkdemo.vcxproj”中生成目标“AfterMidl”的操作。
     1>来自项目“K:\onbongit\bx.dual\bx.dual.demo.cplus\bx.dual.demo.cplus\demo_source\project\bxdualsdkdemo.vcxproj”的文件“C:\Program Files (x86)\MSBuild\Microsoft.Cpp\v4.0\Microsoft.CppBuild.targets”中的目标“_Midl”(目标“BuildGenerateSources”依赖于它):
     1>已完成在项目“bxdualsdkdemo.vcxproj”中生成目标“_Midl”的操作。
     1>来自项目“K:\onbongit\bx.dual\bx.dual.demo.cplus\bx.dual.demo.cplus\demo_source\project\bxdualsdkdemo.vcxproj”的文件“C:\Program Files (x86)\MSBuild\Microsoft.Cpp\v4.0\Microsoft.BuildSteps.Targets”中的目标“AfterBuildGenerateSources”(目标“BuildGenerateSources”依赖于它):
     1>已完成在项目“bxdualsdkdemo.vcxproj”中生成目标“AfterBuildGenerateSources”的操作。
     1>来自项目“K:\onbongit\bx.dual\bx.dual.demo.cplus\bx.dual.demo.cplus\demo_source\project\bxdualsdkdemo.vcxproj”的文件“C:\Program Files (x86)\MSBuild\Microsoft.Cpp\v4.0\Microsoft.CppBuild.targets”中的目标“AfterBuildGenerateSourcesEvent”(目标“BuildGenerateSources”依赖于它):
     1>已完成在项目“bxdualsdkdemo.vcxproj”中生成目标“AfterBuildGenerateSourcesEvent”的操作。
     1>来自项目“K:\onbongit\bx.dual\bx.dual.demo.cplus\bx.dual.demo.cplus\demo_source\project\bxdualsdkdemo.vcxproj”的文件“C:\Program Files (x86)\MSBuild\14.0\bin\Microsoft.Common.CurrentVersion.targets”中的目标“BuildGenerateSources”(目标“Build”依赖于它):
     1>已完成在项目“bxdualsdkdemo.vcxproj”中生成目标“BuildGenerateSources”的操作。
       已跳过目标“AssignProjectConfiguration”。以前的生成已成功。
       已跳过目标“_SplitProjectReferencesByFileExistence”。以前的生成已成功。
     1>来自项目“K:\onbongit\bx.dual\bx.dual.demo.cplus\bx.dual.demo.cplus\demo_source\project\bxdualsdkdemo.vcxproj”的文件“C:\Program Files (x86)\MSBuild\14.0\bin\Microsoft.Common.CurrentVersion.targets”中的目标“BuildCompileTraverse”(目标“BuildCompile”依赖于它):
       由于 false 条件，已跳过任务“MSBuild”；('$(BuildPassReferences)' == 'true' and '@(ProjectReferenceWithConfiguration)' != '' and '@(_MSBuildProjectReferenceExistent)' != ''  and '%(_MSBuildProjectReferenceExistent.BuildReference)' == 'true')计算为('' == 'true' and '' != '' and '' != ''  and '' == 'true')。
     1>已完成在项目“bxdualsdkdemo.vcxproj”中生成目标“BuildCompileTraverse”的操作。
       已跳过目标“SetBuildDefaultEnvironmentVariables”。以前的生成已成功。
       由于条件的计算结果为 false，已跳过目标“SetUserMacroEnvironmentVariables”；('@(BuildMacro)' != '')的计算结果为('' != '')。
       已跳过目标“PrepareForBuild”。以前的生成已成功。
       已跳过目标“ResolveReferences”。以前的生成已成功。
     1>来自项目“K:\onbongit\bx.dual\bx.dual.demo.cplus\bx.dual.demo.cplus\demo_source\project\bxdualsdkdemo.vcxproj”的文件“C:\Program Files (x86)\MSBuild\Microsoft.Cpp\v4.0\Microsoft.CppBuild.targets”中的目标“BeforeClCompile”(目标“_ClCompile”依赖于它):
     1>已完成在项目“bxdualsdkdemo.vcxproj”中生成目标“BeforeClCompile”的操作。
       已跳过目标“ComputeMIDLGeneratedCompileInputs”。以前的生成已成功。
     1>来自项目“K:\onbongit\bx.dual\bx.dual.demo.cplus\bx.dual.demo.cplus\demo_source\project\bxdualsdkdemo.vcxproj”的文件“C:\Program Files (x86)\MSBuild\Microsoft.Cpp\v4.0\Microsoft.CppBuild.targets”中的目标“ComputeCLInputPDBName”(目标“_ClCompile”依赖于它):
     1>已完成在项目“bxdualsdkdemo.vcxproj”中生成目标“ComputeCLInputPDBName”的操作。
       已跳过目标“ResolveReferences”。以前的生成已成功。
     1>来自项目“K:\onbongit\bx.dual\bx.dual.demo.cplus\bx.dual.demo.cplus\demo_source\project\bxdualsdkdemo.vcxproj”的文件“C:\Program Files (x86)\MSBuild\Microsoft.Cpp\v4.0\V140\Microsoft.Cpp.Redirect.Common.targets”中的目标“ComputeReferenceCLInput”(目标“_ClCompile”依赖于它):
       由于 false 条件，已跳过任务“WriteLinesToFile”；(('@(_ReferenceCopyLocalPaths)'!='') and '$(DesignTimeBuild)' != 'true')计算为((''!='') and '' != 'true')。
       由于 false 条件，已跳过任务“Message”；('$(_REFERENCE_DEBUG)'=='true' and '%(ClCompile.CompileAsManaged)' != 'false' and '%(ClCompile.CompileAsManaged)' != '')计算为(''=='true' and '' != 'false' and '' != '')。
     1>已完成在项目“bxdualsdkdemo.vcxproj”中生成目标“ComputeReferenceCLInput”的操作。
     1>来自项目“K:\onbongit\bx.dual\bx.dual.demo.cplus\bx.dual.demo.cplus\demo_source\project\bxdualsdkdemo.vcxproj”的文件“C:\Program Files (x86)\MSBuild\Microsoft.Cpp\v4.0\Microsoft.CppBuild.targets”中的目标“MakeDirsForCl”(目标“_ClCompile”依赖于它):
       任务“MakeDir”
       已完成执行任务“MakeDir”的操作。
     1>已完成在项目“bxdualsdkdemo.vcxproj”中生成目标“MakeDirsForCl”的操作。
       已跳过目标“PrepareForBuild”。以前的生成已成功。
       已跳过目标“SetBuildDefaultEnvironmentVariables”。以前的生成已成功。
       由于条件的计算结果为 false，已跳过目标“SetUserMacroEnvironmentVariables”；('@(BuildMacro)' != '')的计算结果为('' != '')。
     1>来自项目“K:\onbongit\bx.dual\bx.dual.demo.cplus\bx.dual.demo.cplus\demo_source\project\bxdualsdkdemo.vcxproj”的文件“C:\Program Files (x86)\MSBuild\Microsoft.Cpp\v4.0\Microsoft.CppBuild.targets”中的目标“_SelectedFiles”(目标“SelectClCompile”依赖于它):
     1>已完成在项目“bxdualsdkdemo.vcxproj”中生成目标“_SelectedFiles”的操作。
       已跳过目标“ComputeMIDLGeneratedCompileInputs”。以前的生成已成功。
       已跳过目标“ComputeCLInputPDBName”。以前的生成已成功。
       已跳过目标“ComputeReferenceCLInput”。以前的生成已成功。
       已跳过目标“_SelectedFiles”。以前的生成已成功。
     1>来自项目“K:\onbongit\bx.dual\bx.dual.demo.cplus\bx.dual.demo.cplus\demo_source\project\bxdualsdkdemo.vcxproj”的文件“C:\Program Files (x86)\MSBuild\Microsoft.Cpp\v4.0\Microsoft.CppBuild.targets”中的目标“SelectCustomBuild”(目标“SelectClCompile”依赖于它):
     1>已完成在项目“bxdualsdkdemo.vcxproj”中生成目标“SelectCustomBuild”的操作。
     1>来自项目“K:\onbongit\bx.dual\bx.dual.demo.cplus\bx.dual.demo.cplus\demo_source\project\bxdualsdkdemo.vcxproj”的文件“C:\Program Files (x86)\MSBuild\Microsoft.Cpp\v4.0\Microsoft.CppBuild.targets”中的目标“SelectClCompile”(目标“ClCompile”依赖于它):
     1>已完成在项目“bxdualsdkdemo.vcxproj”中生成目标“SelectClCompile”的操作。
       由于条件的计算结果为 false，已跳过目标“GenerateTargetFrameworkMonikerAttribute”；('$(GenerateTargetFrameworkAttribute)' == 'true')的计算结果为('false' == 'true')。
     1>来自项目“K:\onbongit\bx.dual\bx.dual.demo.cplus\bx.dual.demo.cplus\demo_source\project\bxdualsdkdemo.vcxproj”的文件“C:\Program Files (x86)\MSBuild\Microsoft.Cpp\v4.0\Platforms\Win32\Microsoft.Cpp.Win32.Targets”中的目标“ClCompile”(目标“_ClCompile”依赖于它):
       任务“Delete”
       已完成执行任务“Delete”的操作。
       由于 false 条件，已跳过任务“CL”；('%(ClCompile.PrecompiledHeader)' == 'Create' and '%(ClCompile.ExcludedFromBuild)'!='true')计算为('NotUsing' == 'Create' and ''!='true')。
       正在使用程序集“Microsoft.Build.CppTasks.Win32, Version=4.0.0.0, Culture=neutral, PublicKeyToken=b03f5f7f11d50a3a”中的“CL”任务。
       任务“CL”
         传递给工具的环境变量为:
           VS_UNICODE_OUTPUT=2212
         C:\Program Files (x86)\Microsoft Visual Studio 10.0\VC\bin\CL.exe /c /Zi /nologo /W1 /WX- /O2 /Oy- /Gm- /EHsc /MD /GS /fp:precise /Zc:wchar_t /Zc:forScope /Fo"DebugMT\\" /Fd"DebugMT\vc100.pdb" /Gd /TP /analyze- /errorReport:prompt onbonTest.cpp demo.cpp logMsg.cpp stdafx.cpp
         跟踪命令:
         C:\Program Files (x86)\Microsoft SDKs\Windows\v7.0A\bin\NETFX 4.0 Tools\Tracker.exe /d C:\Windows\Microsoft.NET\Framework\v4.0.30319\FileTracker.dll /i K:\onbongit\bx.dual\bx.dual.demo.cplus\bx.dual.demo.cplus\demo_source\project\DebugMT /r "K:\ONBONGIT\BX.DUAL\BX.DUAL.DEMO.CPLUS\BX.DUAL.DEMO.CPLUS\DEMO_SOURCE\PROJECT\DEMO.CPP|K:\ONBONGIT\BX.DUAL\BX.DUAL.DEMO.CPLUS\BX.DUAL.DEMO.CPLUS\DEMO_SOURCE\PROJECT\LOGMSG.CPP|K:\ONBONGIT\BX.DUAL\BX.DUAL.DEMO.CPLUS\BX.DUAL.DEMO.CPLUS\DEMO_SOURCE\PROJECT\ONBONTEST.CPP|K:\ONBONGIT\BX.DUAL\BX.DUAL.DEMO.CPLUS\BX.DUAL.DEMO.CPLUS\DEMO_SOURCE\PROJECT\STDAFX.CPP" /b MSBuildConsole_CancelEvent29bbd7ec335743099edce8fc3fa36329  /c "C:\Program Files (x86)\Microsoft Visual Studio 10.0\VC\bin\CL.exe"  /c /Zi /nologo /W1 /WX- /O2 /Oy- /Gm- /EHsc /MD /GS /fp:precise /Zc:wchar_t /Zc:forScope /Fo"DebugMT\\" /Fd"DebugMT\vc100.pdb" /Gd /TP /analyze- /errorReport:prompt onbonTest.cpp demo.cpp logMsg.cpp stdafx.cpp
         onbonTest.cpp
     1>onbonTest.cpp(650): warning C4482: 使用了非标准扩展: 限定名中使用了枚举“E_Color_G56”
     1>onbonTest.cpp(979): warning C4482: 使用了非标准扩展: 限定名中使用了枚举“E_ScreenColor_G56”
     1>onbonTest.cpp(1710): warning C4482: 使用了非标准扩展: 限定名中使用了枚举“E_ScreenColor_G56”
     1>onbonTest.cpp(2375): warning C4482: 使用了非标准扩展: 限定名中使用了枚举“E_ScreenColor_G56”
     1>onbonTest.cpp(2512): warning C4482: 使用了非标准扩展: 限定名中使用了枚举“E_ScreenColor_G56”
     1>onbonTest.cpp(2720): warning C4482: 使用了非标准扩展: 限定名中使用了枚举“E_ScreenColor_G56”
         demo.cpp
         logMsg.cpp
         stdafx.cpp
         正在生成代码...
       已完成执行任务“CL”的操作。
     1>已完成在项目“bxdualsdkdemo.vcxproj”中生成目标“ClCompile”的操作。
     1>来自项目“K:\onbongit\bx.dual\bx.dual.demo.cplus\bx.dual.demo.cplus\demo_source\project\bxdualsdkdemo.vcxproj”的文件“C:\Program Files (x86)\MSBuild\Microsoft.Cpp\v4.0\Microsoft.CppBuild.targets”中的目标“AfterClCompile”(目标“_ClCompile”依赖于它):
     1>已完成在项目“bxdualsdkdemo.vcxproj”中生成目标“AfterClCompile”的操作。
     1>来自项目“K:\onbongit\bx.dual\bx.dual.demo.cplus\bx.dual.demo.cplus\demo_source\project\bxdualsdkdemo.vcxproj”的文件“C:\Program Files (x86)\MSBuild\Microsoft.Cpp\v4.0\Microsoft.CppBuild.targets”中的目标“_ClCompile”(目标“BuildCompile”依赖于它):
     1>已完成在项目“bxdualsdkdemo.vcxproj”中生成目标“_ClCompile”的操作。
       由于条件的计算结果为 false，已跳过目标“_ResGen”；('@(EmbeddedResource)'!='')的计算结果为(''!='')。
     1>来自项目“K:\onbongit\bx.dual\bx.dual.demo.cplus\bx.dual.demo.cplus\demo_source\project\bxdualsdkdemo.vcxproj”的文件“C:\Program Files (x86)\MSBuild\Microsoft.Cpp\v4.0\Microsoft.CppBuild.targets”中的目标“BeforeResourceCompile”(目标“_ResourceCompile”依赖于它):
     1>已完成在项目“bxdualsdkdemo.vcxproj”中生成目标“BeforeResourceCompile”的操作。
     1>来自项目“K:\onbongit\bx.dual\bx.dual.demo.cplus\bx.dual.demo.cplus\demo_source\project\bxdualsdkdemo.vcxproj”的文件“C:\Program Files (x86)\MSBuild\Microsoft.Cpp\v4.0\Microsoft.CppBuild.targets”中的目标“MakeDirsForResourceCompile”(目标“_ResourceCompile”依赖于它):
       任务“MakeDir”
       已完成执行任务“MakeDir”的操作。
     1>已完成在项目“bxdualsdkdemo.vcxproj”中生成目标“MakeDirsForResourceCompile”的操作。
       由于条件的计算结果为 false，已跳过目标“ResourceCompile”；('@(ResourceCompile)' != '')的计算结果为('' != '')。
     1>来自项目“K:\onbongit\bx.dual\bx.dual.demo.cplus\bx.dual.demo.cplus\demo_source\project\bxdualsdkdemo.vcxproj”的文件“C:\Program Files (x86)\MSBuild\Microsoft.Cpp\v4.0\Microsoft.CppBuild.targets”中的目标“AfterResourceCompile”(目标“_ResourceCompile”依赖于它):
     1>已完成在项目“bxdualsdkdemo.vcxproj”中生成目标“AfterResourceCompile”的操作。
     1>来自项目“K:\onbongit\bx.dual\bx.dual.demo.cplus\bx.dual.demo.cplus\demo_source\project\bxdualsdkdemo.vcxproj”的文件“C:\Program Files (x86)\MSBuild\Microsoft.Cpp\v4.0\Microsoft.CppBuild.targets”中的目标“_ResourceCompile”(目标“BuildCompile”依赖于它):
     1>已完成在项目“bxdualsdkdemo.vcxproj”中生成目标“_ResourceCompile”的操作。
       由于条件的计算结果为 false，已跳过目标“_ImpLib”；('$(ImpLibCompiled)' == 'true')的计算结果为('' == 'true')。
       由于条件的计算结果为 false，已跳过目标“_Lib”；('$(LibCompiled)' == 'true')的计算结果为('' == 'true')。
     1>来自项目“K:\onbongit\bx.dual\bx.dual.demo.cplus\bx.dual.demo.cplus\demo_source\project\bxdualsdkdemo.vcxproj”的文件“C:\Program Files (x86)\MSBuild\Microsoft.Cpp\v4.0\Microsoft.CppBuild.targets”中的目标“AfterBuildCompileEvent”(目标“BuildCompile”依赖于它):
     1>已完成在项目“bxdualsdkdemo.vcxproj”中生成目标“AfterBuildCompileEvent”的操作。
     1>来自项目“K:\onbongit\bx.dual\bx.dual.demo.cplus\bx.dual.demo.cplus\demo_source\project\bxdualsdkdemo.vcxproj”的文件“C:\Program Files (x86)\MSBuild\14.0\bin\Microsoft.Common.CurrentVersion.targets”中的目标“BuildCompile”(目标“Build”依赖于它):
     1>已完成在项目“bxdualsdkdemo.vcxproj”中生成目标“BuildCompile”的操作。
       已跳过目标“AssignProjectConfiguration”。以前的生成已成功。
       已跳过目标“_SplitProjectReferencesByFileExistence”。以前的生成已成功。
     1>来自项目“K:\onbongit\bx.dual\bx.dual.demo.cplus\bx.dual.demo.cplus\demo_source\project\bxdualsdkdemo.vcxproj”的文件“C:\Program Files (x86)\MSBuild\14.0\bin\Microsoft.Common.CurrentVersion.targets”中的目标“BuildLinkTraverse”(目标“BuildLink”依赖于它):
       由于 false 条件，已跳过任务“MSBuild”；('$(BuildPassReferences)' == 'true' and '@(ProjectReferenceWithConfiguration)' != '' and '@(_MSBuildProjectReferenceExistent)' != ''  and '%(_MSBuildProjectReferenceExistent.BuildReference)' == 'true')计算为('' == 'true' and '' != '' and '' != ''  and '' == 'true')。
     1>已完成在项目“bxdualsdkdemo.vcxproj”中生成目标“BuildLinkTraverse”的操作。
       已跳过目标“SetBuildDefaultEnvironmentVariables”。以前的生成已成功。
       由于条件的计算结果为 false，已跳过目标“SetUserMacroEnvironmentVariables”；('@(BuildMacro)' != '')的计算结果为('' != '')。
       已跳过目标“PrepareForBuild”。以前的生成已成功。
       已跳过目标“ResolveReferences”。以前的生成已成功。
     1>来自项目“K:\onbongit\bx.dual\bx.dual.demo.cplus\bx.dual.demo.cplus\demo_source\project\bxdualsdkdemo.vcxproj”的文件“C:\Program Files (x86)\MSBuild\Microsoft.Cpp\v4.0\Microsoft.CppBuild.targets”中的目标“BeforeLink”(目标“_Link”依赖于它):
     1>已完成在项目“bxdualsdkdemo.vcxproj”中生成目标“BeforeLink”的操作。
     1>来自项目“K:\onbongit\bx.dual\bx.dual.demo.cplus\bx.dual.demo.cplus\demo_source\project\bxdualsdkdemo.vcxproj”的文件“C:\Program Files (x86)\MSBuild\Microsoft.Cpp\v4.0\Microsoft.CppBuild.targets”中的目标“ComputeRCOutputs”(目标“ComputeRCGeneratedLinkInputs”依赖于它):
     1>已完成在项目“bxdualsdkdemo.vcxproj”中生成目标“ComputeRCOutputs”的操作。
     1>来自项目“K:\onbongit\bx.dual\bx.dual.demo.cplus\bx.dual.demo.cplus\demo_source\project\bxdualsdkdemo.vcxproj”的文件“C:\Program Files (x86)\MSBuild\Microsoft.Cpp\v4.0\Microsoft.CppBuild.targets”中的目标“ComputeRCGeneratedLinkInputs”(目标“_Link”依赖于它):
     1>已完成在项目“bxdualsdkdemo.vcxproj”中生成目标“ComputeRCGeneratedLinkInputs”的操作。
     1>来自项目“K:\onbongit\bx.dual\bx.dual.demo.cplus\bx.dual.demo.cplus\demo_source\project\bxdualsdkdemo.vcxproj”的文件“C:\Program Files (x86)\MSBuild\Microsoft.Cpp\v4.0\Microsoft.CppBuild.targets”中的目标“ComputeManifestGeneratedLinkerInputs”(目标“_Link”依赖于它):
     1>已完成在项目“bxdualsdkdemo.vcxproj”中生成目标“ComputeManifestGeneratedLinkerInputs”的操作。
     1>来自项目“K:\onbongit\bx.dual\bx.dual.demo.cplus\bx.dual.demo.cplus\demo_source\project\bxdualsdkdemo.vcxproj”的文件“C:\Program Files (x86)\MSBuild\Microsoft.Cpp\v4.0\Microsoft.CppBuild.targets”中的目标“ComputeCustomBuildOutput”(目标“_Link”依赖于它):
       任务“MakeDir”
       已完成执行任务“MakeDir”的操作。
     1>已完成在项目“bxdualsdkdemo.vcxproj”中生成目标“ComputeCustomBuildOutput”的操作。
       已跳过目标“ComputeMIDLGeneratedCompileInputs”。以前的生成已成功。
       已跳过目标“ComputeCLInputPDBName”。以前的生成已成功。
       已跳过目标“ComputeReferenceCLInput”。以前的生成已成功。
     1>来自项目“K:\onbongit\bx.dual\bx.dual.demo.cplus\bx.dual.demo.cplus\demo_source\project\bxdualsdkdemo.vcxproj”的文件“C:\Program Files (x86)\MSBuild\Microsoft.Cpp\v4.0\Microsoft.CppBuild.targets”中的目标“ComputeCLOutputs”(目标“ComputeCLGeneratedLinkInputs”依赖于它):
     1>已完成在项目“bxdualsdkdemo.vcxproj”中生成目标“ComputeCLOutputs”的操作。
     1>来自项目“K:\onbongit\bx.dual\bx.dual.demo.cplus\bx.dual.demo.cplus\demo_source\project\bxdualsdkdemo.vcxproj”的文件“C:\Program Files (x86)\MSBuild\Microsoft.Cpp\v4.0\Microsoft.CppBuild.targets”中的目标“ComputeCLGeneratedLinkInputs”(目标“_Link”依赖于它):
     1>已完成在项目“bxdualsdkdemo.vcxproj”中生成目标“ComputeCLGeneratedLinkInputs”的操作。
     1>来自项目“K:\onbongit\bx.dual\bx.dual.demo.cplus\bx.dual.demo.cplus\demo_source\project\bxdualsdkdemo.vcxproj”的文件“C:\Program Files (x86)\MSBuild\Microsoft.Cpp\v4.0\Microsoft.CppBuild.targets”中的目标“ComputeLinkInputsFromProject”(目标“_Link”依赖于它):
     1>已完成在项目“bxdualsdkdemo.vcxproj”中生成目标“ComputeLinkInputsFromProject”的操作。
       由于条件的计算结果为 false，已跳过目标“ComputeReferenceLinkInputs”；(@(ProjectReference) != '')的计算结果为( != '')。
     1>来自项目“K:\onbongit\bx.dual\bx.dual.demo.cplus\bx.dual.demo.cplus\demo_source\project\bxdualsdkdemo.vcxproj”的文件“C:\Program Files (x86)\MSBuild\Microsoft.Cpp\v4.0\Microsoft.CppBuild.targets”中的目标“ComputeManifestInputsTargets”(目标“_Link”依赖于它):
     1>已完成在项目“bxdualsdkdemo.vcxproj”中生成目标“ComputeManifestInputsTargets”的操作。
       由于条件的计算结果为 false，已跳过目标“ManifestResourceCompile”；('$(EmbedManifestBy)' == 'LINK')的计算结果为('MT' == 'LINK')。
       由于条件的计算结果为 false，已跳过目标“AssignWinFXEmbeddedResource”；('@(WinFXEmbeddedResource)' != '')的计算结果为('' != '')。
     1>来自项目“K:\onbongit\bx.dual\bx.dual.demo.cplus\bx.dual.demo.cplus\demo_source\project\bxdualsdkdemo.vcxproj”的文件“C:\Program Files (x86)\MSBuild\14.0\bin\Microsoft.Common.CurrentVersion.targets”中的目标“AssignTargetPaths”(目标“PrepareResourceNames”依赖于它):
       正在使用程序集“Microsoft.Build.Tasks.Core, Version=14.0.0.0, Culture=neutral, PublicKeyToken=b03f5f7f11d50a3a”中的“AssignTargetPath”任务。
       任务“AssignTargetPath”
       已完成执行任务“AssignTargetPath”的操作。
       任务“AssignTargetPath”
       已完成执行任务“AssignTargetPath”的操作。
       任务“AssignTargetPath”
       已完成执行任务“AssignTargetPath”的操作。
       任务“AssignTargetPath”
       已完成执行任务“AssignTargetPath”的操作。
       由于 false 条件，已跳过任务“AssignTargetPath”；('@(_DeploymentBaseManifestWithTargetPath)'=='' and '%(None.Extension)'=='.manifest')计算为(''=='' and '.txt'=='.manifest')。
     1>已完成在项目“bxdualsdkdemo.vcxproj”中生成目标“AssignTargetPaths”的操作。
       已跳过目标“AssignTargetPaths”。以前的生成已成功。
     1>来自项目“K:\onbongit\bx.dual\bx.dual.demo.cplus\bx.dual.demo.cplus\demo_source\project\bxdualsdkdemo.vcxproj”的文件“C:\Program Files (x86)\MSBuild\14.0\bin\Microsoft.Common.CurrentVersion.targets”中的目标“SplitResourcesByCulture”(目标“PrepareResourceNames”依赖于它):
       由于 false 条件，已跳过任务“Warning”；('@(ResxWithNoCulture)'!='')计算为(''!='')。
       由于 false 条件，已跳过任务“Warning”；('@(ResxWithCulture)'!='')计算为(''!='')。
       由于 false 条件，已跳过任务“Warning”；('@(NonResxWithCulture)'!='')计算为(''!='')。
       由于 false 条件，已跳过任务“Warning”；('@(NonResxWithNoCulture)'!='')计算为(''!='')。
       正在使用程序集“Microsoft.Build.Tasks.Core, Version=14.0.0.0, Culture=neutral, PublicKeyToken=b03f5f7f11d50a3a”中的“AssignCulture”任务。
       任务“AssignCulture”
       已完成执行任务“AssignCulture”的操作。
     1>已完成在项目“bxdualsdkdemo.vcxproj”中生成目标“SplitResourcesByCulture”的操作。
       由于条件的计算结果为 false，已跳过目标“CreateManifestResourceNames”；('@(EmbeddedResource)' != '')的计算结果为('' != '')。
     1>来自项目“K:\onbongit\bx.dual\bx.dual.demo.cplus\bx.dual.demo.cplus\demo_source\project\bxdualsdkdemo.vcxproj”的文件“C:\Program Files (x86)\MSBuild\14.0\bin\Microsoft.Common.CurrentVersion.targets”中的目标“CreateCustomManifestResourceNames”(目标“PrepareResourceNames”依赖于它):
     1>已完成在项目“bxdualsdkdemo.vcxproj”中生成目标“CreateCustomManifestResourceNames”的操作。
     1>来自项目“K:\onbongit\bx.dual\bx.dual.demo.cplus\bx.dual.demo.cplus\demo_source\project\bxdualsdkdemo.vcxproj”的文件“C:\Program Files (x86)\MSBuild\14.0\bin\Microsoft.Common.CurrentVersion.targets”中的目标“PrepareResourceNames”(目标“_Link”依赖于它):
     1>已完成在项目“bxdualsdkdemo.vcxproj”中生成目标“PrepareResourceNames”的操作。
     1>来自项目“K:\onbongit\bx.dual\bx.dual.demo.cplus\bx.dual.demo.cplus\demo_source\project\bxdualsdkdemo.vcxproj”的文件“C:\Program Files (x86)\MSBuild\Microsoft.Cpp\v4.0\Microsoft.CppBuild.targets”中的目标“MakeDirsForLink”(目标“_Link”依赖于它):
       任务“MakeDir”
       已完成执行任务“MakeDir”的操作。
     1>已完成在项目“bxdualsdkdemo.vcxproj”中生成目标“MakeDirsForLink”的操作。
     1>来自项目“K:\onbongit\bx.dual\bx.dual.demo.cplus\bx.dual.demo.cplus\demo_source\project\bxdualsdkdemo.vcxproj”的文件“C:\Program Files (x86)\MSBuild\Microsoft.Cpp\v4.0\Microsoft.CppBuild.targets”中的目标“DoLinkOutputFilesMatch”(目标“_Link”依赖于它):
       由于 false 条件，已跳过任务“VCMessage”；('%(_OutputFileFromLink.FullPath)' != '$([System.IO.Path]::GetFullPath($(TargetPath)))')计算为('K:\onbongit\bx.dual\bx.dual.demo.cplus\bx.dual.demo.cplus\demo_source\project\DebugMT\bxdualsdkdemo.exe' != 'K:\onbongit\bx.dual\bx.dual.demo.cplus\bx.dual.demo.cplus\demo_source\project\DebugMT\bxdualsdkdemo.exe')。
       由于 false 条件，已跳过任务“VCMessage”；('%(_OutputFileFromLink.Extension)' != '$(TargetExt)')计算为('.exe' != '.exe')。
       由于 false 条件，已跳过任务“VCMessage”；('%(_OutputFileFromLink.Filename)' != '$(TargetName)')计算为('bxdualsdkdemo' != 'bxdualsdkdemo')。
     1>已完成在项目“bxdualsdkdemo.vcxproj”中生成目标“DoLinkOutputFilesMatch”的操作。
     1>来自项目“K:\onbongit\bx.dual\bx.dual.demo.cplus\bx.dual.demo.cplus\demo_source\project\bxdualsdkdemo.vcxproj”的文件“C:\Program Files (x86)\MSBuild\Microsoft.Cpp\v4.0\Microsoft.CppCommon.targets”中的目标“PreLinkEvent”(目标“_Link”依赖于它):
       由于 false 条件，已跳过任务“Message”；('%(PreLinkEvent.Message)' != '' and '%(PreLinkEvent.Command)' != '')计算为('' != '' and '' != '')。
       由于 false 条件，已跳过任务“Exec”；('%(PreLinkEvent.Command)' != '')计算为('' != '')。
     1>已完成在项目“bxdualsdkdemo.vcxproj”中生成目标“PreLinkEvent”的操作。
     1>来自项目“K:\onbongit\bx.dual\bx.dual.demo.cplus\bx.dual.demo.cplus\demo_source\project\bxdualsdkdemo.vcxproj”的文件“C:\Program Files (x86)\MSBuild\Microsoft.Cpp\v4.0\Platforms\Win32\Microsoft.Cpp.Win32.Targets”中的目标“Link”(目标“_Link”依赖于它):
       正在使用程序集“Microsoft.Build.CppTasks.Win32, Version=4.0.0.0, Culture=neutral, PublicKeyToken=b03f5f7f11d50a3a”中的“Link”任务。
       任务“Link”
         传递给工具的环境变量为:
           VS_UNICODE_OUTPUT=1192
         C:\Program Files (x86)\Microsoft Visual Studio 10.0\VC\bin\link.exe /ERRORREPORT:PROMPT /OUT:"K:\onbongit\bx.dual\bx.dual.demo.cplus\bx.dual.demo.cplus\demo_source\project\DebugMT\bxdualsdkdemo.exe" /NOLOGO kernel32.lib user32.lib gdi32.lib winspool.lib comdlg32.lib advapi32.lib shell32.lib ole32.lib oleaut32.lib uuid.lib odbc32.lib odbccp32.lib /MANIFEST /ManifestFile:"DebugMT\bxdualsdkdemo.exe.intermediate.manifest" /MANIFESTUAC:"level='asInvoker' uiAccess='false'" /PDB:"K:\onbongit\bx.dual\bx.dual.demo.cplus\bx.dual.demo.cplus\demo_source\project\DebugMT\bxdualsdkdemo.pdb" /TLBID:1 /DYNAMICBASE /NXCOMPAT /IMPLIB:"K:\onbongit\bx.dual\bx.dual.demo.cplus\bx.dual.demo.cplus\demo_source\project\DebugMT\bxdualsdkdemo.lib" /MACHINE:X86 DebugMT\onbonTest.obj
         DebugMT\demo.obj
         DebugMT\logMsg.obj
         DebugMT\stdafx.obj
         跟踪命令:
         C:\Program Files (x86)\Microsoft SDKs\Windows\v7.0A\bin\NETFX 4.0 Tools\Tracker.exe /a /d C:\Windows\Microsoft.NET\Framework\v4.0.30319\FileTracker.dll /i K:\onbongit\bx.dual\bx.dual.demo.cplus\bx.dual.demo.cplus\demo_source\project\DebugMT /r "K:\ONBONGIT\BX.DUAL\BX.DUAL.DEMO.CPLUS\BX.DUAL.DEMO.CPLUS\DEMO_SOURCE\PROJECT\DEBUGMT\DEMO.OBJ|K:\ONBONGIT\BX.DUAL\BX.DUAL.DEMO.CPLUS\BX.DUAL.DEMO.CPLUS\DEMO_SOURCE\PROJECT\DEBUGMT\LOGMSG.OBJ|K:\ONBONGIT\BX.DUAL\BX.DUAL.DEMO.CPLUS\BX.DUAL.DEMO.CPLUS\DEMO_SOURCE\PROJECT\DEBUGMT\ONBONTEST.OBJ|K:\ONBONGIT\BX.DUAL\BX.DUAL.DEMO.CPLUS\BX.DUAL.DEMO.CPLUS\DEMO_SOURCE\PROJECT\DEBUGMT\STDAFX.OBJ" /b MSBuildConsole_CancelEventff0619d5b72845ecb863d4214a46f4e5  /c "C:\Program Files (x86)\Microsoft Visual Studio 10.0\VC\bin\link.exe"  /ERRORREPORT:PROMPT /OUT:"K:\onbongit\bx.dual\bx.dual.demo.cplus\bx.dual.demo.cplus\demo_source\project\DebugMT\bxdualsdkdemo.exe" /NOLOGO kernel32.lib user32.lib gdi32.lib winspool.lib comdlg32.lib advapi32.lib shell32.lib ole32.lib oleaut32.lib uuid.lib odbc32.lib odbccp32.lib /MANIFEST /ManifestFile:"DebugMT\bxdualsdkdemo.exe.intermediate.manifest" /MANIFESTUAC:"level='asInvoker' uiAccess='false'" /PDB:"K:\onbongit\bx.dual\bx.dual.demo.cplus\bx.dual.demo.cplus\demo_source\project\DebugMT\bxdualsdkdemo.pdb" /TLBID:1 /DYNAMICBASE /NXCOMPAT /IMPLIB:"K:\onbongit\bx.dual\bx.dual.demo.cplus\bx.dual.demo.cplus\demo_source\project\DebugMT\bxdualsdkdemo.lib" /MACHINE:X86 DebugMT\onbonTest.obj
         DebugMT\demo.obj
         DebugMT\logMsg.obj
         DebugMT\stdafx.obj
     1>onbonTest.obj : error LNK2019: 无法解析的外部符号 __imp__bxDual_cmd_ofs_freeDirBlock@4，该符号在函数 "char __cdecl delete_programFile(unsigned char *,unsigned short)" (?delete_programFile@@YADPAEG@Z) 中被引用
     1>onbonTest.obj : error LNK2019: 无法解析的外部符号 __imp__bxDual_cmd_ofsDeleteFormatFile@16，该符号在函数 "char __cdecl delete_programFile(unsigned char *,unsigned short)" (?delete_programFile@@YADPAEG@Z) 中被引用
     1>onbonTest.obj : error LNK2019: 无法解析的外部符号 __imp__bxDual_cmd_getFileAttr@12，该符号在函数 "char __cdecl delete_programFile(unsigned char *,unsigned short)" (?delete_programFile@@YADPAEG@Z) 中被引用
     1>onbonTest.obj : error LNK2019: 无法解析的外部符号 __imp__bxDual_cmd_ofsReedDirBlock@12，该符号在函数 "char __cdecl delete_programFile(unsigned char *,unsigned short)" (?delete_programFile@@YADPAEG@Z) 中被引用
     1>onbonTest.obj : error LNK2019: 无法解析的外部符号 __imp__bxDual_cmd_check_time@8，该符号在函数 "void __cdecl tcp_cmd_test(unsigned char *,unsigned short)" (?tcp_cmd_test@@YAXPAEG@Z) 中被引用
     1>onbonTest.obj : error LNK2019: 无法解析的外部符号 __imp__bxDual_cmd_sysReset@8，该符号在函数 "void __cdecl udp_cmd_test(void)" (?udp_cmd_test@@YAXXZ) 中被引用
     1>onbonTest.obj : error LNK2019: 无法解析的外部符号 __imp__bxDual_cmd_udpNetworkSearch@4，该符号在函数 "void __cdecl udp_cmd_test(void)" (?udp_cmd_test@@YAXXZ) 中被引用
     1>onbonTest.obj : error LNK2019: 无法解析的外部符号 __imp__bxDual_cmd_udpSetMac@4，该符号在函数 "void __cdecl udp_cmd_test(void)" (?udp_cmd_test@@YAXXZ) 中被引用
     1>onbonTest.obj : error LNK2019: 无法解析的外部符号 __imp__bxDual_cmd_udpSetIP@44，该符号在函数 "void __cdecl udp_cmd_test(void)" (?udp_cmd_test@@YAXXZ) 中被引用
     1>onbonTest.obj : error LNK2019: 无法解析的外部符号 __imp__bxDual_program_addFrame@8，该符号在函数 "void __cdecl addProgram_G5(unsigned short)" (?addProgram_G5@@YAXG@Z) 中被引用
     1>onbonTest.obj : error LNK2019: 无法解析的外部符号 __imp__bxDual_program_addPlayPeriodGrp@4，该符号在函数 "void __cdecl addProgram_G5(unsigned short)" (?addProgram_G5@@YAXG@Z) 中被引用
     1>onbonTest.obj : error LNK2019: 无法解析的外部符号 __imp__bxDual_program_addProgram@4，该符号在函数 "void __cdecl addProgram_G5(unsigned short)" (?addProgram_G5@@YAXG@Z) 中被引用
     1>onbonTest.obj : error LNK2019: 无法解析的外部符号 __imp__bxDual_program_setScreenParams_G56@12，该符号在函数 "void __cdecl addProgram_G5(unsigned short)" (?addProgram_G5@@YAXG@Z) 中被引用
     1>onbonTest.obj : error LNK2019: 无法解析的外部符号 __imp__bxDual_program_fontPath_picturesAreaAddTxt@16，该符号在函数 "void __cdecl addPictureArea_G5(void)" (?addPictureArea_G5@@YAXXZ) 中被引用
     1>onbonTest.obj : error LNK2019: 无法解析的外部符号 __imp__bxDual_program_picturesAreaAddFrame@12，该符号在函数 "void __cdecl addPictureArea_G5(void)" (?addPictureArea_G5@@YAXXZ) 中被引用
     1>onbonTest.obj : error LNK2019: 无法解析的外部符号 __imp__bxDual_program_AddArea@8，该符号在函数 "void __cdecl addPictureArea_G5(void)" (?addPictureArea_G5@@YAXXZ) 中被引用
     1>onbonTest.obj : error LNK2019: 无法解析的外部符号 __imp__bxDual_program_fontPath_timeAreaAddContent@8，该符号在函数 "void __cdecl addTimeArea_G5(void)" (?addTimeArea_G5@@YAXXZ) 中被引用
     1>onbonTest.obj : error LNK2019: 无法解析的外部符号 __imp__bxDual_program_timeAreaAddAnalogClock@16，该符号在函数 "void __cdecl addClockArea_G5(void)" (?addClockArea_G5@@YAXXZ) 中被引用
     1>onbonTest.obj : error LNK2019: 无法解析的外部符号 __imp__bxDual_program_deleteProgram@0，该符号在函数 "void __cdecl tcp_send_program_G5(unsigned char *,unsigned short)" (?tcp_send_program_G5@@YAXPAEG@Z) 中被引用
     1>onbonTest.obj : error LNK2019: 无法解析的外部符号 __imp__bxDual_cmd_ofsEndFileTransf@8，该符号在函数 "void __cdecl tcp_send_program_G5(unsigned char *,unsigned short)" (?tcp_send_program_G5@@YAXPAEG@Z) 中被引用
     1>onbonTest.obj : error LNK2019: 无法解析的外部符号 __imp__bxDual_cmd_ofsWriteFile@28，该符号在函数 "void __cdecl tcp_send_program_G5(unsigned char *,unsigned short)" (?tcp_send_program_G5@@YAXPAEG@Z) 中被引用
     1>onbonTest.obj : error LNK2019: 无法解析的外部符号 __imp__bxDual_program_IntegrateProgramFile@4，该符号在函数 "void __cdecl tcp_send_program_G5(unsigned char *,unsigned short)" (?tcp_send_program_G5@@YAXPAEG@Z) 中被引用
     1>onbonTest.obj : error LNK2019: 无法解析的外部符号 __imp__bxDual_cmd_ofsStartFileTransf@8，该符号在函数 "void __cdecl tcp_send_program_G5(unsigned char *,unsigned short)" (?tcp_send_program_G5@@YAXPAEG@Z) 中被引用
     1>onbonTest.obj : error LNK2019: 无法解析的外部符号 __imp__bxDual_program_addProgram_G6@4，该符号在函数 "void __cdecl addProgram_G6(unsigned short,unsigned char)" (?addProgram_G6@@YAXGE@Z) 中被引用
     1>onbonTest.obj : error LNK2019: 无法解析的外部符号 __imp__bxDual_program_picturesAreaAddTxt_G6@16，该符号在函数 "void __cdecl addPictureArea_G6(int)" (?addPictureArea_G6@@YAXH@Z) 中被引用
     1>onbonTest.obj : error LNK2019: 无法解析的外部符号 __imp__bxDual_program_addArea_G6@8，该符号在函数 "void __cdecl addPictureArea_G6(int)" (?addPictureArea_G6@@YAXH@Z) 中被引用
     1>onbonTest.obj : error LNK2019: 无法解析的外部符号 __imp__bxDual_program_timeAreaAddContent_G6@8，该符号在函数 "void __cdecl addTimeArea_G6(void)" (?addTimeArea_G6@@YAXXZ) 中被引用
     1>onbonTest.obj : error LNK2019: 无法解析的外部符号 __imp__bxDual_dynamicArea_AddAreaTxtDetails_6G@32，该符号在函数 "void __cdecl dynamicArea_test(void)" (?dynamicArea_test@@YAXXZ) 中被引用
     1>onbonTest.obj : error LNK2019: 无法解析的外部符号 __imp__bxDual_cmd_sendConfigFile_G6@12，该符号在函数 "void __cdecl send_ConfigFile_G6_2(unsigned char *,unsigned short)" (?send_ConfigFile_G6_2@@YAXPAEG@Z) 中被引用
     1>onbonTest.obj : error LNK2019: 无法解析的外部符号 __imp__bxDual_cmd_confReedFileBlock@16，该符号在函数 "void __cdecl send_ConfigFile_G6_2(unsigned char *,unsigned short)" (?send_ConfigFile_G6_2@@YAXPAEG@Z) 中被引用
     1>onbonTest.obj : error LNK2019: 无法解析的外部符号 __imp__bxDual_cmd_confStartReedFile@20，该符号在函数 "void __cdecl send_ConfigFile_G6_2(unsigned char *,unsigned short)" (?send_ConfigFile_G6_2@@YAXPAEG@Z) 中被引用
     1>onbonTest.obj : error LNK2019: 无法解析的外部符号 __imp__bxDual_cmd_tcpNetworkSearch_6G_Web@12，该符号在函数 "void __cdecl onbonTest_NetSearch(void)" (?onbonTest_NetSearch@@YAXXZ) 中被引用
     1>onbonTest.obj : error LNK2019: 无法解析的外部符号 __imp__bxDual_cmd_tcpNetworkSearch_6G@12，该符号在函数 "void __cdecl onbonTest_NetSearch(void)" (?onbonTest_NetSearch@@YAXXZ) 中被引用
     1>onbonTest.obj : error LNK2019: 无法解析的外部符号 __imp__bxDual_cmd_udpNetworkSearch_6G@4，该符号在函数 "void __cdecl onbonTest_NetSearch(void)" (?onbonTest_NetSearch@@YAXXZ) 中被引用
     1>onbonTest.obj : error LNK2019: 无法解析的外部符号 __imp__bxDual_cmd_uart_search_Net_6G@12，该符号在函数 "void __cdecl onbonTest_NetSearch(void)" (?onbonTest_NetSearch@@YAXXZ) 中被引用
     1>onbonTest.obj : error LNK2019: 无法解析的外部符号 __imp__bxDual_dynamicArea_AddAreaWithTxt_5G@112，该符号在函数 "void __cdecl onbonTest_DynamicArea_5G(void)" (?onbonTest_DynamicArea_5G@@YAXXZ) 中被引用
     1>onbonTest.obj : error LNK2019: 无法解析的外部符号 __imp__bxDual_dynamicArea_AddAreaInfos_5G@72，该符号在函数 "void __cdecl onbonTest_DynamicArea_5G(void)" (?onbonTest_DynamicArea_5G@@YAXXZ) 中被引用
     1>onbonTest.obj : error LNK2019: 无法解析的外部符号 __imp__bxDual_dynamicArea_AddAreaWithPic_5G@88，该符号在函数 "void __cdecl onbonTest_DynamicArea_5G(void)" (?onbonTest_DynamicArea_5G@@YAXXZ) 中被引用
     1>onbonTest.obj : error LNK2019: 无法解析的外部符号 __imp__bxDual_dynamicArea_DelArea_5G@12，该符号在函数 "void __cdecl onbonTest_DynamicArea_5G(void)" (?onbonTest_DynamicArea_5G@@YAXXZ) 中被引用
     1>onbonTest.obj : error LNK2019: 无法解析的外部符号 __imp__bxDual_InitSdk@0，该符号在函数 "void __cdecl onbonTest_DynamicArea_5G(void)" (?onbonTest_DynamicArea_5G@@YAXXZ) 中被引用
     1>onbonTest.obj : error LNK2019: 无法解析的外部符号 __imp__bxDual_dynamicAreaS_AddAreaPic_WithProgram_6G@28，该符号在函数 "void __cdecl onbonTesst_DynamicArea_6G_MultiAreasWithPic(void)" (?onbonTesst_DynamicArea_6G_MultiAreasWithPic@@YAXXZ) 中被引用
     1>onbonTest.obj : error LNK2019: 无法解析的外部符号 __imp__bxDual_dynamicAreaS_AddAreaPic_6G@20，该符号在函数 "void __cdecl onbonTesst_DynamicArea_6G_MultiAreasWithPic(void)" (?onbonTesst_DynamicArea_6G_MultiAreasWithPic@@YAXXZ) 中被引用
     1>onbonTest.obj : error LNK2019: 无法解析的外部符号 __imp__bxDual_dynamicArea_DelArea_6G@12，该符号在函数 "void __cdecl onbonTesst_DynamicArea_6G_MultiAreasWithPic(void)" (?onbonTesst_DynamicArea_6G_MultiAreasWithPic@@YAXXZ) 中被引用
     1>onbonTest.obj : error LNK2019: 无法解析的外部符号 __imp__bxDual_dynamicArea_InsertSoundIndepend@44，该符号在函数 "void __cdecl onbonTest_SoundIndepend(void)" (?onbonTest_SoundIndepend@@YAXXZ) 中被引用
     1>onbonTest.obj : error LNK2019: 无法解析的外部符号 __imp__bxDual_dynamicArea_UpdateSoundIndepend@20，该符号在函数 "void __cdecl onbonTest_SoundIndepend(void)" (?onbonTest_SoundIndepend@@YAXXZ) 中被引用
     1>onbonTest.obj : error LNK2019: 无法解析的外部符号 __imp__bxDual_dynamicArea_AddAreaInfos_6G@72，该符号在函数 "void __cdecl onbonTest_DynamicArea_6G(unsigned char *)" (?onbonTest_DynamicArea_6G@@YAXPAE@Z) 中被引用
     1>onbonTest.obj : error LNK2019: 无法解析的外部符号 __imp__bxDual_dynamicArea_AddAreaPic_6G@40，该符号在函数 "void __cdecl onbonTest_DynamicArea_6G(void)" (?onbonTest_DynamicArea_6G@@YAXXZ) 中被引用
     1>onbonTest.obj : error LNK2019: 无法解析的外部符号 __imp__bxDual_dynamicArea_AddAreaPic_WithProgram_6G@48，该符号在函数 "void __cdecl onbonTest_DynamicArea_6G(void)" (?onbonTest_DynamicArea_6G@@YAXXZ) 中被引用
     1>onbonTest.obj : error LNK2019: 无法解析的外部符号 __imp__bxDual_dynamicArea_AddAreaTxtDetails_WithProgram_6G@40，该符号在函数 "void __cdecl onbonTest_DynamicArea_6G(void)" (?onbonTest_DynamicArea_6G@@YAXXZ) 中被引用
     1>onbonTest.obj : error LNK2019: 无法解析的外部符号 __imp__bxDual_dynamicArea_DelAreas_6G@16，该符号在函数 "void __cdecl onbonTest_DynamicArea_6G(void)" (?onbonTest_DynamicArea_6G@@YAXXZ) 中被引用
     1>onbonTest.obj : error LNK2019: 无法解析的外部符号 __imp__bxDual_program_timeAreaAddAnalogClock_G6@16，该符号在函数 "void __cdecl addClockArea_G6(void)" (?addClockArea_G6@@YAXXZ) 中被引用
     1>onbonTest.obj : error LNK2019: 无法解析的外部符号 __imp__bxDual_program_freeBuffer_G6@4，该符号在函数 "void __cdecl tcp_send_program_G6(unsigned char *,unsigned short)" (?tcp_send_program_G6@@YAXPAEG@Z) 中被引用
     1>onbonTest.obj : error LNK2019: 无法解析的外部符号 __imp__bxDual_program_deleteProgram_G6@0，该符号在函数 "void __cdecl tcp_send_program_G6(unsigned char *,unsigned short)" (?tcp_send_program_G6@@YAXPAEG@Z) 中被引用
     1>onbonTest.obj : error LNK2019: 无法解析的外部符号 __imp__bxDual_program_IntegrateProgramFile_G6@4，该符号在函数 "void __cdecl tcp_send_program_G6(unsigned char *,unsigned short)" (?tcp_send_program_G6@@YAXPAEG@Z) 中被引用
     1>onbonTest.obj : error LNK2019: 无法解析的外部符号 __imp__bxDual_cmd_uart_ofsEndFileTransf@8，该符号在函数 "void __cdecl uart_send_program_G6(char *)" (?uart_send_program_G6@@YAXPAD@Z) 中被引用
     1>onbonTest.obj : error LNK2019: 无法解析的外部符号 __imp__bxDual_cmd_uart_ofsWriteFile@28，该符号在函数 "void __cdecl uart_send_program_G6(char *)" (?uart_send_program_G6@@YAXPAD@Z) 中被引用
     1>onbonTest.obj : error LNK2019: 无法解析的外部符号 __imp__bxDual_cmd_uart_ofsStartFileTransf@8，该符号在函数 "void __cdecl uart_send_program_G6(char *)" (?uart_send_program_G6@@YAXPAD@Z) 中被引用
     1>onbonTest.obj : error LNK2019: 无法解析的外部符号 __imp__bxDual_cmd_uart_programLock_6G@24，该符号在函数 "void __cdecl Test_Ultra(void)" (?Test_Ultra@@YAXXZ) 中被引用
     1>onbonTest.obj : error LNK2019: 无法解析的外部符号 __imp__bxDual_cmd_tcpPing@12，该符号在函数 "unsigned long __stdcall ThreadFunc1_G5(void *)" (?ThreadFunc1_G5@@YGKPAX@Z) 中被引用
     1>onbonTest.obj : error LNK2019: 无法解析的外部符号 __imp__bxDual_dynamicAreaS_AddTxtDetails_6G@20，该符号在函数 "void __cdecl onbontTest_UpdateDynamicAreas(void)" (?onbontTest_UpdateDynamicAreas@@YAXXZ) 中被引用
     1>K:\onbongit\bx.dual\bx.dual.demo.cplus\bx.dual.demo.cplus\demo_source\project\DebugMT\bxdualsdkdemo.exe : fatal error LNK1120: 60 个无法解析的外部命令
         命令已退出，代码为 1120。
       已完成执行任务“Link”的操作 - 失败。
     1>已完成在项目“bxdualsdkdemo.vcxproj”中生成目标“Link”的操作 - 失败。
     1>已完成生成项目“K:\onbongit\bx.dual\bx.dual.demo.cplus\bx.dual.demo.cplus\demo_source\project\bxdualsdkdemo.vcxproj”(Rebuild 个目标)的操作 - 失败。

生成失败。

已用时间 00:00:01.54
