K:\ONBONGIT\BX.DUAL\BX.DUAL.DEMO.CPLUS\BX.DUAL.DEMO.CPLUS\DEMO_SOURCE\PROJECT\X64\DEBUGMT\BXDUALSDKDEMO.EXE
K:\ONBONGIT\BX.DUAL\BX.DUAL.DEMO.CPLUS\BX.DUAL.DEMO.CPLUS\DEMO_SOURCE\PROJECT\X64\DEBUGMT\BXDUALSDKDEMO.EXE.INTERMEDIATE.MANIFEST
K:\ONBONGIT\BX.DUAL\BX.DUAL.DEMO.CPLUS\BX.DUAL.DEMO.CPLUS\DEMO_SOURCE\PROJECT\X64\DEBUGMT\DEMO.OBJ
K:\ONBONGIT\BX.DUAL\BX.DUAL.DEMO.CPLUS\BX.DUAL.DEMO.CPLUS\DEMO_SOURCE\PROJECT\X64\DEBUGMT\LOGMSG.OBJ
K:\ONBONGIT\BX.DUAL\BX.DUAL.DEMO.CPLUS\BX.DUAL.DEMO.CPLUS\DEMO_SOURCE\PROJECT\X64\DEBUGMT\ONBONTEST.OBJ
K:\ONBONGIT\BX.DUAL\BX.DUAL.DEMO.CPLUS\BX.DUAL.DEMO.CPLUS\DEMO_SOURCE\PROJECT\X64\DEBUGMT\STDAFX.OBJ
K:\ONBONGIT\BX.DUAL\BX.DUAL.DEMO.CPLUS\BX.DUAL.DEMO.CPLUS\DEMO_SOURCE\PROJECT\X64\DEBUGMT\VC100.PDB
K:\onbongit\bx.dual\bx.dual.demo.cplus\demo_source\project\x64\DebugMT\bxdualsdkdemo.exe
K:\onbongit\bx.dual\bx.dual.demo.cplus\demo_source\project\x64\DebugMT\bxdualsdkdemo.exe.intermediate.manifest
K:\onbongit\bx.dual\bx.dual.demo.cplus\demo_source\project\x64\DebugMT\cl.command.1.tlog
K:\onbongit\bx.dual\bx.dual.demo.cplus\demo_source\project\x64\DebugMT\CL.read.1.tlog
K:\onbongit\bx.dual\bx.dual.demo.cplus\demo_source\project\x64\DebugMT\CL.write.1.tlog
K:\onbongit\bx.dual\bx.dual.demo.cplus\demo_source\project\x64\DebugMT\demo.obj
K:\onbongit\bx.dual\bx.dual.demo.cplus\demo_source\project\x64\DebugMT\link.command.1.tlog
K:\onbongit\bx.dual\bx.dual.demo.cplus\demo_source\project\x64\DebugMT\link.read.1.tlog
K:\onbongit\bx.dual\bx.dual.demo.cplus\demo_source\project\x64\DebugMT\link.write.1.tlog
K:\onbongit\bx.dual\bx.dual.demo.cplus\demo_source\project\x64\DebugMT\logMsg.obj
K:\onbongit\bx.dual\bx.dual.demo.cplus\demo_source\project\x64\DebugMT\mt.command.1.tlog
K:\onbongit\bx.dual\bx.dual.demo.cplus\demo_source\project\x64\DebugMT\mt.read.1.tlog
K:\onbongit\bx.dual\bx.dual.demo.cplus\demo_source\project\x64\DebugMT\mt.write.1.tlog
K:\onbongit\bx.dual\bx.dual.demo.cplus\demo_source\project\x64\DebugMT\onbonTest.obj
K:\onbongit\bx.dual\bx.dual.demo.cplus\demo_source\project\x64\DebugMT\stdafx.obj
K:\onbongit\bx.dual\bx.dual.demo.cplus\demo_source\project\x64\DebugMT\vc100.pdb
