生成启动时间为 2020/2/19 17:16:34。
     1>项目“K:\onbongit\bx.dual\bx.dual.demo.cplus\bx.dual.demo.cplus\demo_source\project\LedSdkDemo.vcxproj”在节点 2 上(Rebuild 个目标)。
     1>正在使用工具版本“14.0”进行生成。
     1>来自项目“K:\onbongit\bx.dual\bx.dual.demo.cplus\bx.dual.demo.cplus\demo_source\project\LedSdkDemo.vcxproj”的文件“C:\Program Files (x86)\MSBuild\14.0\bin\Microsoft.Common.CurrentVersion.targets”中的目标“_CheckForInvalidConfigurationAndPlatform”(入口点):
       由于 false 条件，已跳过任务“Error”；( '$(_InvalidConfigurationError)' == 'true' )计算为( '' == 'true' )。
       由于 false 条件，已跳过任务“Warning”；( '$(_InvalidConfigurationWarning)' == 'true' )计算为( '' == 'true' )。
       正在使用程序集“Microsoft.Build.Tasks.Core, Version=14.0.0.0, Culture=neutral, PublicKeyToken=b03f5f7f11d50a3a”中的“Message”任务。
       任务“Message”
         Configuration=Release32MT
       已完成执行任务“Message”的操作。
       任务“Message”
         Platform=x64
       已完成执行任务“Message”的操作。
       由于 false 条件，已跳过任务“Error”；('$(OutDir)' != '' and !HasTrailingSlash('$(OutDir)'))计算为('K:\onbongit\bx.dual\bx.dual.demo.cplus\bx.dual.demo.cplus\demo_source\project\x64\Release32MT\' != '' and !HasTrailingSlash('K:\onbongit\bx.dual\bx.dual.demo.cplus\bx.dual.demo.cplus\demo_source\project\x64\Release32MT\'))。
       由于 false 条件，已跳过任务“Error”；('$(BaseIntermediateOutputPath)' != '' and !HasTrailingSlash('$(BaseIntermediateOutputPath)'))计算为('obj\' != '' and !HasTrailingSlash('obj\'))。
       由于 false 条件，已跳过任务“Error”；('$(IntermediateOutputPath)' != '' and !HasTrailingSlash('$(IntermediateOutputPath)'))计算为('x64\Release32MT\' != '' and !HasTrailingSlash('x64\Release32MT\'))。
     1>已完成在项目“LedSdkDemo.vcxproj”中生成目标“_CheckForInvalidConfigurationAndPlatform”的操作。
     1>来自项目“K:\onbongit\bx.dual\bx.dual.demo.cplus\bx.dual.demo.cplus\demo_source\project\LedSdkDemo.vcxproj”的文件“C:\Program Files (x86)\MSBuild\Microsoft.Cpp\v4.0\Microsoft.CppBuild.targets”中的目标“_DetermineManagedStateFromCL”(目标“Rebuild”依赖于它):
     1>已完成在项目“LedSdkDemo.vcxproj”中生成目标“_DetermineManagedStateFromCL”的操作。
     1>来自项目“K:\onbongit\bx.dual\bx.dual.demo.cplus\bx.dual.demo.cplus\demo_source\project\LedSdkDemo.vcxproj”的文件“C:\Program Files (x86)\MSBuild\Microsoft.Cpp\v4.0\Microsoft.BuildSteps.Targets”中的目标“_PrepareForRebuild”(目标“Rebuild”依赖于它):
     1>已完成在项目“LedSdkDemo.vcxproj”中生成目标“_PrepareForRebuild”的操作。
     1>来自项目“K:\onbongit\bx.dual\bx.dual.demo.cplus\bx.dual.demo.cplus\demo_source\project\LedSdkDemo.vcxproj”的文件“C:\Program Files (x86)\MSBuild\14.0\bin\Microsoft.Common.CurrentVersion.targets”中的目标“BeforeRebuild”(目标“Rebuild”依赖于它):
     1>已完成在项目“LedSdkDemo.vcxproj”中生成目标“BeforeRebuild”的操作。
     1>来自项目“K:\onbongit\bx.dual\bx.dual.demo.cplus\bx.dual.demo.cplus\demo_source\project\LedSdkDemo.vcxproj”的文件“C:\Program Files (x86)\MSBuild\Microsoft.Cpp\v4.0\Microsoft.BuildSteps.Targets”中的目标“_PrepareForClean”(目标“Clean”依赖于它):
       由于 false 条件，已跳过任务“Delete”；(Exists($(LastBuildState)))计算为(Exists(x64\Release32MT\bxdualsdkdemo.lastbuildstate))。
     1>已完成在项目“LedSdkDemo.vcxproj”中生成目标“_PrepareForClean”的操作。
     1>来自项目“K:\onbongit\bx.dual\bx.dual.demo.cplus\bx.dual.demo.cplus\demo_source\project\LedSdkDemo.vcxproj”的文件“C:\Program Files (x86)\MSBuild\14.0\bin\Microsoft.Common.CurrentVersion.targets”中的目标“BeforeClean”(目标“Clean”依赖于它):
     1>已完成在项目“LedSdkDemo.vcxproj”中生成目标“BeforeClean”的操作。
       由于条件的计算结果为 false，已跳过目标“UnmanagedUnregistration”；((('$(_AssemblyTimestampBeforeCompile)' != '$(_AssemblyTimestampAfterCompile)' or '$(RegisterForComInterop)' != 'true' or '$(OutputType)' != 'library') or
                           ('$(_AssemblyTimestampBeforeCompile)' == '')) and
                          Exists('@(_UnmanagedRegistrationCache)'))的计算结果为((('' != '' or '' != 'true' or 'exe' != 'library') or
                           ('' == '')) and
                          Exists('obj\LedSdkDemo.vcxproj.UnmanagedRegistration.cache'))。
     1>来自项目“K:\onbongit\bx.dual\bx.dual.demo.cplus\bx.dual.demo.cplus\demo_source\project\LedSdkDemo.vcxproj”的文件“C:\Program Files (x86)\MSBuild\14.0\bin\Microsoft.Common.CurrentVersion.targets”中的目标“CoreClean”(目标“Clean”依赖于它):
       正在使用程序集“Microsoft.Build.Tasks.Core, Version=14.0.0.0, Culture=neutral, PublicKeyToken=b03f5f7f11d50a3a”中的“Delete”任务。
       任务“Delete”
         文件“x64\Release32MT\\TempCA\bxdualsdkdemo.pdb”不存在。正在跳过。
         文件“x64\Release32MT\\TempCA\bxdualsdkdemo.exe”不存在。正在跳过。
       已完成执行任务“Delete”的操作。
       正在使用程序集“Microsoft.Build.Tasks.Core, Version=14.0.0.0, Culture=neutral, PublicKeyToken=b03f5f7f11d50a3a”中的“ReadLinesFromFile”任务。
       任务“ReadLinesFromFile”
       已完成执行任务“ReadLinesFromFile”的操作。
       正在使用程序集“Microsoft.Build.Tasks.Core, Version=14.0.0.0, Culture=neutral, PublicKeyToken=b03f5f7f11d50a3a”中的“FindUnderPath”任务。
       任务“FindUnderPath”
         比较路径为“K:\onbongit\bx.dual\bx.dual.demo.cplus\bx.dual.demo.cplus\demo_source\project\x64\Release32MT\”。
       已完成执行任务“FindUnderPath”的操作。
       任务“FindUnderPath”
         比较路径为“x64\Release32MT\”。
       已完成执行任务“FindUnderPath”的操作。
       任务“Delete”
       已完成执行任务“Delete”的操作。
       正在使用程序集“Microsoft.Build.Tasks.Core, Version=14.0.0.0, Culture=neutral, PublicKeyToken=b03f5f7f11d50a3a”中的“RemoveDuplicates”任务。
       任务“RemoveDuplicates”
       已完成执行任务“RemoveDuplicates”的操作。
       正在使用程序集“Microsoft.Build.Tasks.Core, Version=14.0.0.0, Culture=neutral, PublicKeyToken=b03f5f7f11d50a3a”中的“MakeDir”任务。
       任务“MakeDir”
       已完成执行任务“MakeDir”的操作。
       正在使用程序集“Microsoft.Build.Tasks.Core, Version=14.0.0.0, Culture=neutral, PublicKeyToken=b03f5f7f11d50a3a”中的“WriteLinesToFile”任务。
       任务“WriteLinesToFile”
       已完成执行任务“WriteLinesToFile”的操作。
     1>已完成在项目“LedSdkDemo.vcxproj”中生成目标“CoreClean”的操作。
     1>来自项目“K:\onbongit\bx.dual\bx.dual.demo.cplus\bx.dual.demo.cplus\demo_source\project\LedSdkDemo.vcxproj”的文件“C:\Program Files (x86)\MSBuild\14.0\bin\Microsoft.Common.CurrentVersion.targets”中的目标“AssignProjectConfiguration”(目标“CleanReferencedProjects”依赖于它):
       正在使用程序集“Microsoft.Build.Tasks.Core, Version=14.0.0.0, Culture=neutral, PublicKeyToken=b03f5f7f11d50a3a”中的“AssignProjectConfiguration”任务。
       任务“AssignProjectConfiguration”
       已完成执行任务“AssignProjectConfiguration”的操作。
     1>已完成在项目“LedSdkDemo.vcxproj”中生成目标“AssignProjectConfiguration”的操作。
     1>来自项目“K:\onbongit\bx.dual\bx.dual.demo.cplus\bx.dual.demo.cplus\demo_source\project\LedSdkDemo.vcxproj”的文件“C:\Program Files (x86)\MSBuild\14.0\bin\Microsoft.Common.CurrentVersion.targets”中的目标“_SplitProjectReferencesByFileExistence”(目标“CleanReferencedProjects”依赖于它):
       由于 false 条件，已跳过任务“ResolveNonMSBuildProjectOutput”；('$(BuildingInsideVisualStudio)'=='true' and '@(ProjectReferenceWithConfiguration)'!='')计算为('true'=='true' and ''!='')。
     1>已完成在项目“LedSdkDemo.vcxproj”中生成目标“_SplitProjectReferencesByFileExistence”的操作。
     1>来自项目“K:\onbongit\bx.dual\bx.dual.demo.cplus\bx.dual.demo.cplus\demo_source\project\LedSdkDemo.vcxproj”的文件“C:\Program Files (x86)\MSBuild\14.0\bin\Microsoft.Common.CurrentVersion.targets”中的目标“CleanReferencedProjects”(目标“Clean”依赖于它):
       由于 false 条件，已跳过任务“MSBuild”；('$(BuildingInsideVisualStudio)' != 'true' and '$(BuildProjectReferences)' == 'true' and '@(_MSBuildProjectReferenceExistent)' != '')计算为('true' != 'true' and 'true' == 'true' and '' != '')。
     1>已完成在项目“LedSdkDemo.vcxproj”中生成目标“CleanReferencedProjects”的操作。
     1>来自项目“K:\onbongit\bx.dual\bx.dual.demo.cplus\bx.dual.demo.cplus\demo_source\project\LedSdkDemo.vcxproj”的文件“C:\Program Files (x86)\MSBuild\14.0\bin\Microsoft.Common.CurrentVersion.targets”中的目标“CleanPublishFolder”(目标“Clean”依赖于它):
       由于 false 条件，已跳过任务“RemoveDir”；('$(PublishDir)'=='$(OutputPath)app.publish\' and Exists('$(PublishDir)'))计算为('K:\onbongit\bx.dual\bx.dual.demo.cplus\bx.dual.demo.cplus\demo_source\project\x64\Release32MT\app.publish\'=='K:\onbongit\bx.dual\bx.dual.demo.cplus\bx.dual.demo.cplus\demo_source\project\x64\Release32MT\app.publish\' and Exists('K:\onbongit\bx.dual\bx.dual.demo.cplus\bx.dual.demo.cplus\demo_source\project\x64\Release32MT\app.publish\'))。
     1>已完成在项目“LedSdkDemo.vcxproj”中生成目标“CleanPublishFolder”的操作。
     1>来自项目“K:\onbongit\bx.dual\bx.dual.demo.cplus\bx.dual.demo.cplus\demo_source\project\LedSdkDemo.vcxproj”的文件“C:\Program Files (x86)\MSBuild\14.0\bin\Microsoft.Common.CurrentVersion.targets”中的目标“AfterClean”(目标“Clean”依赖于它):
     1>已完成在项目“LedSdkDemo.vcxproj”中生成目标“AfterClean”的操作。
       由于条件的计算结果为 false，已跳过目标“EntityClean”；('@(EntityDeploy)' != '')的计算结果为('' != '')。
     1>来自项目“K:\onbongit\bx.dual\bx.dual.demo.cplus\bx.dual.demo.cplus\demo_source\project\LedSdkDemo.vcxproj”的文件“C:\Program Files (x86)\MSBuild\Microsoft.Cpp\v4.0\Microsoft.CppClean.targets”中的目标“BeforeCppClean”(目标“CppClean”依赖于它):
     1>已完成在项目“LedSdkDemo.vcxproj”中生成目标“BeforeCppClean”的操作。
     1>来自项目“K:\onbongit\bx.dual\bx.dual.demo.cplus\bx.dual.demo.cplus\demo_source\project\LedSdkDemo.vcxproj”的文件“C:\Program Files (x86)\MSBuild\Microsoft.Cpp\v4.0\Microsoft.CppClean.targets”中的目标“CoreCppClean”(目标“CppClean”依赖于它):
       任务“MakeDir”
       已完成执行任务“MakeDir”的操作。
       正在使用程序集“Microsoft.Build.CppTasks.Common, Version=4.0.0.0, Culture=neutral, PublicKeyToken=b03f5f7f11d50a3a”中的“CppClean”任务。
       任务“CppClean”
       已完成执行任务“CppClean”的操作。
       任务“WriteLinesToFile”
       已完成执行任务“WriteLinesToFile”的操作。
     1>已完成在项目“LedSdkDemo.vcxproj”中生成目标“CoreCppClean”的操作。
     1>来自项目“K:\onbongit\bx.dual\bx.dual.demo.cplus\bx.dual.demo.cplus\demo_source\project\LedSdkDemo.vcxproj”的文件“C:\Program Files (x86)\MSBuild\Microsoft.Cpp\v4.0\Microsoft.CppClean.targets”中的目标“AfterCppClean”(目标“CppClean”依赖于它):
     1>已完成在项目“LedSdkDemo.vcxproj”中生成目标“AfterCppClean”的操作。
     1>来自项目“K:\onbongit\bx.dual\bx.dual.demo.cplus\bx.dual.demo.cplus\demo_source\project\LedSdkDemo.vcxproj”的文件“C:\Program Files (x86)\MSBuild\Microsoft.Cpp\v4.0\Microsoft.CppClean.targets”中的目标“PGInstrumentedClean”(目标“CppClean”依赖于它):
       任务“Delete”
       已完成执行任务“Delete”的操作。
     1>已完成在项目“LedSdkDemo.vcxproj”中生成目标“PGInstrumentedClean”的操作。
     1>来自项目“K:\onbongit\bx.dual\bx.dual.demo.cplus\bx.dual.demo.cplus\demo_source\project\LedSdkDemo.vcxproj”的文件“C:\Program Files (x86)\MSBuild\Microsoft.Cpp\v4.0\Microsoft.CppClean.targets”中的目标“CppClean”(目标“Clean”依赖于它):
     1>已完成在项目“LedSdkDemo.vcxproj”中生成目标“CppClean”的操作。
     1>来自项目“K:\onbongit\bx.dual\bx.dual.demo.cplus\bx.dual.demo.cplus\demo_source\project\LedSdkDemo.vcxproj”的文件“C:\Program Files (x86)\MSBuild\14.0\bin\Microsoft.Common.CurrentVersion.targets”中的目标“Clean”(目标“Rebuild”依赖于它):
     1>已完成在项目“LedSdkDemo.vcxproj”中生成目标“Clean”的操作。
       已跳过目标“_DetermineManagedStateFromCL”。以前的生成已成功。
     1>来自项目“K:\onbongit\bx.dual\bx.dual.demo.cplus\bx.dual.demo.cplus\demo_source\project\LedSdkDemo.vcxproj”的文件“C:\Program Files (x86)\MSBuild\Microsoft.Cpp\v4.0\Microsoft.BuildSteps.Targets”中的目标“_PrepareForBuild”(目标“Build”依赖于它):
     1>已完成在项目“LedSdkDemo.vcxproj”中生成目标“_PrepareForBuild”的操作。
     1>来自项目“K:\onbongit\bx.dual\bx.dual.demo.cplus\bx.dual.demo.cplus\demo_source\project\LedSdkDemo.vcxproj”的文件“C:\Program Files (x86)\MSBuild\Microsoft.Cpp\v4.0\Microsoft.cpp.targets”中的目标“SetBuildDefaultEnvironmentVariables”(目标“Build”依赖于它):
       正在使用程序集“Microsoft.Build.CppTasks.Common, Version=4.0.0.0, Culture=neutral, PublicKeyToken=b03f5f7f11d50a3a”中的“SetEnv”任务。
       任务“SetEnv”
         PATH=C:\Program Files (x86)\Microsoft Visual Studio 10.0\VC\bin\x86_amd64;C:\Program Files (x86)\Microsoft Visual Studio 10.0\VC\bin;C:\Program Files (x86)\Microsoft SDKs\Windows\v7.0A\bin\NETFX 4.0 Tools;C:\Program Files (x86)\Microsoft SDKs\Windows\v7.0A\bin;C:\Program Files (x86)\Microsoft Visual Studio 10.0\Common7\Tools\bin;C:\Program Files (x86)\Microsoft Visual Studio 10.0\Common7\tools;C:\Program Files (x86)\Microsoft Visual Studio 10.0\Common7\ide;C:\Program Files (x86)\HTML Help Workshop;C:\Program Files (x86)\Microsoft SDKs\Windows\v7.0A\\bin;C:\Program Files (x86)\Microsoft SDKs\Windows\v7.0A\\lib\win64;C:\Program Files (x86)\MSBuild\14.0\bin\;;C:\Program Files (x86)\Microsoft Visual Studio 14.0\Common7\IDE\CommonExtensions\Microsoft\TeamFoundation\Team Explorer\NativeBinaries\x86;C:\Python27\;C:\Python27\Scripts;C:\oraclexe\app\oracle\product\11.2.0\server\bin;C:\app\jqb\product\11.2.0\client_1\bin;C:\Program Files (x86)\Intel\iCLS Client\;C:\Program Files\Intel\iCLS Client\;C:\WINDOWS\system32;C:\WINDOWS;C:\WINDOWS\System32\Wbem;C:\WINDOWS\System32\WindowsPowerShell\v1.0\;C:\Program Files (x86)\Intel\Intel(R) Management Engine Components\DAL;C:\Program Files\Intel\Intel(R) Management Engine Components\DAL;C:\Program Files (x86)\Intel\Intel(R) Management Engine Components\IPT;C:\Program Files\Intel\Intel(R) Management Engine Components\IPT;C:\Users\jqb\.dnx\bin;C:\Program Files\Microsoft DNX\Dnvm\;C:\Program Files\Microsoft SQL Server\120\Tools\Binn\;C:\Program Files\Microsoft SQL Server\130\Tools\Binn\;C:\Program Files\TortoiseSVN\bin;C:\Program Files (x86)\VisualSVN\bin;C:\Program Files\VisualSVN Server\bin;C:\WINDOWS\System32\OpenSSH\;I:\开发工具\Debuggers_\Debuggers;C:\;rogram Files\dotnet\;C:\Program Files\Microsoft SQL Server\Client SDK\ODBC\170\Tools\Binn\;C:\Program Files (x86)\IncrediBuild;C:\Program Files (x86)\Microsoft SQL Server\100\Tools\Binn\;C:\Program Files\Microsoft SQL Server\100\Tools\Binn\;C:\Program Files\Microsoft SQL Server\100\DTS\Binn\;C:\Program Files\Java\jdk-12.0.1\bin;C:\Program Files\TortoiseGit\bin;C:\Program Files\Git\cmd;C:\Program Files\PuTTY\;C:\Program Files\nodejs\;C:\ProgramData\chocolatey\bin;C:\Users\jqb\AppData\Local\Microsoft\WindowsApps;C:\Users\jqb\AppData\Local\Programs\Microsoft VS Code\bin;C:\Program Files (x86)\Microsoft Visual Studio 10.0\Common7\IDE;C:\Program Files (x86)\Microsoft Visual Studio 10.0\VC\bin;C:\Program Files (x86)\Microsoft SDKs\Windows\v7.1A\Include;C:\Users\jqb\AppData\Roaming\npm;;C:\Windows\Microsoft.NET\Framework\v4.0.30319\
       已完成执行任务“SetEnv”的操作。
       由于 false 条件，已跳过任务“SetEnv”；('$(_IsNativeEnvironment)' == 'true')计算为('' == 'true')。
       任务“SetEnv”
         LIB=C:\Program Files (x86)\Microsoft Visual Studio 10.0\VC\lib\amd64;C:\Program Files (x86)\Microsoft Visual Studio 10.0\VC\atlmfc\lib\amd64;C:\Program Files (x86)\Microsoft SDKs\Windows\v7.0A\lib\x64;
       已完成执行任务“SetEnv”的操作。
       任务“SetEnv”
         LIBPATH=C:\Program Files (x86)\Microsoft Visual Studio 10.0\VC\atlmfc\lib\amd64;C:\Program Files (x86)\Microsoft Visual Studio 10.0\VC\lib\amd64
       已完成执行任务“SetEnv”的操作。
       任务“SetEnv”
         INCLUDE=C:\Program Files (x86)\Microsoft Visual Studio 10.0\VC\include;C:\Program Files (x86)\Microsoft Visual Studio 10.0\VC\atlmfc\include;C:\Program Files (x86)\Microsoft SDKs\Windows\v7.0A\include;C:\Program Files (x86)\Microsoft SDKs\Windows\v7.0A\\include;
       已完成执行任务“SetEnv”的操作。
     1>已完成在项目“LedSdkDemo.vcxproj”中生成目标“SetBuildDefaultEnvironmentVariables”的操作。
       由于条件的计算结果为 false，已跳过目标“SetUserMacroEnvironmentVariables”；('@(BuildMacro)' != '')的计算结果为('' != '')。
     1>来自项目“K:\onbongit\bx.dual\bx.dual.demo.cplus\bx.dual.demo.cplus\demo_source\project\LedSdkDemo.vcxproj”的文件“C:\Program Files (x86)\MSBuild\Microsoft.Cpp\v4.0\V140\Microsoft.Cpp.Redirect.Common.targets”中的目标“_PrepareForAssemblyReferenceResolution”(目标“ResolveReferences”依赖于它):
     1>已完成在项目“LedSdkDemo.vcxproj”中生成目标“_PrepareForAssemblyReferenceResolution”的操作。
     1>来自项目“K:\onbongit\bx.dual\bx.dual.demo.cplus\bx.dual.demo.cplus\demo_source\project\LedSdkDemo.vcxproj”的文件“C:\Program Files (x86)\MSBuild\14.0\bin\Microsoft.Common.CurrentVersion.targets”中的目标“BeforeResolveReferences”(目标“ResolveReferences”依赖于它):
     1>已完成在项目“LedSdkDemo.vcxproj”中生成目标“BeforeResolveReferences”的操作。
       已跳过目标“AssignProjectConfiguration”。以前的生成已成功。
       已跳过目标“AssignProjectConfiguration”。以前的生成已成功。
       已跳过目标“_SplitProjectReferencesByFileExistence”。以前的生成已成功。
       由于条件的计算结果为 false，已跳过目标“_RemoveNameMetadataFromProjectReferenceItems”；('@(ProjectReference)'!='')的计算结果为(''!='')。
     1>来自项目“K:\onbongit\bx.dual\bx.dual.demo.cplus\bx.dual.demo.cplus\demo_source\project\LedSdkDemo.vcxproj”的文件“C:\Program Files (x86)\MSBuild\14.0\bin\Microsoft.Common.CurrentVersion.targets”中的目标“ResolveProjectReferences”(目标“ResolveReferences”依赖于它):
       由于 false 条件，已跳过任务“MSBuild”；('%(_MSBuildProjectReferenceExistent.BuildReference)' == 'true' and '@(ProjectReferenceWithConfiguration)' != '' and ('$(BuildingInsideVisualStudio)' == 'true' or '$(BuildProjectReferences)' != 'true') and '$(VisualStudioVersion)' != '10.0' and '@(_MSBuildProjectReferenceExistent)' != '')计算为('' == 'true' and '' != '' and ('true' == 'true' or 'true' != 'true') and '14.0' != '10.0' and '' != '')。
       由于 false 条件，已跳过任务“MSBuild”；('%(_MSBuildProjectReferenceExistent.BuildReference)' == 'true' and '@(ProjectReferenceWithConfiguration)' != '' and ('$(BuildingInsideVisualStudio)' == 'true' or '$(BuildProjectReferences)' != 'true') and '$(VisualStudioVersion)' == '10.0' and '@(_MSBuildProjectReferenceExistent)' != '')计算为('' == 'true' and '' != '' and ('true' == 'true' or 'true' != 'true') and '14.0' == '10.0' and '' != '')。
       由于 false 条件，已跳过任务“MSBuild”；('%(_MSBuildProjectReferenceExistent.BuildReference)' == 'true' and '@(ProjectReferenceWithConfiguration)' != '' and '$(BuildingInsideVisualStudio)' != 'true' and '$(BuildProjectReferences)' == 'true' and '@(_MSBuildProjectReferenceExistent)' != '')计算为('' == 'true' and '' != '' and 'true' != 'true' and 'true' == 'true' and '' != '')。
       由于 false 条件，已跳过任务“MSBuild”；('%(_MSBuildProjectReferenceExistent.BuildReference)' == 'true' and '@(ProjectReferenceWithConfiguration)' != '' and '$(BuildingProject)' == 'true' and '@(_MSBuildProjectReferenceExistent)' != '')计算为('' == 'true' and '' != '' and 'true' == 'true' and '' != '')。
       由于 false 条件，已跳过任务“Warning”；('@(ProjectReferenceWithConfiguration)' != '' and '@(_MSBuildProjectReferenceNonexistent)' != '')计算为('' != '' and '' != '')。
     1>已完成在项目“LedSdkDemo.vcxproj”中生成目标“ResolveProjectReferences”的操作。
       由于条件的计算结果为 false，已跳过目标“FindInvalidProjectReferences”；('$(FindInvalidProjectReferences)' == 'true')的计算结果为('' == 'true')。
       由于条件的计算结果为 false，已跳过目标“ResolveNativeReferences”；('@(NativeReference)'!='')的计算结果为(''!='')。
       已跳过目标“_PrepareForAssemblyReferenceResolution”。以前的生成已成功。
     1>来自项目“K:\onbongit\bx.dual\bx.dual.demo.cplus\bx.dual.demo.cplus\demo_source\project\LedSdkDemo.vcxproj”的文件“C:\Program Files (x86)\MSBuild\14.0\bin\Microsoft.NetFramework.CurrentVersion.targets”中的目标“GetFrameworkPaths”(目标“ResolveAssemblyReferences”依赖于它):
     1>已完成在项目“LedSdkDemo.vcxproj”中生成目标“GetFrameworkPaths”的操作。
       由于条件的计算结果为 false，已跳过目标“GetWinFXPath”；(('@(Page)' != '' or '@(ApplicationDefinition)' != '' or '@(Resource)' != '') and ('$(GetWinFXNativePath)' != '' or '$(GetWinFXWoWPath)' != '' ))的计算结果为(('' != '' or '' != '' or '' != '') and ('' != '' or '' != '' ))。
     1>来自项目“K:\onbongit\bx.dual\bx.dual.demo.cplus\bx.dual.demo.cplus\demo_source\project\LedSdkDemo.vcxproj”的文件“C:\Program Files (x86)\MSBuild\14.0\bin\Microsoft.Common.CurrentVersion.targets”中的目标“GetReferenceAssemblyPaths”(目标“ResolveAssemblyReferences”依赖于它):
       由于 false 条件，已跳过任务“GetReferenceAssemblyPaths”；('$(TargetFrameworkMoniker)' != '' and ('$(_TargetFrameworkDirectories)' == '' or '$(_FullFrameworkReferenceAssemblyPaths)' == ''))计算为('' != '' and ('C:\Program Files (x86)\Reference Assemblies\Microsoft\Framework\.NETFramework\v4.0' == '' or 'C:\Program Files (x86)\Reference Assemblies\Microsoft\Framework\.NETFramework\v4.0' == ''))。
     1>已完成在项目“LedSdkDemo.vcxproj”中生成目标“GetReferenceAssemblyPaths”的操作。
     1>来自项目“K:\onbongit\bx.dual\bx.dual.demo.cplus\bx.dual.demo.cplus\demo_source\project\LedSdkDemo.vcxproj”的文件“C:\Program Files (x86)\MSBuild\Microsoft.Cpp\v4.0\Platforms\x64\Microsoft.Cpp.x64.Targets”中的目标“PlatformPrepareForBuild”(目标“PrepareForBuild”依赖于它):
       由于 false 条件，已跳过任务“VCMessage”；(!(exists('$(VCTargetsPath)\Platforms\x64\PlatformToolsets\$(PlatformToolset)\Microsoft.Cpp.x64.$(PlatformToolset).targets')))计算为(!(exists('C:\Program Files (x86)\MSBuild\Microsoft.Cpp\v4.0\\Platforms\x64\PlatformToolsets\v100\Microsoft.Cpp.x64.v100.targets')))。
     1>已完成在项目“LedSdkDemo.vcxproj”中生成目标“PlatformPrepareForBuild”的操作。
       已跳过目标“GetFrameworkPaths”。以前的生成已成功。
       已跳过目标“GetReferenceAssemblyPaths”。以前的生成已成功。
       由于条件的计算结果为 false，已跳过目标“AssignLinkMetadata”；( '$(SynthesizeLinkMetadata)' == 'true' )的计算结果为( '' == 'true' )。
     1>来自项目“K:\onbongit\bx.dual\bx.dual.demo.cplus\bx.dual.demo.cplus\demo_source\project\LedSdkDemo.vcxproj”的文件“C:\Program Files (x86)\MSBuild\Microsoft\VisualStudio\v14.0\CodeAnalysis\Microsoft.CodeAnalysis.targets”中的目标“SetCABuildNativeEnvironmentVariables”(目标“PrepareForBuild”依赖于它):
       正在从程序集“C:\Program Files (x86)\MSBuild\14.0\bin\Microsoft.Build.Tasks.Core.dll”初始化任务工厂“CodeTaskFactory”。
       正在使用来自任务工厂“Code Task Factory”的“SetEnvironmentVariable”任务。
       任务“SetEnvironmentVariable”
       已完成执行任务“SetEnvironmentVariable”的操作。
     1>已完成在项目“LedSdkDemo.vcxproj”中生成目标“SetCABuildNativeEnvironmentVariables”的操作。
     1>来自项目“K:\onbongit\bx.dual\bx.dual.demo.cplus\bx.dual.demo.cplus\demo_source\project\LedSdkDemo.vcxproj”的文件“C:\Program Files (x86)\MSBuild\Microsoft.Cpp\v4.0\Microsoft.CppBuild.targets”中的目标“PrepareForBuild”(目标“ResolveAssemblyReferences”依赖于它):
       由于 false 条件，已跳过任务“VCMessage”；('$(DesignTimeBuild)'!='true' and '$(ConfigurationPlatformExists)' != 'true')计算为(''!='true' and 'true' != 'true')。
       任务“MakeDir”
       已完成执行任务“MakeDir”的操作。
       由于 false 条件，已跳过任务“VCMessage”；('$(DesignTimeBuild)'!='true' and '$(VCInstallDir)'=='' and '$(UseEnv)' != 'true' and ($(TargetFrameworkVersion)=='v3.5' or $(TargetFrameworkVersion)=='v3.0' or $(TargetFrameworkVersion)=='v2.0' ))计算为(''!='true' and 'C:\Program Files (x86)\Microsoft Visual Studio 10.0\VC\'=='' and '' != 'true' and (v4.0=='v3.5' or v4.0=='v3.0' or v4.0=='v2.0' ))。
       由于 false 条件，已跳过任务“VCMessage”；('$(DesignTimeBuild)'!='true' and '$(VCInstallDir)'=='' and '$(UseEnv)' != 'true' and '$(PlatformToolset)'=='v90')计算为(''!='true' and 'C:\Program Files (x86)\Microsoft Visual Studio 10.0\VC\'=='' and '' != 'true' and 'v100'=='v90')。
       由于 false 条件，已跳过任务“VCMessage”；('$(VCInstallDir)'=='' and '$(UseEnv)' != 'true')计算为('C:\Program Files (x86)\Microsoft Visual Studio 10.0\VC\'=='' and '' != 'true')。
       由于 false 条件，已跳过任务“VCMessage”；('$(WindowsSDKDir)'=='' and '$(UseEnv)' != 'true')计算为('C:\Program Files (x86)\Microsoft SDKs\Windows\v7.0A\'=='' and '' != 'true')。
       由于 false 条件，已跳过任务“VCMessage”；('$(IntDirTrailingSlashWarning)'=='true')计算为(''=='true')。
       由于 false 条件，已跳过任务“VCMessage”；('$(OutDirTrailingSlashWarning)'=='true')计算为(''=='true')。
       任务“MakeDir”
       已完成执行任务“MakeDir”的操作。
     1>已完成在项目“LedSdkDemo.vcxproj”中生成目标“PrepareForBuild”的操作。
       已跳过目标“_PrepareForAssemblyReferenceResolution”。以前的生成已成功。
     1>来自项目“K:\onbongit\bx.dual\bx.dual.demo.cplus\bx.dual.demo.cplus\demo_source\project\LedSdkDemo.vcxproj”的文件“C:\Program Files (x86)\MSBuild\14.0\bin\Microsoft.Common.CurrentVersion.targets”中的目标“GetInstalledSDKLocations”(目标“ResolveSDKReferences”依赖于它):
       由于 false 条件，已跳过任务“GetInstalledSDKLocations”；('@(SDKReference)' != '')计算为('' != '')。
       由于 false 条件，已跳过任务“GetInstalledSDKLocations”；('@(SDKReference)' != '' and '$(SupportWindows81SDKs)' == 'true' and '$(TargetPlatformIdentifierWindows81)' != '' and '$(TargetPlatformVersionWindows81)' != '')计算为('' != '' and '' == 'true' and '' != '' and '' != '')。
       由于 false 条件，已跳过任务“GetInstalledSDKLocations”；('@(SDKReference)' != '' and '$(SupportWindowsPhone81SDKs)' == 'true' and '$(TargetPlatformIdentifierWindowsPhone81)' != '' and '$(TargetPlatformVersionWindowsPhone81)' != '')计算为('' != '' and '' == 'true' and '' != '' and '' != '')。
     1>已完成在项目“LedSdkDemo.vcxproj”中生成目标“GetInstalledSDKLocations”的操作。
     1>来自项目“K:\onbongit\bx.dual\bx.dual.demo.cplus\bx.dual.demo.cplus\demo_source\project\LedSdkDemo.vcxproj”的文件“C:\Program Files (x86)\MSBuild\14.0\Microsoft.Common.targets\ImportBefore\Windows.8.1.UT_SDKReference.props”中的目标“ModifyUnitTestPlatformVersion”(目标“ResolveSDKReferences”依赖于它):
     1>已完成在项目“LedSdkDemo.vcxproj”中生成目标“ModifyUnitTestPlatformVersion”的操作。
     1>来自项目“K:\onbongit\bx.dual\bx.dual.demo.cplus\bx.dual.demo.cplus\demo_source\project\LedSdkDemo.vcxproj”的文件“C:\Program Files (x86)\MSBuild\14.0\bin\Microsoft.Common.CurrentVersion.targets”中的目标“ResolveSDKReferences”(目标“ResolveAssemblyReferences”依赖于它):
       由于 false 条件，已跳过任务“ResolveSDKReference”；('@(SDKReference)'!='')计算为(''!='')。
     1>已完成在项目“LedSdkDemo.vcxproj”中生成目标“ResolveSDKReferences”的操作。
       已跳过目标“ResolveSDKReferences”。以前的生成已成功。
     1>来自项目“K:\onbongit\bx.dual\bx.dual.demo.cplus\bx.dual.demo.cplus\demo_source\project\LedSdkDemo.vcxproj”的文件“C:\Program Files (x86)\MSBuild\14.0\bin\Microsoft.Common.CurrentVersion.targets”中的目标“ExpandSDKReferences”(目标“ResolveAssemblyReferences”依赖于它):
       由于 false 条件，已跳过任务“GetSDKReferenceFiles”；('@(ResolvedSDKReference)'!='')计算为(''!='')。
     1>已完成在项目“LedSdkDemo.vcxproj”中生成目标“ExpandSDKReferences”的操作。
       由于条件的计算结果为 false，已跳过目标“ResolveNuGetPackageAssets”；('$(ResolveNuGetPackages)' == 'true' and exists('$(ProjectLockFile)'))的计算结果为('true' == 'true' and exists('project.lock.json'))。
       由于条件的计算结果为 false，已跳过目标“FakesGenerateBeforeBuild”；(@(Fakes) != '' AND $(BuildingProject))的计算结果为( != '' AND true)。
     1>来自项目“K:\onbongit\bx.dual\bx.dual.demo.cplus\bx.dual.demo.cplus\demo_source\project\LedSdkDemo.vcxproj”的文件“C:\Program Files (x86)\MSBuild\14.0\bin\Microsoft.Common.CurrentVersion.targets”中的目标“ResolveAssemblyReferences”(目标“ResolveReferences”依赖于它):
       由于 false 条件，已跳过任务“ResolveAssemblyReference”；('@(Reference)'!='' or '@(_ResolvedProjectReferencePaths)'!='' or '@(_ExplicitReference)' != '')计算为(''!='' or ''!='' or '' != '')。
     1>已完成在项目“LedSdkDemo.vcxproj”中生成目标“ResolveAssemblyReferences”的操作。
       由于条件的计算结果为 false，已跳过目标“GenerateBindingRedirects”；('$(AutoGenerateBindingRedirects)' == 'true' and '$(GenerateBindingRedirectsOutputType)' == 'true')的计算结果为('' == 'true' and 'true' == 'true')。
       由于条件的计算结果为 false，已跳过目标“GenerateBindingRedirectsUpdateAppConfig”；('$(AutoGenerateBindingRedirects)' == 'true' and '$(GenerateBindingRedirectsOutputType)' == 'true' and Exists('$(_GenerateBindingRedirectsIntermediateAppConfig)'))的计算结果为('' == 'true' and 'true' == 'true' and Exists('x64\Release32MT\LedSdkDemo.vcxproj.bxdualsdkdemo.exe.config'))。
       由于条件的计算结果为 false，已跳过目标“ResolveComReferences”；('@(COMReference)'!='' or '@(COMFileReference)'!='')的计算结果为(''!='' or ''!='')。
     1>来自项目“K:\onbongit\bx.dual\bx.dual.demo.cplus\bx.dual.demo.cplus\demo_source\project\LedSdkDemo.vcxproj”的文件“C:\Program Files (x86)\MSBuild\14.0\bin\Microsoft.Common.CurrentVersion.targets”中的目标“AfterResolveReferences”(目标“ResolveReferences”依赖于它):
     1>已完成在项目“LedSdkDemo.vcxproj”中生成目标“AfterResolveReferences”的操作。
       由于条件的计算结果为 false，已跳过目标“ImplicitlyExpandDesignTimeFacades”；('$(ImplicitlyExpandDesignTimeFacades)' == 'true')的计算结果为('' == 'true')。
       由于条件的计算结果为 false，已跳过目标“ResolveTestReferences”；('@(Shadow)'!='')的计算结果为(''!='')。
     1>来自项目“K:\onbongit\bx.dual\bx.dual.demo.cplus\bx.dual.demo.cplus\demo_source\project\LedSdkDemo.vcxproj”的文件“C:\Program Files (x86)\MSBuild\14.0\bin\Microsoft.Common.CurrentVersion.targets”中的目标“ResolveReferences”(目标“Build”依赖于它):
     1>已完成在项目“LedSdkDemo.vcxproj”中生成目标“ResolveReferences”的操作。
       已跳过目标“PrepareForBuild”。以前的生成已成功。
       已跳过目标“PrepareForBuild”。以前的生成已成功。
     1>来自项目“K:\onbongit\bx.dual\bx.dual.demo.cplus\bx.dual.demo.cplus\demo_source\project\LedSdkDemo.vcxproj”的文件“C:\Program Files (x86)\MSBuild\Microsoft.Cpp\v4.0\Microsoft.CppBuild.targets”中的目标“InitializeBuildStatus”(目标“Build”依赖于它):
       任务“ReadLinesFromFile”
       已完成执行任务“ReadLinesFromFile”的操作。
       任务“WriteLinesToFile”
       已完成执行任务“WriteLinesToFile”的操作。
       正在使用程序集“Microsoft.Build.Tasks.Core, Version=14.0.0.0, Culture=neutral, PublicKeyToken=b03f5f7f11d50a3a”中的“Touch”任务。
       任务“Touch”
         正在创建“x64\Release32MT\bxdualsdkdemo.unsuccessfulbuild”，因为已指定“AlwaysCreate”。
       已完成执行任务“Touch”的操作。
     1>已完成在项目“LedSdkDemo.vcxproj”中生成目标“InitializeBuildStatus”的操作。
       已跳过目标“AssignProjectConfiguration”。以前的生成已成功。
       已跳过目标“_SplitProjectReferencesByFileExistence”。以前的生成已成功。
     1>来自项目“K:\onbongit\bx.dual\bx.dual.demo.cplus\bx.dual.demo.cplus\demo_source\project\LedSdkDemo.vcxproj”的文件“C:\Program Files (x86)\MSBuild\14.0\bin\Microsoft.Common.CurrentVersion.targets”中的目标“BuildGenerateSourcesTraverse”(目标“BuildGenerateSources”依赖于它):
       由于 false 条件，已跳过任务“MSBuild”；('$(BuildPassReferences)' == 'true' and '@(ProjectReferenceWithConfiguration)' != '' and '@(_MSBuildProjectReferenceExistent)' != '' and '%(_MSBuildProjectReferenceExistent.BuildReference)' == 'true')计算为('' == 'true' and '' != '' and '' != '' and '' == 'true')。
     1>已完成在项目“LedSdkDemo.vcxproj”中生成目标“BuildGenerateSourcesTraverse”的操作。
       已跳过目标“SetBuildDefaultEnvironmentVariables”。以前的生成已成功。
       由于条件的计算结果为 false，已跳过目标“SetUserMacroEnvironmentVariables”；('@(BuildMacro)' != '')的计算结果为('' != '')。
       已跳过目标“PrepareForBuild”。以前的生成已成功。
       已跳过目标“ResolveReferences”。以前的生成已成功。
     1>来自项目“K:\onbongit\bx.dual\bx.dual.demo.cplus\bx.dual.demo.cplus\demo_source\project\LedSdkDemo.vcxproj”的文件“C:\Program Files (x86)\MSBuild\Microsoft.Cpp\v4.0\Microsoft.BuildSteps.Targets”中的目标“BeforeBuildGenerateSources”(目标“BuildGenerateSources”依赖于它):
     1>已完成在项目“LedSdkDemo.vcxproj”中生成目标“BeforeBuildGenerateSources”的操作。
     1>来自项目“K:\onbongit\bx.dual\bx.dual.demo.cplus\bx.dual.demo.cplus\demo_source\project\LedSdkDemo.vcxproj”的文件“C:\Program Files (x86)\MSBuild\Microsoft.Cpp\v4.0\Microsoft.CppCommon.targets”中的目标“PreBuildEvent”(目标“BuildGenerateSources”依赖于它):
       由于 false 条件，已跳过任务“Message”；('%(PreBuildEvent.Message)' != '' and '%(PreBuildEvent.Command)' != '')计算为('' != '' and '' != '')。
       由于 false 条件，已跳过任务“Exec”；('%(PreBuildEvent.Command)' != '')计算为('' != '')。
     1>已完成在项目“LedSdkDemo.vcxproj”中生成目标“PreBuildEvent”的操作。
       由于条件的计算结果为 false，已跳过目标“CustomBuild”；('@(CustomBuild)' != '')的计算结果为('' != '')。
     1>来自项目“K:\onbongit\bx.dual\bx.dual.demo.cplus\bx.dual.demo.cplus\demo_source\project\LedSdkDemo.vcxproj”的文件“C:\Program Files (x86)\MSBuild\Microsoft.Cpp\v4.0\Microsoft.CppBuild.targets”中的目标“_GenerateXMLData”(目标“BuildGenerateSources”依赖于它):
     1>已完成在项目“LedSdkDemo.vcxproj”中生成目标“_GenerateXMLData”的操作。
     1>来自项目“K:\onbongit\bx.dual\bx.dual.demo.cplus\bx.dual.demo.cplus\demo_source\project\LedSdkDemo.vcxproj”的文件“C:\Program Files (x86)\MSBuild\Microsoft.Cpp\v4.0\Microsoft.CppBuild.targets”中的目标“_GenerateWebServiceProxy”(目标“BuildGenerateSources”依赖于它):
     1>已完成在项目“LedSdkDemo.vcxproj”中生成目标“_GenerateWebServiceProxy”的操作。
       由于条件的计算结果为 false，已跳过目标“Xsd”；('@(Xsd)' != '')的计算结果为('' != '')。
     1>来自项目“K:\onbongit\bx.dual\bx.dual.demo.cplus\bx.dual.demo.cplus\demo_source\project\LedSdkDemo.vcxproj”的文件“C:\Program Files (x86)\MSBuild\Microsoft.Cpp\v4.0\Microsoft.CppBuild.targets”中的目标“_Xsd”(目标“BuildGenerateSources”依赖于它):
     1>已完成在项目“LedSdkDemo.vcxproj”中生成目标“_Xsd”的操作。
     1>来自项目“K:\onbongit\bx.dual\bx.dual.demo.cplus\bx.dual.demo.cplus\demo_source\project\LedSdkDemo.vcxproj”的文件“C:\Program Files (x86)\MSBuild\Microsoft.Cpp\v4.0\Microsoft.CppBuild.targets”中的目标“MakeDirsForMidl”(目标“_Midl”依赖于它):
       任务“Makedir”
       已完成执行任务“Makedir”的操作。
     1>已完成在项目“LedSdkDemo.vcxproj”中生成目标“MakeDirsForMidl”的操作。
       由于条件的计算结果为 false，已跳过目标“Midl”；('@(Midl)' != '')的计算结果为('' != '')。
       由于条件的计算结果为 false，已跳过目标“CustomBuild”；('@(CustomBuild)' != '')的计算结果为('' != '')。
     1>来自项目“K:\onbongit\bx.dual\bx.dual.demo.cplus\bx.dual.demo.cplus\demo_source\project\LedSdkDemo.vcxproj”的文件“C:\Program Files (x86)\MSBuild\Microsoft.Cpp\v4.0\Microsoft.CppBuild.targets”中的目标“ComputeMIDLGeneratedCompileInputs”(目标“_Midl”依赖于它):
     1>已完成在项目“LedSdkDemo.vcxproj”中生成目标“ComputeMIDLGeneratedCompileInputs”的操作。
     1>来自项目“K:\onbongit\bx.dual\bx.dual.demo.cplus\bx.dual.demo.cplus\demo_source\project\LedSdkDemo.vcxproj”的文件“C:\Program Files (x86)\MSBuild\Microsoft.Cpp\v4.0\Microsoft.CppBuild.targets”中的目标“AfterMidl”(目标“_Midl”依赖于它):
     1>已完成在项目“LedSdkDemo.vcxproj”中生成目标“AfterMidl”的操作。
     1>来自项目“K:\onbongit\bx.dual\bx.dual.demo.cplus\bx.dual.demo.cplus\demo_source\project\LedSdkDemo.vcxproj”的文件“C:\Program Files (x86)\MSBuild\Microsoft.Cpp\v4.0\Microsoft.CppBuild.targets”中的目标“_Midl”(目标“BuildGenerateSources”依赖于它):
     1>已完成在项目“LedSdkDemo.vcxproj”中生成目标“_Midl”的操作。
     1>来自项目“K:\onbongit\bx.dual\bx.dual.demo.cplus\bx.dual.demo.cplus\demo_source\project\LedSdkDemo.vcxproj”的文件“C:\Program Files (x86)\MSBuild\Microsoft.Cpp\v4.0\Microsoft.BuildSteps.Targets”中的目标“AfterBuildGenerateSources”(目标“BuildGenerateSources”依赖于它):
     1>已完成在项目“LedSdkDemo.vcxproj”中生成目标“AfterBuildGenerateSources”的操作。
     1>来自项目“K:\onbongit\bx.dual\bx.dual.demo.cplus\bx.dual.demo.cplus\demo_source\project\LedSdkDemo.vcxproj”的文件“C:\Program Files (x86)\MSBuild\Microsoft.Cpp\v4.0\Microsoft.CppBuild.targets”中的目标“AfterBuildGenerateSourcesEvent”(目标“BuildGenerateSources”依赖于它):
     1>已完成在项目“LedSdkDemo.vcxproj”中生成目标“AfterBuildGenerateSourcesEvent”的操作。
     1>来自项目“K:\onbongit\bx.dual\bx.dual.demo.cplus\bx.dual.demo.cplus\demo_source\project\LedSdkDemo.vcxproj”的文件“C:\Program Files (x86)\MSBuild\14.0\bin\Microsoft.Common.CurrentVersion.targets”中的目标“BuildGenerateSources”(目标“Build”依赖于它):
     1>已完成在项目“LedSdkDemo.vcxproj”中生成目标“BuildGenerateSources”的操作。
       已跳过目标“AssignProjectConfiguration”。以前的生成已成功。
       已跳过目标“_SplitProjectReferencesByFileExistence”。以前的生成已成功。
     1>来自项目“K:\onbongit\bx.dual\bx.dual.demo.cplus\bx.dual.demo.cplus\demo_source\project\LedSdkDemo.vcxproj”的文件“C:\Program Files (x86)\MSBuild\14.0\bin\Microsoft.Common.CurrentVersion.targets”中的目标“BuildCompileTraverse”(目标“BuildCompile”依赖于它):
       由于 false 条件，已跳过任务“MSBuild”；('$(BuildPassReferences)' == 'true' and '@(ProjectReferenceWithConfiguration)' != '' and '@(_MSBuildProjectReferenceExistent)' != ''  and '%(_MSBuildProjectReferenceExistent.BuildReference)' == 'true')计算为('' == 'true' and '' != '' and '' != ''  and '' == 'true')。
     1>已完成在项目“LedSdkDemo.vcxproj”中生成目标“BuildCompileTraverse”的操作。
       已跳过目标“SetBuildDefaultEnvironmentVariables”。以前的生成已成功。
       由于条件的计算结果为 false，已跳过目标“SetUserMacroEnvironmentVariables”；('@(BuildMacro)' != '')的计算结果为('' != '')。
       已跳过目标“PrepareForBuild”。以前的生成已成功。
       已跳过目标“ResolveReferences”。以前的生成已成功。
     1>来自项目“K:\onbongit\bx.dual\bx.dual.demo.cplus\bx.dual.demo.cplus\demo_source\project\LedSdkDemo.vcxproj”的文件“C:\Program Files (x86)\MSBuild\Microsoft.Cpp\v4.0\Microsoft.CppBuild.targets”中的目标“BeforeClCompile”(目标“_ClCompile”依赖于它):
     1>已完成在项目“LedSdkDemo.vcxproj”中生成目标“BeforeClCompile”的操作。
       已跳过目标“ComputeMIDLGeneratedCompileInputs”。以前的生成已成功。
     1>来自项目“K:\onbongit\bx.dual\bx.dual.demo.cplus\bx.dual.demo.cplus\demo_source\project\LedSdkDemo.vcxproj”的文件“C:\Program Files (x86)\MSBuild\Microsoft.Cpp\v4.0\Microsoft.CppBuild.targets”中的目标“ComputeCLInputPDBName”(目标“_ClCompile”依赖于它):
     1>已完成在项目“LedSdkDemo.vcxproj”中生成目标“ComputeCLInputPDBName”的操作。
       已跳过目标“ResolveReferences”。以前的生成已成功。
     1>来自项目“K:\onbongit\bx.dual\bx.dual.demo.cplus\bx.dual.demo.cplus\demo_source\project\LedSdkDemo.vcxproj”的文件“C:\Program Files (x86)\MSBuild\Microsoft.Cpp\v4.0\V140\Microsoft.Cpp.Redirect.Common.targets”中的目标“ComputeReferenceCLInput”(目标“_ClCompile”依赖于它):
       由于 false 条件，已跳过任务“WriteLinesToFile”；(('@(_ReferenceCopyLocalPaths)'!='') and '$(DesignTimeBuild)' != 'true')计算为((''!='') and '' != 'true')。
       由于 false 条件，已跳过任务“Message”；('$(_REFERENCE_DEBUG)'=='true' and '%(ClCompile.CompileAsManaged)' != 'false' and '%(ClCompile.CompileAsManaged)' != '')计算为(''=='true' and '' != 'false' and '' != '')。
     1>已完成在项目“LedSdkDemo.vcxproj”中生成目标“ComputeReferenceCLInput”的操作。
     1>来自项目“K:\onbongit\bx.dual\bx.dual.demo.cplus\bx.dual.demo.cplus\demo_source\project\LedSdkDemo.vcxproj”的文件“C:\Program Files (x86)\MSBuild\Microsoft.Cpp\v4.0\Microsoft.CppBuild.targets”中的目标“MakeDirsForCl”(目标“_ClCompile”依赖于它):
       任务“MakeDir”
       已完成执行任务“MakeDir”的操作。
     1>已完成在项目“LedSdkDemo.vcxproj”中生成目标“MakeDirsForCl”的操作。
       已跳过目标“PrepareForBuild”。以前的生成已成功。
       已跳过目标“SetBuildDefaultEnvironmentVariables”。以前的生成已成功。
       由于条件的计算结果为 false，已跳过目标“SetUserMacroEnvironmentVariables”；('@(BuildMacro)' != '')的计算结果为('' != '')。
     1>来自项目“K:\onbongit\bx.dual\bx.dual.demo.cplus\bx.dual.demo.cplus\demo_source\project\LedSdkDemo.vcxproj”的文件“C:\Program Files (x86)\MSBuild\Microsoft.Cpp\v4.0\Microsoft.CppBuild.targets”中的目标“_SelectedFiles”(目标“SelectClCompile”依赖于它):
     1>已完成在项目“LedSdkDemo.vcxproj”中生成目标“_SelectedFiles”的操作。
       已跳过目标“ComputeMIDLGeneratedCompileInputs”。以前的生成已成功。
       已跳过目标“ComputeCLInputPDBName”。以前的生成已成功。
       已跳过目标“ComputeReferenceCLInput”。以前的生成已成功。
       已跳过目标“_SelectedFiles”。以前的生成已成功。
     1>来自项目“K:\onbongit\bx.dual\bx.dual.demo.cplus\bx.dual.demo.cplus\demo_source\project\LedSdkDemo.vcxproj”的文件“C:\Program Files (x86)\MSBuild\Microsoft.Cpp\v4.0\Microsoft.CppBuild.targets”中的目标“SelectCustomBuild”(目标“SelectClCompile”依赖于它):
     1>已完成在项目“LedSdkDemo.vcxproj”中生成目标“SelectCustomBuild”的操作。
     1>来自项目“K:\onbongit\bx.dual\bx.dual.demo.cplus\bx.dual.demo.cplus\demo_source\project\LedSdkDemo.vcxproj”的文件“C:\Program Files (x86)\MSBuild\Microsoft.Cpp\v4.0\Microsoft.CppBuild.targets”中的目标“SelectClCompile”(目标“ClCompile”依赖于它):
     1>已完成在项目“LedSdkDemo.vcxproj”中生成目标“SelectClCompile”的操作。
       由于条件的计算结果为 false，已跳过目标“GenerateTargetFrameworkMonikerAttribute”；('$(GenerateTargetFrameworkAttribute)' == 'true')的计算结果为('false' == 'true')。
     1>来自项目“K:\onbongit\bx.dual\bx.dual.demo.cplus\bx.dual.demo.cplus\demo_source\project\LedSdkDemo.vcxproj”的文件“C:\Program Files (x86)\MSBuild\Microsoft.Cpp\v4.0\Platforms\x64\Microsoft.Cpp.x64.Targets”中的目标“ClCompile”(目标“_ClCompile”依赖于它):
       任务“Delete”
         文件“x64\Release32MT\bxdualsdkdemo.pch”不存在。正在跳过。
       已完成执行任务“Delete”的操作。
       由于 false 条件，已跳过任务“CL”；('%(ClCompile.PrecompiledHeader)' == 'Create' and '%(ClCompile.ExcludedFromBuild)'!='true')计算为('Use' == 'Create' and ''!='true')。
       正在使用程序集“Microsoft.Build.CppTasks.x64, Version=4.0.0.0, Culture=neutral, PublicKeyToken=b03f5f7f11d50a3a”中的“CL”任务。
       任务“CL”
         传递给工具的环境变量为:
           VS_UNICODE_OUTPUT=2424
         C:\Program Files (x86)\Microsoft Visual Studio 10.0\VC\bin\x86_amd64\CL.exe /c /Zi /nologo /W3 /WX- /O2 /Oi /GL /D WIN32 /D NDEBUG /D _CONSOLE /D _UNICODE /D UNICODE /Gm- /EHsc /MD /GS /Gy /fp:precise /Zc:wchar_t /Zc:forScope /Yc"StdAfx.h" /Fp"x64\Release32MT\bxdualsdkdemo.pch" /Fo"x64\Release32MT\\" /Fd"x64\Release32MT\vc100.pdb" /Gd /TP /errorReport:prompt stdafx.cpp
         跟踪命令:
         C:\Program Files (x86)\Microsoft SDKs\Windows\v7.0A\bin\NETFX 4.0 Tools\Tracker.exe /d C:\Windows\Microsoft.NET\Framework\v4.0.30319\FileTracker.dll /i K:\onbongit\bx.dual\bx.dual.demo.cplus\bx.dual.demo.cplus\demo_source\project\x64\Release32MT /r K:\ONBONGIT\BX.DUAL\BX.DUAL.DEMO.CPLUS\BX.DUAL.DEMO.CPLUS\DEMO_SOURCE\PROJECT\STDAFX.CPP /b MSBuildConsole_CancelEvent57148df81f774969af0a48c204e5a11d  /c "C:\Program Files (x86)\Microsoft Visual Studio 10.0\VC\bin\x86_amd64\CL.exe"  /c /Zi /nologo /W3 /WX- /O2 /Oi /GL /D WIN32 /D NDEBUG /D _CONSOLE /D _UNICODE /D UNICODE /Gm- /EHsc /MD /GS /Gy /fp:precise /Zc:wchar_t /Zc:forScope /Yc"StdAfx.h" /Fp"x64\Release32MT\bxdualsdkdemo.pch" /Fo"x64\Release32MT\\" /Fd"x64\Release32MT\vc100.pdb" /Gd /TP /errorReport:prompt stdafx.cpp
         stdafx.cpp
       已完成执行任务“CL”的操作。
       任务“CL”
         传递给工具的环境变量为:
           VS_UNICODE_OUTPUT=2416
         C:\Program Files (x86)\Microsoft Visual Studio 10.0\VC\bin\x86_amd64\CL.exe /c /Zi /nologo /W3 /WX- /O2 /Oi /GL /D WIN32 /D NDEBUG /D _CONSOLE /D _UNICODE /D UNICODE /Gm- /EHsc /MD /GS /Gy /fp:precise /Zc:wchar_t /Zc:forScope /Yu"StdAfx.h" /Fp"x64\Release32MT\bxdualsdkdemo.pch" /Fo"x64\Release32MT\\" /Fd"x64\Release32MT\vc100.pdb" /Gd /TP /errorReport:prompt onbonTest.cpp demo.cpp logMsg.cpp
         跟踪命令:
         C:\Program Files (x86)\Microsoft SDKs\Windows\v7.0A\bin\NETFX 4.0 Tools\Tracker.exe /d C:\Windows\Microsoft.NET\Framework\v4.0.30319\FileTracker.dll /i K:\onbongit\bx.dual\bx.dual.demo.cplus\bx.dual.demo.cplus\demo_source\project\x64\Release32MT /r "K:\ONBONGIT\BX.DUAL\BX.DUAL.DEMO.CPLUS\BX.DUAL.DEMO.CPLUS\DEMO_SOURCE\PROJECT\DEMO.CPP|K:\ONBONGIT\BX.DUAL\BX.DUAL.DEMO.CPLUS\BX.DUAL.DEMO.CPLUS\DEMO_SOURCE\PROJECT\LOGMSG.CPP|K:\ONBONGIT\BX.DUAL\BX.DUAL.DEMO.CPLUS\BX.DUAL.DEMO.CPLUS\DEMO_SOURCE\PROJECT\ONBONTEST.CPP" /b MSBuildConsole_CancelEvent49f1cd839e124fcba7e36f37b5391341  /c "C:\Program Files (x86)\Microsoft Visual Studio 10.0\VC\bin\x86_amd64\CL.exe"  /c /Zi /nologo /W3 /WX- /O2 /Oi /GL /D WIN32 /D NDEBUG /D _CONSOLE /D _UNICODE /D UNICODE /Gm- /EHsc /MD /GS /Gy /fp:precise /Zc:wchar_t /Zc:forScope /Yu"StdAfx.h" /Fp"x64\Release32MT\bxdualsdkdemo.pch" /Fo"x64\Release32MT\\" /Fd"x64\Release32MT\vc100.pdb" /Gd /TP /errorReport:prompt onbonTest.cpp demo.cpp logMsg.cpp
         onbonTest.cpp
     1>onbonTest.cpp(401): warning C4996: 'strcpy': This function or variable may be unsafe. Consider using strcpy_s instead. To disable deprecation, use _CRT_SECURE_NO_WARNINGS. See online help for details.
                 C:\Program Files (x86)\Microsoft Visual Studio 10.0\VC\include\string.h(105) : 参见“strcpy”的声明
     1>onbonTest.cpp(650): warning C4482: 使用了非标准扩展: 限定名中使用了枚举“E_Color_G56”
     1>onbonTest.cpp(744): warning C4996: 'strcpy': This function or variable may be unsafe. Consider using strcpy_s instead. To disable deprecation, use _CRT_SECURE_NO_WARNINGS. See online help for details.
                 C:\Program Files (x86)\Microsoft Visual Studio 10.0\VC\include\string.h(105) : 参见“strcpy”的声明
     1>onbonTest.cpp(799): warning C4267: “初始化”: 从“size_t”转换到“Ouint8”，可能丢失数据
     1>onbonTest.cpp(868): warning C4244: “参数”: 从“Ouint16”转换到“Ouint8”，可能丢失数据
     1>onbonTest.cpp(882): warning C4244: “参数”: 从“Ouint16”转换到“Ouint8”，可能丢失数据
     1>onbonTest.cpp(979): warning C4482: 使用了非标准扩展: 限定名中使用了枚举“E_ScreenColor_G56”
     1>onbonTest.cpp(1424): warning C4267: “初始化”: 从“size_t”转换到“Ouint8”，可能丢失数据
     1>onbonTest.cpp(1484): warning C4309: “参数”: 截断常量值
     1>onbonTest.cpp(1503): warning C4267: “初始化”: 从“size_t”转换到“Ouint8”，可能丢失数据
     1>onbonTest.cpp(1519): warning C4267: “初始化”: 从“size_t”转换到“Ouint8”，可能丢失数据
     1>onbonTest.cpp(1524): warning C4244: “参数”: 从“Ouint16”转换到“Ouint8”，可能丢失数据
     1>onbonTest.cpp(1532): warning C4244: “参数”: 从“Ouint16”转换到“Ouint8”，可能丢失数据
     1>onbonTest.cpp(1541): warning C4267: “初始化”: 从“size_t”转换到“Ouint8”，可能丢失数据
     1>onbonTest.cpp(1568): warning C4267: “初始化”: 从“size_t”转换到“Ouint8”，可能丢失数据
     1>onbonTest.cpp(1628): warning C4309: “参数”: 截断常量值
     1>onbonTest.cpp(1670): warning C4267: “初始化”: 从“size_t”转换到“Ouint8”，可能丢失数据
     1>onbonTest.cpp(1677): warning C4244: “参数”: 从“Ouint16”转换到“Ouint8”，可能丢失数据
     1>onbonTest.cpp(1684): warning C4244: “参数”: 从“Ouint16”转换到“Ouint8”，可能丢失数据
     1>onbonTest.cpp(1710): warning C4482: 使用了非标准扩展: 限定名中使用了枚举“E_ScreenColor_G56”
     1>onbonTest.cpp(1713): warning C4309: “参数”: 截断常量值
     1>onbonTest.cpp(1729): warning C4267: “初始化”: 从“size_t”转换到“Ouint8”，可能丢失数据
     1>onbonTest.cpp(1777): warning C4267: “初始化”: 从“size_t”转换到“Ouint8”，可能丢失数据
     1>onbonTest.cpp(1802): warning C4267: “初始化”: 从“size_t”转换到“Ouint8”，可能丢失数据
     1>onbonTest.cpp(1861): warning C4309: “参数”: 截断常量值
     1>onbonTest.cpp(1903): warning C4267: “初始化”: 从“size_t”转换到“Ouint8”，可能丢失数据
     1>onbonTest.cpp(1943): warning C4996: 'sprintf': This function or variable may be unsafe. Consider using sprintf_s instead. To disable deprecation, use _CRT_SECURE_NO_WARNINGS. See online help for details.
                 C:\Program Files (x86)\Microsoft Visual Studio 10.0\VC\include\stdio.h(371) : 参见“sprintf”的声明
     1>onbonTest.cpp(1947): warning C4267: “初始化”: 从“size_t”转换到“Ouint8”，可能丢失数据
     1>onbonTest.cpp(1979): warning C4267: “初始化”: 从“size_t”转换到“Ouint8”，可能丢失数据
     1>onbonTest.cpp(2031): warning C4996: 'sprintf': This function or variable may be unsafe. Consider using sprintf_s instead. To disable deprecation, use _CRT_SECURE_NO_WARNINGS. See online help for details.
                 C:\Program Files (x86)\Microsoft Visual Studio 10.0\VC\include\stdio.h(371) : 参见“sprintf”的声明
     1>onbonTest.cpp(2038): warning C4267: “初始化”: 从“size_t”转换到“Ouint8”，可能丢失数据
     1>onbonTest.cpp(2067): warning C4996: 'sprintf': This function or variable may be unsafe. Consider using sprintf_s instead. To disable deprecation, use _CRT_SECURE_NO_WARNINGS. See online help for details.
                 C:\Program Files (x86)\Microsoft Visual Studio 10.0\VC\include\stdio.h(371) : 参见“sprintf”的声明
     1>onbonTest.cpp(2073): warning C4267: “初始化”: 从“size_t”转换到“Ouint8”，可能丢失数据
     1>onbonTest.cpp(2021): warning C4101: “arrUpdateSound”: 未引用的局部变量
     1>onbonTest.cpp(2057): warning C4101: “arrUpdateSound”: 未引用的局部变量
     1>onbonTest.cpp(2171): warning C4309: “参数”: 截断常量值
     1>onbonTest.cpp(2177): warning C4244: “参数”: 从“Ouint16”转换到“Ouint8”，可能丢失数据
     1>onbonTest.cpp(2186): warning C4244: “参数”: 从“Ouint16”转换到“Ouint8”，可能丢失数据
     1>onbonTest.cpp(2195): warning C4244: “参数”: 从“Ouint16”转换到“Ouint8”，可能丢失数据
     1>onbonTest.cpp(2203): warning C4244: “参数”: 从“Ouint16”转换到“Ouint8”，可能丢失数据
     1>onbonTest.cpp(2212): warning C4244: “参数”: 从“Ouint16”转换到“Ouint8”，可能丢失数据
     1>onbonTest.cpp(2220): warning C4244: “参数”: 从“Ouint16”转换到“Ouint8”，可能丢失数据
     1>onbonTest.cpp(2229): warning C4244: “参数”: 从“Ouint16”转换到“Ouint8”，可能丢失数据
     1>onbonTest.cpp(2093): warning C4101: “p”: 未引用的局部变量
     1>onbonTest.cpp(2344): warning C4244: “参数”: 从“Ouint16”转换到“Ouint8”，可能丢失数据
     1>onbonTest.cpp(2357): warning C4244: “参数”: 从“Ouint16”转换到“Ouint8”，可能丢失数据
     1>onbonTest.cpp(2251): warning C4101: “p”: 未引用的局部变量
     1>onbonTest.cpp(2375): warning C4482: 使用了非标准扩展: 限定名中使用了枚举“E_ScreenColor_G56”
     1>onbonTest.cpp(2512): warning C4482: 使用了非标准扩展: 限定名中使用了枚举“E_ScreenColor_G56”
     1>onbonTest.cpp(2529): warning C4267: “初始化”: 从“size_t”转换到“Ouint8”，可能丢失数据
     1>onbonTest.cpp(2577): warning C4267: “初始化”: 从“size_t”转换到“Ouint8”，可能丢失数据
     1>onbonTest.cpp(2597): warning C4996: 'itoa': The POSIX name for this item is deprecated. Instead, use the ISO C++ conformant name: _itoa. See online help for details.
                 C:\Program Files (x86)\Microsoft Visual Studio 10.0\VC\include\stdlib.h(867) : 参见“itoa”的声明
     1>onbonTest.cpp(2605): warning C4996: 'sprintf': This function or variable may be unsafe. Consider using sprintf_s instead. To disable deprecation, use _CRT_SECURE_NO_WARNINGS. See online help for details.
                 C:\Program Files (x86)\Microsoft Visual Studio 10.0\VC\include\stdio.h(371) : 参见“sprintf”的声明
     1>onbonTest.cpp(2621): warning C4267: “初始化”: 从“size_t”转换到“Ouint8”，可能丢失数据
     1>onbonTest.cpp(2677): warning C4309: “参数”: 截断常量值
     1>onbonTest.cpp(2720): warning C4482: 使用了非标准扩展: 限定名中使用了枚举“E_ScreenColor_G56”
     1>onbonTest.cpp(2744): warning C4309: “参数”: 截断常量值
     1>onbonTest.cpp(2809): warning C4244: “参数”: 从“Ouint16”转换到“Ouint8”，可能丢失数据
     1>onbonTest.cpp(2833): warning C4267: “初始化”: 从“size_t”转换到“Ouint8”，可能丢失数据
     1>onbonTest.cpp(2866): warning C4309: “参数”: 截断常量值
     1>onbonTest.cpp(2878): warning C4267: “初始化”: 从“size_t”转换到“Ouint8”，可能丢失数据
     1>onbonTest.cpp(2892): warning C4267: “初始化”: 从“size_t”转换到“Ouint8”，可能丢失数据
     1>onbonTest.cpp(2899): warning C4244: “参数”: 从“Ouint16”转换到“Ouint8”，可能丢失数据
     1>onbonTest.cpp(2903): warning C4309: “参数”: 截断常量值
     1>onbonTest.cpp(2923): warning C4267: “初始化”: 从“size_t”转换到“Ouint8”，可能丢失数据
     1>onbonTest.cpp(2929): warning C4309: “参数”: 截断常量值
     1>onbonTest.cpp(2932): warning C4244: “参数”: 从“Ouint16”转换到“Ouint8”，可能丢失数据
     1>onbonTest.cpp(2937): warning C4244: “参数”: 从“Ouint16”转换到“Ouint8”，可能丢失数据
     1>onbonTest.cpp(2948): warning C4309: “参数”: 截断常量值
     1>onbonTest.cpp(2999): warning C4996: 'fopen': This function or variable may be unsafe. Consider using fopen_s instead. To disable deprecation, use _CRT_SECURE_NO_WARNINGS. See online help for details.
                 C:\Program Files (x86)\Microsoft Visual Studio 10.0\VC\include\stdio.h(234) : 参见“fopen”的声明
     1>onbonTest.cpp(3002): warning C4267: “=”: 从“size_t”转换到“Ouint32”，可能丢失数据
     1>onbonTest.cpp(3375): warning C4309: “参数”: 截断常量值
         demo.cpp
         logMsg.cpp
     1>logMsg.cpp(24): warning C4996: 'localtime': This function or variable may be unsafe. Consider using localtime_s instead. To disable deprecation, use _CRT_SECURE_NO_WARNINGS. See online help for details.
                 C:\Program Files (x86)\Microsoft Visual Studio 10.0\VC\include\time.inl(112) : 参见“localtime”的声明
     1>logMsg.cpp(28): warning C4996: 'strncat': This function or variable may be unsafe. Consider using strncat_s instead. To disable deprecation, use _CRT_SECURE_NO_WARNINGS. See online help for details.
                 C:\Program Files (x86)\Microsoft Visual Studio 10.0\VC\include\string.h(175) : 参见“strncat”的声明
     1>logMsg.cpp(31): warning C4996: 'strncat': This function or variable may be unsafe. Consider using strncat_s instead. To disable deprecation, use _CRT_SECURE_NO_WARNINGS. See online help for details.
                 C:\Program Files (x86)\Microsoft Visual Studio 10.0\VC\include\string.h(175) : 参见“strncat”的声明
     1>logMsg.cpp(34): warning C4996: 'strncat': This function or variable may be unsafe. Consider using strncat_s instead. To disable deprecation, use _CRT_SECURE_NO_WARNINGS. See online help for details.
                 C:\Program Files (x86)\Microsoft Visual Studio 10.0\VC\include\string.h(175) : 参见“strncat”的声明
     1>logMsg.cpp(37): warning C4996: 'strncat': This function or variable may be unsafe. Consider using strncat_s instead. To disable deprecation, use _CRT_SECURE_NO_WARNINGS. See online help for details.
                 C:\Program Files (x86)\Microsoft Visual Studio 10.0\VC\include\string.h(175) : 参见“strncat”的声明
     1>logMsg.cpp(40): warning C4996: 'strncat': This function or variable may be unsafe. Consider using strncat_s instead. To disable deprecation, use _CRT_SECURE_NO_WARNINGS. See online help for details.
                 C:\Program Files (x86)\Microsoft Visual Studio 10.0\VC\include\string.h(175) : 参见“strncat”的声明
     1>logMsg.cpp(44): warning C4996: 'strncat': This function or variable may be unsafe. Consider using strncat_s instead. To disable deprecation, use _CRT_SECURE_NO_WARNINGS. See online help for details.
                 C:\Program Files (x86)\Microsoft Visual Studio 10.0\VC\include\string.h(175) : 参见“strncat”的声明
     1>logMsg.cpp(45): warning C4996: 'strncat': This function or variable may be unsafe. Consider using strncat_s instead. To disable deprecation, use _CRT_SECURE_NO_WARNINGS. See online help for details.
                 C:\Program Files (x86)\Microsoft Visual Studio 10.0\VC\include\string.h(175) : 参见“strncat”的声明
     1>logMsg.cpp(46): warning C4996: 'strncat': This function or variable may be unsafe. Consider using strncat_s instead. To disable deprecation, use _CRT_SECURE_NO_WARNINGS. See online help for details.
                 C:\Program Files (x86)\Microsoft Visual Studio 10.0\VC\include\string.h(175) : 参见“strncat”的声明
     1>logMsg.cpp(49): warning C4996: 'fopen': This function or variable may be unsafe. Consider using fopen_s instead. To disable deprecation, use _CRT_SECURE_NO_WARNINGS. See online help for details.
                 C:\Program Files (x86)\Microsoft Visual Studio 10.0\VC\include\stdio.h(234) : 参见“fopen”的声明
       已完成执行任务“CL”的操作。
       由于 false 条件，已跳过任务“CL”；('%(ClCompile.PrecompiledHeader)' != 'Create' and '%(ClCompile.ExcludedFromBuild)'!='true')计算为('Create' != 'Create' and ''!='true')。
     1>已完成在项目“LedSdkDemo.vcxproj”中生成目标“ClCompile”的操作。
     1>来自项目“K:\onbongit\bx.dual\bx.dual.demo.cplus\bx.dual.demo.cplus\demo_source\project\LedSdkDemo.vcxproj”的文件“C:\Program Files (x86)\MSBuild\Microsoft.Cpp\v4.0\Microsoft.CppBuild.targets”中的目标“AfterClCompile”(目标“_ClCompile”依赖于它):
     1>已完成在项目“LedSdkDemo.vcxproj”中生成目标“AfterClCompile”的操作。
     1>来自项目“K:\onbongit\bx.dual\bx.dual.demo.cplus\bx.dual.demo.cplus\demo_source\project\LedSdkDemo.vcxproj”的文件“C:\Program Files (x86)\MSBuild\Microsoft.Cpp\v4.0\Microsoft.CppBuild.targets”中的目标“_ClCompile”(目标“BuildCompile”依赖于它):
     1>已完成在项目“LedSdkDemo.vcxproj”中生成目标“_ClCompile”的操作。
       由于条件的计算结果为 false，已跳过目标“_ResGen”；('@(EmbeddedResource)'!='')的计算结果为(''!='')。
     1>来自项目“K:\onbongit\bx.dual\bx.dual.demo.cplus\bx.dual.demo.cplus\demo_source\project\LedSdkDemo.vcxproj”的文件“C:\Program Files (x86)\MSBuild\Microsoft.Cpp\v4.0\Microsoft.CppBuild.targets”中的目标“BeforeResourceCompile”(目标“_ResourceCompile”依赖于它):
     1>已完成在项目“LedSdkDemo.vcxproj”中生成目标“BeforeResourceCompile”的操作。
     1>来自项目“K:\onbongit\bx.dual\bx.dual.demo.cplus\bx.dual.demo.cplus\demo_source\project\LedSdkDemo.vcxproj”的文件“C:\Program Files (x86)\MSBuild\Microsoft.Cpp\v4.0\Microsoft.CppBuild.targets”中的目标“MakeDirsForResourceCompile”(目标“_ResourceCompile”依赖于它):
       任务“MakeDir”
       已完成执行任务“MakeDir”的操作。
     1>已完成在项目“LedSdkDemo.vcxproj”中生成目标“MakeDirsForResourceCompile”的操作。
       由于条件的计算结果为 false，已跳过目标“ResourceCompile”；('@(ResourceCompile)' != '')的计算结果为('' != '')。
     1>来自项目“K:\onbongit\bx.dual\bx.dual.demo.cplus\bx.dual.demo.cplus\demo_source\project\LedSdkDemo.vcxproj”的文件“C:\Program Files (x86)\MSBuild\Microsoft.Cpp\v4.0\Microsoft.CppBuild.targets”中的目标“AfterResourceCompile”(目标“_ResourceCompile”依赖于它):
     1>已完成在项目“LedSdkDemo.vcxproj”中生成目标“AfterResourceCompile”的操作。
     1>来自项目“K:\onbongit\bx.dual\bx.dual.demo.cplus\bx.dual.demo.cplus\demo_source\project\LedSdkDemo.vcxproj”的文件“C:\Program Files (x86)\MSBuild\Microsoft.Cpp\v4.0\Microsoft.CppBuild.targets”中的目标“_ResourceCompile”(目标“BuildCompile”依赖于它):
     1>已完成在项目“LedSdkDemo.vcxproj”中生成目标“_ResourceCompile”的操作。
       由于条件的计算结果为 false，已跳过目标“_ImpLib”；('$(ImpLibCompiled)' == 'true')的计算结果为('' == 'true')。
       由于条件的计算结果为 false，已跳过目标“_Lib”；('$(LibCompiled)' == 'true')的计算结果为('' == 'true')。
     1>来自项目“K:\onbongit\bx.dual\bx.dual.demo.cplus\bx.dual.demo.cplus\demo_source\project\LedSdkDemo.vcxproj”的文件“C:\Program Files (x86)\MSBuild\Microsoft.Cpp\v4.0\Microsoft.CppBuild.targets”中的目标“AfterBuildCompileEvent”(目标“BuildCompile”依赖于它):
     1>已完成在项目“LedSdkDemo.vcxproj”中生成目标“AfterBuildCompileEvent”的操作。
     1>来自项目“K:\onbongit\bx.dual\bx.dual.demo.cplus\bx.dual.demo.cplus\demo_source\project\LedSdkDemo.vcxproj”的文件“C:\Program Files (x86)\MSBuild\14.0\bin\Microsoft.Common.CurrentVersion.targets”中的目标“BuildCompile”(目标“Build”依赖于它):
     1>已完成在项目“LedSdkDemo.vcxproj”中生成目标“BuildCompile”的操作。
       已跳过目标“AssignProjectConfiguration”。以前的生成已成功。
       已跳过目标“_SplitProjectReferencesByFileExistence”。以前的生成已成功。
     1>来自项目“K:\onbongit\bx.dual\bx.dual.demo.cplus\bx.dual.demo.cplus\demo_source\project\LedSdkDemo.vcxproj”的文件“C:\Program Files (x86)\MSBuild\14.0\bin\Microsoft.Common.CurrentVersion.targets”中的目标“BuildLinkTraverse”(目标“BuildLink”依赖于它):
       由于 false 条件，已跳过任务“MSBuild”；('$(BuildPassReferences)' == 'true' and '@(ProjectReferenceWithConfiguration)' != '' and '@(_MSBuildProjectReferenceExistent)' != ''  and '%(_MSBuildProjectReferenceExistent.BuildReference)' == 'true')计算为('' == 'true' and '' != '' and '' != ''  and '' == 'true')。
     1>已完成在项目“LedSdkDemo.vcxproj”中生成目标“BuildLinkTraverse”的操作。
       已跳过目标“SetBuildDefaultEnvironmentVariables”。以前的生成已成功。
       由于条件的计算结果为 false，已跳过目标“SetUserMacroEnvironmentVariables”；('@(BuildMacro)' != '')的计算结果为('' != '')。
       已跳过目标“PrepareForBuild”。以前的生成已成功。
       已跳过目标“ResolveReferences”。以前的生成已成功。
     1>来自项目“K:\onbongit\bx.dual\bx.dual.demo.cplus\bx.dual.demo.cplus\demo_source\project\LedSdkDemo.vcxproj”的文件“C:\Program Files (x86)\MSBuild\Microsoft.Cpp\v4.0\Microsoft.CppBuild.targets”中的目标“BeforeLink”(目标“_Link”依赖于它):
     1>已完成在项目“LedSdkDemo.vcxproj”中生成目标“BeforeLink”的操作。
     1>来自项目“K:\onbongit\bx.dual\bx.dual.demo.cplus\bx.dual.demo.cplus\demo_source\project\LedSdkDemo.vcxproj”的文件“C:\Program Files (x86)\MSBuild\Microsoft.Cpp\v4.0\Microsoft.CppBuild.targets”中的目标“ComputeRCOutputs”(目标“ComputeRCGeneratedLinkInputs”依赖于它):
     1>已完成在项目“LedSdkDemo.vcxproj”中生成目标“ComputeRCOutputs”的操作。
     1>来自项目“K:\onbongit\bx.dual\bx.dual.demo.cplus\bx.dual.demo.cplus\demo_source\project\LedSdkDemo.vcxproj”的文件“C:\Program Files (x86)\MSBuild\Microsoft.Cpp\v4.0\Microsoft.CppBuild.targets”中的目标“ComputeRCGeneratedLinkInputs”(目标“_Link”依赖于它):
     1>已完成在项目“LedSdkDemo.vcxproj”中生成目标“ComputeRCGeneratedLinkInputs”的操作。
     1>来自项目“K:\onbongit\bx.dual\bx.dual.demo.cplus\bx.dual.demo.cplus\demo_source\project\LedSdkDemo.vcxproj”的文件“C:\Program Files (x86)\MSBuild\Microsoft.Cpp\v4.0\Microsoft.CppBuild.targets”中的目标“ComputeManifestGeneratedLinkerInputs”(目标“_Link”依赖于它):
     1>已完成在项目“LedSdkDemo.vcxproj”中生成目标“ComputeManifestGeneratedLinkerInputs”的操作。
     1>来自项目“K:\onbongit\bx.dual\bx.dual.demo.cplus\bx.dual.demo.cplus\demo_source\project\LedSdkDemo.vcxproj”的文件“C:\Program Files (x86)\MSBuild\Microsoft.Cpp\v4.0\Microsoft.CppBuild.targets”中的目标“ComputeCustomBuildOutput”(目标“_Link”依赖于它):
       任务“MakeDir”
       已完成执行任务“MakeDir”的操作。
     1>已完成在项目“LedSdkDemo.vcxproj”中生成目标“ComputeCustomBuildOutput”的操作。
       已跳过目标“ComputeMIDLGeneratedCompileInputs”。以前的生成已成功。
       已跳过目标“ComputeCLInputPDBName”。以前的生成已成功。
       已跳过目标“ComputeReferenceCLInput”。以前的生成已成功。
     1>来自项目“K:\onbongit\bx.dual\bx.dual.demo.cplus\bx.dual.demo.cplus\demo_source\project\LedSdkDemo.vcxproj”的文件“C:\Program Files (x86)\MSBuild\Microsoft.Cpp\v4.0\Microsoft.CppBuild.targets”中的目标“ComputeCLOutputs”(目标“ComputeCLGeneratedLinkInputs”依赖于它):
     1>已完成在项目“LedSdkDemo.vcxproj”中生成目标“ComputeCLOutputs”的操作。
     1>来自项目“K:\onbongit\bx.dual\bx.dual.demo.cplus\bx.dual.demo.cplus\demo_source\project\LedSdkDemo.vcxproj”的文件“C:\Program Files (x86)\MSBuild\Microsoft.Cpp\v4.0\Microsoft.CppBuild.targets”中的目标“ComputeCLGeneratedLinkInputs”(目标“_Link”依赖于它):
     1>已完成在项目“LedSdkDemo.vcxproj”中生成目标“ComputeCLGeneratedLinkInputs”的操作。
     1>来自项目“K:\onbongit\bx.dual\bx.dual.demo.cplus\bx.dual.demo.cplus\demo_source\project\LedSdkDemo.vcxproj”的文件“C:\Program Files (x86)\MSBuild\Microsoft.Cpp\v4.0\Microsoft.CppBuild.targets”中的目标“ComputeLinkInputsFromProject”(目标“_Link”依赖于它):
     1>已完成在项目“LedSdkDemo.vcxproj”中生成目标“ComputeLinkInputsFromProject”的操作。
       由于条件的计算结果为 false，已跳过目标“ComputeReferenceLinkInputs”；(@(ProjectReference) != '')的计算结果为( != '')。
     1>来自项目“K:\onbongit\bx.dual\bx.dual.demo.cplus\bx.dual.demo.cplus\demo_source\project\LedSdkDemo.vcxproj”的文件“C:\Program Files (x86)\MSBuild\Microsoft.Cpp\v4.0\Microsoft.CppBuild.targets”中的目标“ComputeManifestInputsTargets”(目标“_Link”依赖于它):
     1>已完成在项目“LedSdkDemo.vcxproj”中生成目标“ComputeManifestInputsTargets”的操作。
       由于条件的计算结果为 false，已跳过目标“ManifestResourceCompile”；('$(EmbedManifestBy)' == 'LINK')的计算结果为('MT' == 'LINK')。
       由于条件的计算结果为 false，已跳过目标“AssignWinFXEmbeddedResource”；('@(WinFXEmbeddedResource)' != '')的计算结果为('' != '')。
     1>来自项目“K:\onbongit\bx.dual\bx.dual.demo.cplus\bx.dual.demo.cplus\demo_source\project\LedSdkDemo.vcxproj”的文件“C:\Program Files (x86)\MSBuild\14.0\bin\Microsoft.Common.CurrentVersion.targets”中的目标“AssignTargetPaths”(目标“PrepareResourceNames”依赖于它):
       正在使用程序集“Microsoft.Build.Tasks.Core, Version=14.0.0.0, Culture=neutral, PublicKeyToken=b03f5f7f11d50a3a”中的“AssignTargetPath”任务。
       任务“AssignTargetPath”
       已完成执行任务“AssignTargetPath”的操作。
       任务“AssignTargetPath”
       已完成执行任务“AssignTargetPath”的操作。
       任务“AssignTargetPath”
       已完成执行任务“AssignTargetPath”的操作。
       任务“AssignTargetPath”
       已完成执行任务“AssignTargetPath”的操作。
       由于 false 条件，已跳过任务“AssignTargetPath”；('@(_DeploymentBaseManifestWithTargetPath)'=='' and '%(None.Extension)'=='.manifest')计算为(''=='' and '.txt'=='.manifest')。
     1>已完成在项目“LedSdkDemo.vcxproj”中生成目标“AssignTargetPaths”的操作。
       已跳过目标“AssignTargetPaths”。以前的生成已成功。
     1>来自项目“K:\onbongit\bx.dual\bx.dual.demo.cplus\bx.dual.demo.cplus\demo_source\project\LedSdkDemo.vcxproj”的文件“C:\Program Files (x86)\MSBuild\14.0\bin\Microsoft.Common.CurrentVersion.targets”中的目标“SplitResourcesByCulture”(目标“PrepareResourceNames”依赖于它):
       由于 false 条件，已跳过任务“Warning”；('@(ResxWithNoCulture)'!='')计算为(''!='')。
       由于 false 条件，已跳过任务“Warning”；('@(ResxWithCulture)'!='')计算为(''!='')。
       由于 false 条件，已跳过任务“Warning”；('@(NonResxWithCulture)'!='')计算为(''!='')。
       由于 false 条件，已跳过任务“Warning”；('@(NonResxWithNoCulture)'!='')计算为(''!='')。
       正在使用程序集“Microsoft.Build.Tasks.Core, Version=14.0.0.0, Culture=neutral, PublicKeyToken=b03f5f7f11d50a3a”中的“AssignCulture”任务。
       任务“AssignCulture”
       已完成执行任务“AssignCulture”的操作。
     1>已完成在项目“LedSdkDemo.vcxproj”中生成目标“SplitResourcesByCulture”的操作。
       由于条件的计算结果为 false，已跳过目标“CreateManifestResourceNames”；('@(EmbeddedResource)' != '')的计算结果为('' != '')。
     1>来自项目“K:\onbongit\bx.dual\bx.dual.demo.cplus\bx.dual.demo.cplus\demo_source\project\LedSdkDemo.vcxproj”的文件“C:\Program Files (x86)\MSBuild\14.0\bin\Microsoft.Common.CurrentVersion.targets”中的目标“CreateCustomManifestResourceNames”(目标“PrepareResourceNames”依赖于它):
     1>已完成在项目“LedSdkDemo.vcxproj”中生成目标“CreateCustomManifestResourceNames”的操作。
     1>来自项目“K:\onbongit\bx.dual\bx.dual.demo.cplus\bx.dual.demo.cplus\demo_source\project\LedSdkDemo.vcxproj”的文件“C:\Program Files (x86)\MSBuild\14.0\bin\Microsoft.Common.CurrentVersion.targets”中的目标“PrepareResourceNames”(目标“_Link”依赖于它):
     1>已完成在项目“LedSdkDemo.vcxproj”中生成目标“PrepareResourceNames”的操作。
     1>来自项目“K:\onbongit\bx.dual\bx.dual.demo.cplus\bx.dual.demo.cplus\demo_source\project\LedSdkDemo.vcxproj”的文件“C:\Program Files (x86)\MSBuild\Microsoft.Cpp\v4.0\Microsoft.CppBuild.targets”中的目标“MakeDirsForLink”(目标“_Link”依赖于它):
       任务“MakeDir”
       已完成执行任务“MakeDir”的操作。
     1>已完成在项目“LedSdkDemo.vcxproj”中生成目标“MakeDirsForLink”的操作。
     1>来自项目“K:\onbongit\bx.dual\bx.dual.demo.cplus\bx.dual.demo.cplus\demo_source\project\LedSdkDemo.vcxproj”的文件“C:\Program Files (x86)\MSBuild\Microsoft.Cpp\v4.0\Microsoft.CppBuild.targets”中的目标“DoLinkOutputFilesMatch”(目标“_Link”依赖于它):
       由于 false 条件，已跳过任务“VCMessage”；('%(_OutputFileFromLink.FullPath)' != '$([System.IO.Path]::GetFullPath($(TargetPath)))')计算为('K:\onbongit\bx.dual\bx.dual.demo.cplus\bx.dual.demo.cplus\demo_source\project\x64\Release32MT\bxdualsdkdemo.exe' != 'K:\onbongit\bx.dual\bx.dual.demo.cplus\bx.dual.demo.cplus\demo_source\project\x64\Release32MT\bxdualsdkdemo.exe')。
       由于 false 条件，已跳过任务“VCMessage”；('%(_OutputFileFromLink.Extension)' != '$(TargetExt)')计算为('.exe' != '.exe')。
       由于 false 条件，已跳过任务“VCMessage”；('%(_OutputFileFromLink.Filename)' != '$(TargetName)')计算为('bxdualsdkdemo' != 'bxdualsdkdemo')。
     1>已完成在项目“LedSdkDemo.vcxproj”中生成目标“DoLinkOutputFilesMatch”的操作。
     1>来自项目“K:\onbongit\bx.dual\bx.dual.demo.cplus\bx.dual.demo.cplus\demo_source\project\LedSdkDemo.vcxproj”的文件“C:\Program Files (x86)\MSBuild\Microsoft.Cpp\v4.0\Microsoft.CppCommon.targets”中的目标“PreLinkEvent”(目标“_Link”依赖于它):
       由于 false 条件，已跳过任务“Message”；('%(PreLinkEvent.Message)' != '' and '%(PreLinkEvent.Command)' != '')计算为('' != '' and '' != '')。
       由于 false 条件，已跳过任务“Exec”；('%(PreLinkEvent.Command)' != '')计算为('' != '')。
     1>已完成在项目“LedSdkDemo.vcxproj”中生成目标“PreLinkEvent”的操作。
     1>来自项目“K:\onbongit\bx.dual\bx.dual.demo.cplus\bx.dual.demo.cplus\demo_source\project\LedSdkDemo.vcxproj”的文件“C:\Program Files (x86)\MSBuild\Microsoft.Cpp\v4.0\Platforms\x64\Microsoft.Cpp.x64.Targets”中的目标“Link”(目标“_Link”依赖于它):
       正在使用程序集“Microsoft.Build.CppTasks.x64, Version=4.0.0.0, Culture=neutral, PublicKeyToken=b03f5f7f11d50a3a”中的“Link”任务。
       任务“Link”
         传递给工具的环境变量为:
           VS_UNICODE_OUTPUT=1564
         C:\Program Files (x86)\Microsoft Visual Studio 10.0\VC\bin\x86_amd64\link.exe /ERRORREPORT:PROMPT /OUT:"K:\onbongit\bx.dual\bx.dual.demo.cplus\bx.dual.demo.cplus\demo_source\project\x64\Release32MT\bxdualsdkdemo.exe" /INCREMENTAL:NO /NOLOGO /LIBPATH:..\lib\lib64 bx_sdk_dual.lib kernel32.lib user32.lib gdi32.lib winspool.lib comdlg32.lib advapi32.lib shell32.lib ole32.lib oleaut32.lib uuid.lib odbc32.lib odbccp32.lib /MANIFEST /ManifestFile:"x64\Release32MT\bxdualsdkdemo.exe.intermediate.manifest" /MANIFESTUAC:"level='asInvoker' uiAccess='false'" /DEBUG /PDB:"K:\onbongit\bx.dual\bx.dual.demo.cplus\bx.dual.demo.cplus\demo_source\project\x64\Release32MT\bxdualsdkdemo.pdb" /SUBSYSTEM:CONSOLE /OPT:REF /OPT:ICF /LTCG /TLBID:1 /DYNAMICBASE /NXCOMPAT /IMPLIB:"K:\onbongit\bx.dual\bx.dual.demo.cplus\bx.dual.demo.cplus\demo_source\project\x64\Release32MT\bxdualsdkdemo.lib" /MACHINE:X64 x64\Release32MT\onbonTest.obj
         x64\Release32MT\demo.obj
         x64\Release32MT\logMsg.obj
         x64\Release32MT\stdafx.obj
         跟踪命令:
         C:\Program Files (x86)\Microsoft SDKs\Windows\v7.0A\bin\NETFX 4.0 Tools\Tracker.exe /a /d C:\Windows\Microsoft.NET\Framework\v4.0.30319\FileTracker.dll /i K:\onbongit\bx.dual\bx.dual.demo.cplus\bx.dual.demo.cplus\demo_source\project\x64\Release32MT /r "K:\ONBONGIT\BX.DUAL\BX.DUAL.DEMO.CPLUS\BX.DUAL.DEMO.CPLUS\DEMO_SOURCE\PROJECT\X64\RELEASE32MT\DEMO.OBJ|K:\ONBONGIT\BX.DUAL\BX.DUAL.DEMO.CPLUS\BX.DUAL.DEMO.CPLUS\DEMO_SOURCE\PROJECT\X64\RELEASE32MT\LOGMSG.OBJ|K:\ONBONGIT\BX.DUAL\BX.DUAL.DEMO.CPLUS\BX.DUAL.DEMO.CPLUS\DEMO_SOURCE\PROJECT\X64\RELEASE32MT\ONBONTEST.OBJ|K:\ONBONGIT\BX.DUAL\BX.DUAL.DEMO.CPLUS\BX.DUAL.DEMO.CPLUS\DEMO_SOURCE\PROJECT\X64\RELEASE32MT\STDAFX.OBJ" /b MSBuildConsole_CancelEvent8a6c34d323a947019b7afc8adae52a08  /c "C:\Program Files (x86)\Microsoft Visual Studio 10.0\VC\bin\x86_amd64\link.exe"  /ERRORREPORT:PROMPT /OUT:"K:\onbongit\bx.dual\bx.dual.demo.cplus\bx.dual.demo.cplus\demo_source\project\x64\Release32MT\bxdualsdkdemo.exe" /INCREMENTAL:NO /NOLOGO /LIBPATH:..\lib\lib64 bx_sdk_dual.lib kernel32.lib user32.lib gdi32.lib winspool.lib comdlg32.lib advapi32.lib shell32.lib ole32.lib oleaut32.lib uuid.lib odbc32.lib odbccp32.lib /MANIFEST /ManifestFile:"x64\Release32MT\bxdualsdkdemo.exe.intermediate.manifest" /MANIFESTUAC:"level='asInvoker' uiAccess='false'" /DEBUG /PDB:"K:\onbongit\bx.dual\bx.dual.demo.cplus\bx.dual.demo.cplus\demo_source\project\x64\Release32MT\bxdualsdkdemo.pdb" /SUBSYSTEM:CONSOLE /OPT:REF /OPT:ICF /LTCG /TLBID:1 /DYNAMICBASE /NXCOMPAT /IMPLIB:"K:\onbongit\bx.dual\bx.dual.demo.cplus\bx.dual.demo.cplus\demo_source\project\x64\Release32MT\bxdualsdkdemo.lib" /MACHINE:X64 x64\Release32MT\onbonTest.obj
         x64\Release32MT\demo.obj
         x64\Release32MT\logMsg.obj
         x64\Release32MT\stdafx.obj
         正在生成代码
         已完成代码的生成
       已完成执行任务“Link”的操作。
       任务“Message”
         LedSdkDemo.vcxproj -> K:\onbongit\bx.dual\bx.dual.demo.cplus\bx.dual.demo.cplus\demo_source\project\x64\Release32MT\bxdualsdkdemo.exe
       已完成执行任务“Message”的操作。
     1>已完成在项目“LedSdkDemo.vcxproj”中生成目标“Link”的操作。
     1>来自项目“K:\onbongit\bx.dual\bx.dual.demo.cplus\bx.dual.demo.cplus\demo_source\project\LedSdkDemo.vcxproj”的文件“C:\Program Files (x86)\MSBuild\Microsoft.Cpp\v4.0\Microsoft.CppBuild.targets”中的目标“_DetermineManagedStateForLink”(目标“_Link”依赖于它):
     1>已完成在项目“LedSdkDemo.vcxproj”中生成目标“_DetermineManagedStateForLink”的操作。
     1>来自项目“K:\onbongit\bx.dual\bx.dual.demo.cplus\bx.dual.demo.cplus\demo_source\project\LedSdkDemo.vcxproj”的文件“C:\Program Files (x86)\MSBuild\Microsoft.Cpp\v4.0\Microsoft.CppBuild.targets”中的目标“ComputeLinkImportLibraryOutputsForClean”(目标“_Link”依赖于它):
       由于 false 条件，已跳过任务“WriteLinesToFile”；('@(_LinkImportLibrary)' != '')计算为('' != '')。
     1>已完成在项目“LedSdkDemo.vcxproj”中生成目标“ComputeLinkImportLibraryOutputsForClean”的操作。
     1>来自项目“K:\onbongit\bx.dual\bx.dual.demo.cplus\bx.dual.demo.cplus\demo_source\project\LedSdkDemo.vcxproj”的文件“C:\Program Files (x86)\MSBuild\Microsoft.Cpp\v4.0\Microsoft.CppBuild.targets”中的目标“AfterLink”(目标“_Link”依赖于它):
     1>已完成在项目“LedSdkDemo.vcxproj”中生成目标“AfterLink”的操作。
     1>来自项目“K:\onbongit\bx.dual\bx.dual.demo.cplus\bx.dual.demo.cplus\demo_source\project\LedSdkDemo.vcxproj”的文件“C:\Program Files (x86)\MSBuild\Microsoft.Cpp\v4.0\Microsoft.CppBuild.targets”中的目标“_Link”(目标“BuildLink”依赖于它):
     1>已完成在项目“LedSdkDemo.vcxproj”中生成目标“_Link”的操作。
     1>来自项目“K:\onbongit\bx.dual\bx.dual.demo.cplus\bx.dual.demo.cplus\demo_source\project\LedSdkDemo.vcxproj”的文件“C:\Program Files (x86)\MSBuild\Microsoft.Cpp\v4.0\Microsoft.CppBuild.targets”中的目标“_ALink”(目标“BuildLink”依赖于它):
     1>已完成在项目“LedSdkDemo.vcxproj”中生成目标“_ALink”的操作。
       已跳过目标“ComputeManifestInputsTargets”。以前的生成已成功。
     1>来自项目“K:\onbongit\bx.dual\bx.dual.demo.cplus\bx.dual.demo.cplus\demo_source\project\LedSdkDemo.vcxproj”的文件“C:\Program Files (x86)\MSBuild\Microsoft.Cpp\v4.0\Microsoft.CppCommon.targets”中的目标“MakeDirsForManifest”(目标“Manifest”依赖于它):
       任务“MakeDir”
       已完成执行任务“MakeDir”的操作。
     1>已完成在项目“LedSdkDemo.vcxproj”中生成目标“MakeDirsForManifest”的操作。
     1>来自项目“K:\onbongit\bx.dual\bx.dual.demo.cplus\bx.dual.demo.cplus\demo_source\project\LedSdkDemo.vcxproj”的文件“C:\Program Files (x86)\MSBuild\Microsoft.Cpp\v4.0\Microsoft.CppCommon.targets”中的目标“Manifest”(目标“_Manifest”依赖于它):
       由于 false 条件，已跳过任务“Delete”；(('$(BuildType)' != 'Build' or '$(ForceRebuild)' == 'true') and '$(EmbedManifestby)'=='LINK')计算为(('Rebuild' != 'Build' or '' == 'true') and 'MT'=='LINK')。
       正在使用程序集“Microsoft.Build.CppTasks.Common, Version=4.0.0.0, Culture=neutral, PublicKeyToken=b03f5f7f11d50a3a”中的“Mt”任务。
       任务“Mt”
         C:\Program Files (x86)\Microsoft SDKs\Windows\v7.0A\bin\mt.exe /nologo /verbose /outputresource:"K:\onbongit\bx.dual\bx.dual.demo.cplus\bx.dual.demo.cplus\demo_source\project\x64\Release32MT\bxdualsdkdemo.exe;#1" /manifest x64\Release32MT\bxdualsdkdemo.exe.intermediate.manifest
         跟踪命令:
         C:\Program Files (x86)\Microsoft SDKs\Windows\v7.0A\bin\NETFX 4.0 Tools\Tracker.exe /d C:\Windows\Microsoft.NET\Framework\v4.0.30319\FileTracker.dll /i K:\onbongit\bx.dual\bx.dual.demo.cplus\bx.dual.demo.cplus\demo_source\project\x64\Release32MT /r K:\ONBONGIT\BX.DUAL\BX.DUAL.DEMO.CPLUS\BX.DUAL.DEMO.CPLUS\DEMO_SOURCE\PROJECT\X64\RELEASE32MT\BXDUALSDKDEMO.EXE.INTERMEDIATE.MANIFEST /b MSBuildConsole_CancelEvent40b8f0e6935e42b7a33ab7297c1d6a84  /c "C:\Program Files (x86)\Microsoft SDKs\Windows\v7.0A\bin\mt.exe"  /nologo /verbose /outputresource:"K:\onbongit\bx.dual\bx.dual.demo.cplus\bx.dual.demo.cplus\demo_source\project\x64\Release32MT\bxdualsdkdemo.exe;#1" /manifest x64\Release32MT\bxdualsdkdemo.exe.intermediate.manifest
       已完成执行任务“Mt”的操作。
       由于 false 条件，已跳过任务“RC”；('$(EmbedManifestby)'=='LINK')计算为('MT'=='LINK')。
     1>已完成在项目“LedSdkDemo.vcxproj”中生成目标“Manifest”的操作。
       已跳过目标“ComputeManifestGeneratedLinkerInputs”。以前的生成已成功。
     1>来自项目“K:\onbongit\bx.dual\bx.dual.demo.cplus\bx.dual.demo.cplus\demo_source\project\LedSdkDemo.vcxproj”的文件“C:\Program Files (x86)\MSBuild\Microsoft.Cpp\v4.0\Microsoft.CppBuild.targets”中的目标“_Manifest”(目标“BuildLink”依赖于它):
     1>已完成在项目“LedSdkDemo.vcxproj”中生成目标“_Manifest”的操作。
     1>来自项目“K:\onbongit\bx.dual\bx.dual.demo.cplus\bx.dual.demo.cplus\demo_source\project\LedSdkDemo.vcxproj”的文件“C:\Program Files (x86)\MSBuild\Microsoft.Cpp\v4.0\Microsoft.CppCommon.targets”中的目标“RegisterOutput”(目标“BuildLink”依赖于它):
       由于 false 条件，已跳过任务“Exec”；('$(ConfigurationType)'=='DynamicLibrary' and '%(Link.RegisterOutput)'=='true' and '%(Link.PerUserRedirection)'!='true')计算为('Application'=='DynamicLibrary' and 'false'=='true' and 'false'!='true')。
       由于 false 条件，已跳过任务“Exec”；('$(ConfigurationType)'=='DynamicLibrary' and '%(Link.RegisterOutput)'=='true' and '%(Link.PerUserRedirection)'=='true')计算为('Application'=='DynamicLibrary' and 'false'=='true' and 'false'=='true')。
       由于 false 条件，已跳过任务“Exec”；('$(ConfigurationType)'=='Application' and '%(Link.RegisterOutput)'=='true' and '%(Link.PerUserRedirection)'!='true')计算为('Application'=='Application' and 'false'=='true' and 'false'!='true')。
       由于 false 条件，已跳过任务“Exec”；('$(ConfigurationType)'=='Application' and '%(Link.RegisterOutput)'=='true' and '%(Link.PerUserRedirection)'=='true')计算为('Application'=='Application' and 'false'=='true' and 'false'=='true')。
       由于 false 条件，已跳过任务“VCMessage”；('$(_RegisterOutputExitCode)' != '' and '$(_RegisterOutputExitCode)' != '0')计算为('' != '' and '' != '0')。
     1>已完成在项目“LedSdkDemo.vcxproj”中生成目标“RegisterOutput”的操作。
     1>来自项目“K:\onbongit\bx.dual\bx.dual.demo.cplus\bx.dual.demo.cplus\demo_source\project\LedSdkDemo.vcxproj”的文件“C:\Program Files (x86)\MSBuild\Microsoft.Cpp\v4.0\Microsoft.CppBuild.targets”中的目标“ComputeCLCompileGeneratedXDCFiles”(目标“_XdcMake”依赖于它):
     1>已完成在项目“LedSdkDemo.vcxproj”中生成目标“ComputeCLCompileGeneratedXDCFiles”的操作。
       已跳过目标“SetBuildDefaultEnvironmentVariables”。以前的生成已成功。
       由于条件的计算结果为 false，已跳过目标“SetUserMacroEnvironmentVariables”；('@(BuildMacro)' != '')的计算结果为('' != '')。
       已跳过目标“PrepareForBuild”。以前的生成已成功。
       已跳过目标“ResolveReferences”。以前的生成已成功。
     1>来自项目“K:\onbongit\bx.dual\bx.dual.demo.cplus\bx.dual.demo.cplus\demo_source\project\LedSdkDemo.vcxproj”的文件“C:\Program Files (x86)\MSBuild\Microsoft.Cpp\v4.0\Microsoft.CppBuild.targets”中的目标“ResolvedXDCMake”(目标“_XdcMake”依赖于它):
       由于 false 条件，已跳过任务“MSBuild”；('%(_MSBuildProjectReferenceExistent.Extension)' == '.vcxproj' and '@(ProjectReferenceWithConfiguration)' != '' and '@(_MSBuildProjectReferenceExistent)' != '' and '$(_ClCompileGenerateXMLDocumentationFiles)' == 'true')计算为('' == '.vcxproj' and '' != '' and '' != '' and '' == 'true')。
     1>已完成在项目“LedSdkDemo.vcxproj”中生成目标“ResolvedXDCMake”的操作。
     1>来自项目“K:\onbongit\bx.dual\bx.dual.demo.cplus\bx.dual.demo.cplus\demo_source\project\LedSdkDemo.vcxproj”的文件“C:\Program Files (x86)\MSBuild\Microsoft.Cpp\v4.0\Microsoft.CppBuild.targets”中的目标“MakeDirsForXdcMake”(目标“_XdcMake”依赖于它):
       任务“MakeDir”
       已完成执行任务“MakeDir”的操作。
     1>已完成在项目“LedSdkDemo.vcxproj”中生成目标“MakeDirsForXdcMake”的操作。
       由于条件的计算结果为 false，已跳过目标“XdcMake”；('@(XdcMake)' != '')的计算结果为('' != '')。
     1>来自项目“K:\onbongit\bx.dual\bx.dual.demo.cplus\bx.dual.demo.cplus\demo_source\project\LedSdkDemo.vcxproj”的文件“C:\Program Files (x86)\MSBuild\Microsoft.Cpp\v4.0\Microsoft.CppBuild.targets”中的目标“_XdcMake”(目标“BuildLink”依赖于它):
     1>已完成在项目“LedSdkDemo.vcxproj”中生成目标“_XdcMake”的操作。
     1>来自项目“K:\onbongit\bx.dual\bx.dual.demo.cplus\bx.dual.demo.cplus\demo_source\project\LedSdkDemo.vcxproj”的文件“C:\Program Files (x86)\MSBuild\Microsoft.Cpp\v4.0\Microsoft.CppBuild.targets”中的目标“ComputeCLCompileGeneratedSbrFiles”(目标“_BscMake”依赖于它):
     1>已完成在项目“LedSdkDemo.vcxproj”中生成目标“ComputeCLCompileGeneratedSbrFiles”的操作。
     1>来自项目“K:\onbongit\bx.dual\bx.dual.demo.cplus\bx.dual.demo.cplus\demo_source\project\LedSdkDemo.vcxproj”的文件“C:\Program Files (x86)\MSBuild\Microsoft.Cpp\v4.0\Microsoft.CppBuild.targets”中的目标“MakeDirsForBscMake”(目标“_BscMake”依赖于它):
       任务“MakeDir”
       已完成执行任务“MakeDir”的操作。
     1>已完成在项目“LedSdkDemo.vcxproj”中生成目标“MakeDirsForBscMake”的操作。
       由于条件的计算结果为 false，已跳过目标“BscMake”；('@(BscMake)' != '')的计算结果为('' != '')。
       由于条件的计算结果为 false，已跳过目标“CustomBuildStep”；('@(CustomBuildStep)' != '' and '$(SelectedFiles)'=='')的计算结果为('' != '' and ''=='')。
     1>来自项目“K:\onbongit\bx.dual\bx.dual.demo.cplus\bx.dual.demo.cplus\demo_source\project\LedSdkDemo.vcxproj”的文件“C:\Program Files (x86)\MSBuild\Microsoft.Cpp\v4.0\Microsoft.CppBuild.targets”中的目标“_BscMake”(目标“BuildLink”依赖于它):
     1>已完成在项目“LedSdkDemo.vcxproj”中生成目标“_BscMake”的操作。
       由于条件的计算结果为 false，已跳过目标“RunMergeNativeCodeAnalysis”；('$(Language)'=='C++' and '$(RunCodeAnalysisOnThisProject)'=='true')的计算结果为('C++'=='C++' and ''=='true')。
       由于条件的计算结果为 false，已跳过目标“RunNativeCodeAnalysis”；('$(Language)'=='C++' and '$(RunCodeAnalysisOnThisProject)'=='true')的计算结果为('C++'=='C++' and ''=='true')。
     1>来自项目“K:\onbongit\bx.dual\bx.dual.demo.cplus\bx.dual.demo.cplus\demo_source\project\LedSdkDemo.vcxproj”的文件“C:\Program Files (x86)\MSBuild\14.0\bin\Microsoft.Common.CurrentVersion.targets”中的目标“_GenerateSatelliteAssemblyInputs”(目标“CreateSatelliteAssemblies”依赖于它):
       由于 false 条件，已跳过任务“Warning”；('@(ManifestResourceWithCulture)'!='' and '%(ManifestResourceWithCulture.EmittedForCompatibilityOnly)'=='')计算为(''!='' and ''=='')。
       由于 false 条件，已跳过任务“Warning”；('@(ManifestNonResxWithCultureOnDisk)'!='' and '%(ManifestNonResxWithCultureOnDisk.EmittedForCompatibilityOnly)'=='')计算为(''!='' and ''=='')。
     1>已完成在项目“LedSdkDemo.vcxproj”中生成目标“_GenerateSatelliteAssemblyInputs”的操作。
       由于条件的计算结果为 false，已跳过目标“ComputeIntermediateSatelliteAssemblies”；(@(ReferenceSatellitePaths->'%(DestinationSubDirectory)') != '')的计算结果为( != '')。
       由于条件的计算结果为 false，已跳过目标“GenerateSatelliteAssemblies”；('@(_SatelliteAssemblyResourceInputs)' != '')的计算结果为('' != '')。
     1>来自项目“K:\onbongit\bx.dual\bx.dual.demo.cplus\bx.dual.demo.cplus\demo_source\project\LedSdkDemo.vcxproj”的文件“C:\Program Files (x86)\MSBuild\14.0\bin\Microsoft.Common.CurrentVersion.targets”中的目标“CreateSatelliteAssemblies”(目标“BuildLink”依赖于它):
     1>已完成在项目“LedSdkDemo.vcxproj”中生成目标“CreateSatelliteAssemblies”的操作。
     1>来自项目“K:\onbongit\bx.dual\bx.dual.demo.cplus\bx.dual.demo.cplus\demo_source\project\LedSdkDemo.vcxproj”的文件“C:\Program Files (x86)\MSBuild\Microsoft.Cpp\v4.0\Microsoft.CppBuild.targets”中的目标“_Appverifier”(目标“BuildLink”依赖于它):
     1>已完成在项目“LedSdkDemo.vcxproj”中生成目标“_Appverifier”的操作。
     1>来自项目“K:\onbongit\bx.dual\bx.dual.demo.cplus\bx.dual.demo.cplus\demo_source\project\LedSdkDemo.vcxproj”的文件“C:\Program Files (x86)\MSBuild\Microsoft.Cpp\v4.0\Microsoft.CppBuild.targets”中的目标“_Deploy”(目标“BuildLink”依赖于它):
     1>已完成在项目“LedSdkDemo.vcxproj”中生成目标“_Deploy”的操作。
       由于条件的计算结果为 false，已跳过目标“ComputeIntermediateSatelliteAssemblies”；(@(ReferenceSatellitePaths->'%(DestinationSubDirectory)') != '')的计算结果为( != '')。
       由于条件的计算结果为 false，已跳过目标“_CopyFilesMarkedCopyLocal”；('@(ReferenceCopyLocalPaths)' != '')的计算结果为('' != '')。
       已跳过目标“AssignTargetPaths”。以前的生成已成功。
       已跳过目标“_SplitProjectReferencesByFileExistence”。以前的生成已成功。
     1>来自项目“K:\onbongit\bx.dual\bx.dual.demo.cplus\bx.dual.demo.cplus\demo_source\project\LedSdkDemo.vcxproj”的文件“C:\Windows\Microsoft.NET\Framework\v4.0.30319\Microsoft.Xaml.targets”中的目标“GetCopyToOutputDirectoryXamlAppDefs”(目标“GetCopyToOutputDirectoryItems”依赖于它):
       任务“AssignTargetPath”
       已完成执行任务“AssignTargetPath”的操作。
     1>已完成在项目“LedSdkDemo.vcxproj”中生成目标“GetCopyToOutputDirectoryXamlAppDefs”的操作。
     1>来自项目“K:\onbongit\bx.dual\bx.dual.demo.cplus\bx.dual.demo.cplus\demo_source\project\LedSdkDemo.vcxproj”的文件“C:\Program Files (x86)\MSBuild\14.0\bin\Microsoft.Common.CurrentVersion.targets”中的目标“GetCopyToOutputDirectoryItems”(目标“_CopySourceItemsToOutputDirectory”依赖于它):
       由于 false 条件，已跳过任务“MSBuild”；('@(_MSBuildProjectReferenceExistent)' != '' and '$(_GetChildProjectCopyToOutputDirectoryItems)' == 'true' and '%(_MSBuildProjectReferenceExistent.Private)' != 'false' and '$(UseCommonOutputDirectory)' != 'true')计算为('' != '' and 'true' == 'true' and '' != 'false' and 'false' != 'true')。
       任务“AssignTargetPath”
       已完成执行任务“AssignTargetPath”的操作。
     1>已完成在项目“LedSdkDemo.vcxproj”中生成目标“GetCopyToOutputDirectoryItems”的操作。
       由于条件的计算结果为 false，已跳过目标“_CopyOutOfDateSourceItemsToOutputDirectory”；( '@(_SourceItemsToCopyToOutputDirectory)' != '' )的计算结果为( '' != '' )。
       由于条件的计算结果为 false，已跳过目标“_CopyOutOfDateSourceItemsToOutputDirectoryAlways”；( '@(_SourceItemsToCopyToOutputDirectoryAlways)' != '' )的计算结果为( '' != '' )。
     1>来自项目“K:\onbongit\bx.dual\bx.dual.demo.cplus\bx.dual.demo.cplus\demo_source\project\LedSdkDemo.vcxproj”的文件“C:\Program Files (x86)\MSBuild\14.0\bin\Microsoft.Common.CurrentVersion.targets”中的目标“_CopySourceItemsToOutputDirectory”(目标“CopyFilesToOutputDirectory”依赖于它):
     1>已完成在项目“LedSdkDemo.vcxproj”中生成目标“_CopySourceItemsToOutputDirectory”的操作。
       由于条件的计算结果为 false，已跳过目标“_CopyAppConfigFile”；( '@(AppConfigWithTargetPath)' != '' )的计算结果为( '' != '' )。
       由于条件的计算结果为 false，已跳过目标“_CopyManifestFiles”；( '$(_DeploymentCopyApplicationManifest)'=='true' or '$(GenerateClickOnceManifests)'=='true' )的计算结果为( ''=='true' or ''=='true' )。
     1>来自项目“K:\onbongit\bx.dual\bx.dual.demo.cplus\bx.dual.demo.cplus\demo_source\project\LedSdkDemo.vcxproj”的文件“C:\Program Files (x86)\MSBuild\14.0\bin\Microsoft.Common.CurrentVersion.targets”中的目标“_CheckForCompileOutputs”(目标“CopyFilesToOutputDirectory”依赖于它):
     1>已完成在项目“LedSdkDemo.vcxproj”中生成目标“_CheckForCompileOutputs”的操作。
       由于条件的计算结果为 false，已跳过目标“_SGenCheckForOutputs”；('$(_SGenGenerateSerializationAssembliesConfig)' == 'On' or ('@(WebReferenceUrl)'!='' and '$(_SGenGenerateSerializationAssembliesConfig)' == 'Auto'))的计算结果为('Auto' == 'On' or (''!='' and 'Auto' == 'Auto'))。
     1>来自项目“K:\onbongit\bx.dual\bx.dual.demo.cplus\bx.dual.demo.cplus\demo_source\project\LedSdkDemo.vcxproj”的文件“C:\Program Files (x86)\MSBuild\14.0\bin\Microsoft.Common.CurrentVersion.targets”中的目标“CopyFilesToOutputDirectory”(目标“BuildLink”依赖于它):
       由于 false 条件，已跳过任务“Copy”；('$(CopyBuildOutputToOutputDirectory)' == 'true' and '$(SkipCopyBuildProduct)' != 'true')计算为('true' == 'true' and 'true' != 'true')。
       由于 false 条件，已跳过任务“Message”；('$(CopyBuildOutputToOutputDirectory)' == 'true' and '$(SkipCopyBuildProduct)'!='true')计算为('true' == 'true' and 'true'!='true')。
       由于 false 条件，已跳过任务“Copy”；('@(AddModules)' != '')计算为('' != '')。
       由于 false 条件，已跳过任务“Copy”；('$(_SGenDllCreated)'=='true')计算为('false'=='true')。
       由于 false 条件，已跳过任务“Copy”；('$(_DebugSymbolsProduced)'=='true' and '$(SkipCopyingSymbolsToOutputDirectory)' != 'true' and '$(CopyOutputSymbolsToOutputDirectory)'=='true')计算为('false'=='true' and '' != 'true' and 'true'=='true')。
       由于 false 条件，已跳过任务“Copy”；('$(_DocumentationFileProduced)'=='true')计算为('false'=='true')。
       由于 false 条件，已跳过任务“Copy”；('@(IntermediateSatelliteAssembliesWithTargetPath)' != '')计算为('' != '')。
       由于 false 条件，已跳过任务“Copy”；('@(ReferenceComWrappersToCopyLocal)' != '' or '@(ResolvedIsolatedComModules)' != '' or '@(_DeploymentLooseManifestFile)' != '' or '@(NativeReferenceFile)' != '' )计算为('' != '' or '' != '' or '' != '' or '' != '' )。
       由于 false 条件，已跳过任务“Copy”；('$(SkipCopyWinMDArtifact)' != 'true' and '@(WinMDExpArtifacts)' != '')计算为('' != 'true' and '' != '')。
       由于 false 条件，已跳过任务“Message”；('$(SkipCopyWinMDArtifact)' != 'true' and '$(_WindowsMetadataOutputPath)' != '')计算为('' != 'true' and '' != '')。
     1>已完成在项目“LedSdkDemo.vcxproj”中生成目标“CopyFilesToOutputDirectory”的操作。
       由于条件的计算结果为 false，已跳过目标“CustomBuildStep”；('@(CustomBuildStep)' != '' and '$(SelectedFiles)'=='')的计算结果为('' != '' and ''=='')。
     1>来自项目“K:\onbongit\bx.dual\bx.dual.demo.cplus\bx.dual.demo.cplus\demo_source\project\LedSdkDemo.vcxproj”的文件“C:\Program Files (x86)\MSBuild\Microsoft.Cpp\v4.0\Microsoft.CppCommon.targets”中的目标“PostBuildEvent”(目标“BuildLink”依赖于它):
       由于 false 条件，已跳过任务“Message”；('%(PostBuildEvent.Message)' != '' and '%(PostBuildEvent.Command)' != '')计算为('' != '' and '' != '')。
       由于 false 条件，已跳过任务“Exec”；('%(PostBuildEvent.Command)' != '')计算为('' != '')。
     1>已完成在项目“LedSdkDemo.vcxproj”中生成目标“PostBuildEvent”的操作。
     1>来自项目“K:\onbongit\bx.dual\bx.dual.demo.cplus\bx.dual.demo.cplus\demo_source\project\LedSdkDemo.vcxproj”的文件“C:\Program Files (x86)\MSBuild\14.0\bin\Microsoft.Common.CurrentVersion.targets”中的目标“BuildLink”(目标“Build”依赖于它):
     1>已完成在项目“LedSdkDemo.vcxproj”中生成目标“BuildLink”的操作。
       由于条件的计算结果为 false，已跳过目标“CreateTfsBuildInfoResource”；( $(AddBuildInfoToAssembly)==true )的计算结果为( false==true )。
     1>来自项目“K:\onbongit\bx.dual\bx.dual.demo.cplus\bx.dual.demo.cplus\demo_source\project\LedSdkDemo.vcxproj”的文件“C:\Program Files (x86)\MSBuild\Microsoft.Cpp\v4.0\Microsoft.BuildSteps.Targets”中的目标“AfterBuild”(目标“Build”依赖于它):
     1>已完成在项目“LedSdkDemo.vcxproj”中生成目标“AfterBuild”的操作。
     1>来自项目“K:\onbongit\bx.dual\bx.dual.demo.cplus\bx.dual.demo.cplus\demo_source\project\LedSdkDemo.vcxproj”的文件“C:\Program Files (x86)\MSBuild\Microsoft.Cpp\v4.0\Microsoft.CppBuild.targets”中的目标“FinalizeBuildStatus”(目标“Build”依赖于它):
       任务“Delete”
         正在删除文件“x64\Release32MT\bxdualsdkdemo.unsuccessfulbuild”。
       已完成执行任务“Delete”的操作。
       任务“Touch”
         正在对“x64\Release32MT\bxdualsdkdemo.lastbuildstate”执行 Touch 任务。
       已完成执行任务“Touch”的操作。
     1>已完成在项目“LedSdkDemo.vcxproj”中生成目标“FinalizeBuildStatus”的操作。
     1>来自项目“K:\onbongit\bx.dual\bx.dual.demo.cplus\bx.dual.demo.cplus\demo_source\project\LedSdkDemo.vcxproj”的文件“C:\Program Files (x86)\MSBuild\Microsoft.Cpp\v4.0\Microsoft.BuildSteps.Targets”中的目标“Build”(目标“Rebuild”依赖于它):
     1>已完成在项目“LedSdkDemo.vcxproj”中生成目标“Build”的操作。
     1>来自项目“K:\onbongit\bx.dual\bx.dual.demo.cplus\bx.dual.demo.cplus\demo_source\project\LedSdkDemo.vcxproj”的文件“C:\Program Files (x86)\MSBuild\14.0\bin\Microsoft.Common.CurrentVersion.targets”中的目标“AfterRebuild”(目标“Rebuild”依赖于它):
     1>已完成在项目“LedSdkDemo.vcxproj”中生成目标“AfterRebuild”的操作。
     1>来自项目“K:\onbongit\bx.dual\bx.dual.demo.cplus\bx.dual.demo.cplus\demo_source\project\LedSdkDemo.vcxproj”的文件“C:\Program Files (x86)\MSBuild\Microsoft.Cpp\v4.0\Microsoft.BuildSteps.Targets”中的目标“Rebuild”(入口点):
     1>已完成在项目“LedSdkDemo.vcxproj”中生成目标“Rebuild”的操作。
     1>已完成生成项目“K:\onbongit\bx.dual\bx.dual.demo.cplus\bx.dual.demo.cplus\demo_source\project\LedSdkDemo.vcxproj”(Rebuild 个目标)的操作。

已成功生成。

已用时间 00:00:01.83
